#
# There is insufficient memory for the Java Runtime Environment to continue.
# Native memory allocation (mmap) failed to map 752877568 bytes for G1 virtual space
# Possible reasons:
#   The system is out of physical RAM or swap space
#   The process is running with CompressedOops enabled, and the Java Heap may be blocking the growth of the native heap
# Possible solutions:
#   Reduce memory load on the system
#   Increase physical memory or swap space
#   Check if swap backing store is full
#   Decrease Java heap size (-Xmx/-Xms)
#   Decrease number of Java threads
#   Decrease Java thread stack sizes (-Xss)
#   Set larger code cache with -XX:ReservedCodeCacheSize=
#   JVM is running with Zero Based Compressed Oops mode in which the Java heap is
#     placed in the first 32GB address space. The Java Heap base address is the
#     maximum limit for the native heap growth. Please use -XX:HeapBaseMinAddress
#     to set the Java Heap base and to place the Java Heap above 32GB virtual address.
# This output file may be truncated or incomplete.
#
#  Out of Memory Error (os_windows.cpp:3600), pid=28248, tid=21252
#
# JRE version: OpenJDK Runtime Environment (21.0.1+12) (build 21.0.1+12-29)
# Java VM: OpenJDK 64-Bit Server VM (21.0.1+12-29, mixed mode, sharing, tiered, compressed oops, compressed class ptrs, g1 gc, windows-amd64)
# No core dump will be written. Minidumps are not enabled by default on client versions of Windows
#

---------------  S U M M A R Y ------------

Command Line: -Djava.security.manager=allow -XX:+IgnoreUnrecognizedVMOptions -Xms128m -Xmx2048m -Dsun.io.useCanonCaches=false -Dsun.java2d.metal=true -Djbr.catch.SIGABRT=true -Djdk.http.auth.tunneling.disabledSchemes="" -Djdk.attach.allowAttachSelf=true -Djdk.module.illegalAccess.silent=true -Dkotlinx.coroutines.debug=off -Xmx4096m -Djna.boot.library.path=C:\Program Files\JetBrains\IntelliJ IDEA 2023.3.4/lib/jna/amd64 -Dpty4j.preferred.native.folder=C:\Program Files\JetBrains\IntelliJ IDEA 2023.3.4/lib/pty4j -Djna.nosys=true -Djna.noclasspath=true -Dintellij.platform.runtime.repository.path=C:\Program Files\JetBrains\IntelliJ IDEA 2023.3.4/modules/module-descriptors.jar -Dsplash=true -Daether.connector.resumeDownloads=false -Dide.native.launcher=true -Djcef.sandbox.ptr=000001BB1D33FCE0 -ea -javaagent:C:\Users\bolly\AppData\Roaming\JetBrains\IntelliJIdea2023.3\plugins\diffblue-cover-ij\lib\launcher-2024.08.01-shared-jar.jar -Dlogback.configurationFile=C:\Users\bolly\AppData\Local\Temp\diffblue\config\logback-remote-service.xml -Dcom.diffblue.springIsolationJar=C:\Users\bolly\AppData\Roaming\JetBrains\IntelliJIdea2023.3\plugins\diffblue-cover-ij\META-INF\cover-isolation-layer-2024.08.01.jar -Dcover.jar.path=C:\Users\bolly\AppData\Roaming\JetBrains\IntelliJIdea2023.3\plugins\diffblue-cover-ij\META-INF\cover-service-analyzer-2024.08.01.jar -Dcom.diffblue.assertionSuggestionJar=C:\Users\bolly\AppData\Roaming\JetBrains\IntelliJIdea2023.3\plugins\diffblue-cover-ij\META-INF\cover-service-analyzer-2024.08.01.jar -Dcover.main.class=com.diffblue.cover.service.analyzer.Main C:\Users\bolly\AppData\Roaming\JetBrains\IntelliJIdea2023.3\plugins\diffblue-cover-ij\lib\launcher-2024.08.01-shared-jar.jar --service-lifespan 1800 --monitoring-service-port 62973 --debug-log

Host: 11th Gen Intel(R) Core(TM) i3-1115G4 @ 3.00GHz, 4 cores, 7G,  Windows 11 , 64 bit Build 22621 (10.0.22621.3958)
Time: Tue Aug 27 11:18:11 2024 Paris, Madrid (heure duild 22621 (10.0.22621.3958) elapsed time: 64.992484 seconds (0d 0h 1m 4s)

---------------  T H R E A D  ---------------

Current thread (0x0000022aff421c70):  VMThread "VM Thread"          [id=21252, stack(0x0000003436f00000,0x0000003437000000) (1024K)]

Stack: [0x0000003436f00000,0x0000003437000000]
Native frames: (J=compiled Java code, j=interpreted, Vv=VM code, C=native code)
V  [jvm.dll+0x6c9029]
V  [jvm.dll+0x854b81]
V  [jvm.dll+0x856e5e]
V  [jvm.dll+0x857543]
V  [jvm.dll+0x280c06]
V  [jvm.dll+0x6c5715]
V  [jvm.dll+0x6ba10a]
V  [jvm.dll+0x3557ea]
V  [jvm.dll+0x35d436]
V  [jvm.dll+0x3ae1be]
V  [jvm.dll+0x3ae468]
V  [jvm.dll+0x3291fc]
V  [jvm.dll+0x329287]
V  [jvm.dll+0x36db3c]
V  [jvm.dll+0x36c33d]
V  [jvm.dll+0x328971]
V  [jvm.dll+0x36ba4a]
V  [jvm.dll+0x85d048]
V  [jvm.dll+0x85e144]
V  [jvm.dll+0x85e680]
V  [jvm.dll+0x85e923]
V  [jvm.dll+0x7fd728]
V  [jvm.dll+0x6c777d]
C  [ucrtbase.dll+0x29333]
C  [KERNEL32.DLL+0x1257d]
C  [ntdll.dll+0x5af28]

VM_Operation (0x0000003438cfee30): G1CollectForAllocation, mode: safepoint, requested by thread 0x0000022ade4e99c0


---------------  P R O C E S S  ---------------

Threads class SMR info:
_java_thread_list=0x0000022adf3f0280, length=31, elements={
0x0000022af3ac5060, 0x0000022aff4411f0, 0x0000022aff442000, 0x0000022aff442d50,
0x0000022aff445dc0, 0x0000022aff447920, 0x0000022aff448470, 0x0000022aff44a210,
0x0000022aff4b9710, 0x0000022aff65d2a0, 0x0000022aff7cee10, 0x0000022ada1b6ae0,
0x0000022ada5d1160, 0x0000022aff9b4210, 0x0000022ada03f0b0, 0x0000022adad60820,
0x0000022ada4ff390, 0x0000022aff794d50, 0x0000022adaa6b000, 0x0000022adaa695c0,
0x0000022adaa69c50, 0x0000022adaa688a0, 0x0000022adaa6a970, 0x0000022adaa68f30,
0x0000022adaa6a2e0, 0x0000022ade4e3de0, 0x0000022ade4e99c0, 0x0000022ade4e5eb0,
0x0000022ade4e9330, 0x0000022ade4e5820, 0x0000022aff99d7f0
}

Java Threads: ( => current thread )
  0x0000022af3ac5060 JavaThread "main"                              [_thread_blocked, id=5220, stack(0x0000003436800000,0x0000003436900000) (1024K)]
  0x0000022aff4411f0 JavaThread "Reference Handler"          daemon [_thread_blocked, id=21412, stack(0x0000003437000000,0x0000003437100000) (1024K)]
  0x0000022aff442000 JavaThread "Finalizer"                  daemon [_thread_blocked, id=25868, stack(0x0000003437100000,0x0000003437200000) (1024K)]
  0x0000022aff442d50 JavaThread "Signal Dispatcher"          daemon [_thread_blocked, id=20808, stack(0x0000003437200000,0x0000003437300000) (1024K)]
  0x0000022aff445dc0 JavaThread "Attach Listener"            daemon [_thread_blocked, id=8996, stack(0x0000003437300000,0x0000003437400000) (1024K)]
  0x0000022aff447920 JavaThread "Service Thread"             daemon [_thread_blocked, id=2180, stack(0x0000003437400000,0x0000003437500000) (1024K)]
  0x0000022aff448470 JavaThread "Monitor Deflation Thread"   daemon [_thread_blocked, id=8128, stack(0x0000003437500000,0x0000003437600000) (1024K)]
  0x0000022aff44a210 JavaThread "C2 CompilerThread0"         daemon [_thread_blocked, id=5136, stack(0x0000003437600000,0x0000003437700000) (1024K)]
  0x0000022aff4b9710 JavaThread "C1 CompilerThread0"         daemon [_thread_blocked, id=8232, stack(0x0000003437700000,0x0000003437800000) (1024K)]
  0x0000022aff65d2a0 JavaThread "Common-Cleaner"             daemon [_thread_blocked, id=23228, stack(0x0000003437800000,0x0000003437900000) (1024K)]
  0x0000022aff7cee10 JavaThread "Notification Thread"        daemon [_thread_blocked, id=10292, stack(0x0000003437900000,0x0000003437a00000) (1024K)]
  0x0000022ada1b6ae0 JavaThread "Service log dispatcher"            [_thread_blocked, id=20920, stack(0x0000003437d00000,0x0000003437e00000) (1024K)]
  0x0000022ada5d1160 JavaThread "grpc-nio-worker-ELG-1-1"    daemon [_thread_in_native, id=28636, stack(0x0000003437e00000,0x0000003437f00000) (1024K)]
  0x0000022aff9b4210 JavaThread "grpc-nio-worker-ELG-1-2"    daemon [_thread_in_native, id=20176, stack(0x0000003437f00000,0x0000003438000000) (1024K)]
  0x0000022ada03f0b0 JavaThread "grpc-default-executor-0"    daemon [_thread_blocked, id=2868, stack(0x0000003438100000,0x0000003438200000) (1024K)]
  0x0000022adad60820 JavaThread "grpc-default-executor-1"    daemon [_thread_blocked, id=19496, stack(0x0000003438200000,0x0000003438300000) (1024K)]
  0x0000022ada4ff390 JavaThread "grpc-nio-boss-ELG-3-1"      daemon [_thread_in_native, id=16380, stack(0x0000003436600000,0x0000003436700000) (1024K)]
  0x0000022aff794d50 JavaThread "Thread-1"                          [_thread_blocked, id=18124, stack(0x0000003438300000,0x0000003438400000) (1024K)]
  0x0000022adaa6b000 JavaThread "grpc-nio-worker-ELG-1-3"    daemon [_thread_in_native, id=23972, stack(0x0000003438400000,0x0000003438500000) (1024K)]
  0x0000022adaa695c0 JavaThread "grpc-default-executor-2"    daemon [_thread_blocked, id=27100, stack(0x0000003438500000,0x0000003438600000) (1024K)]
  0x0000022adaa69c50 JavaThread "grpc-default-executor-3"    daemon [_thread_blocked, id=25332, stack(0x0000003438600000,0x0000003438700000) (1024K)]
  0x0000022adaa688a0 JavaThread "Timer-2"                           [_thread_blocked, id=1668, stack(0x0000003438700000,0x0000003438800000) (1024K)]
  0x0000022adaa6a970 JavaThread "ClassGraph-worker-0"        daemon [_thread_blocked, id=1588, stack(0x0000003438800000,0x0000003438900000) (1024K)]
  0x0000022adaa68f30 JavaThread "ClassGraph-worker-1"        daemon [_thread_blocked, id=24608, stack(0x0000003438900000,0x0000003438a00000) (1024K)]
  0x0000022adaa6a2e0 JavaThread "ClassGraph-worker-2"        daemon [_thread_blocked, id=8360, stack(0x0000003438a00000,0x0000003438b00000) (1024K)]
  0x0000022ade4e3de0 JavaThread "ClassGraph-worker-3"        daemon [_thread_blocked, id=25192, stack(0x0000003438b00000,0x0000003438c00000) (1024K)]
  0x0000022ade4e99c0 JavaThread "ClassGraph-worker-4"        daemon [_thread_blocked, id=4376, stack(0x0000003438c00000,0x0000003438d00000) (1024K)]
  0x0000022ade4e5eb0 JavaThread "ClassGraph-worker-5"        daemon [_thread_blocked, id=17736, stack(0x0000003438d00000,0x0000003438e00000) (1024K)]
  0x0000022ade4e9330 JavaThread "ClassGraph-worker-6"        daemon [_thread_blocked, id=24048, stack(0x0000003438e00000,0x0000003438f00000) (1024K)]
  0x0000022ade4e5820 JavaThread "ClassGraph-worker-7"        daemon [_thread_blocked, id=9840, stack(0x0000003438f00000,0x0000003439000000) (1024K)]
  0x0000022aff99d7f0 JavaThread "C2 CompilerThread1"         daemon [_thread_blocked, id=13872, stack(0x0000003436500000,0x0000003436600000) (1024K)]
Total: 31

Other Threads:
=>0x0000022aff421c70 VMThread "VM Thread"                           [id=21252, stack(0x0000003436f00000,0x0000003437000000) (1024K)]
  0x0000022aff406bc0 WatcherThread "VM Periodic Task Thread"        [id=15912, stack(0x0000003436e00000,0x0000003436f00000) (1024K)]
  0x0000022af3c44650 WorkerThread "GC Thread#0"                     [id=16240, stack(0x0000003436900000,0x0000003436a00000) (1024K)]
  0x0000022aff7d5970 WorkerThread "GC Thread#1"                     [id=20460, stack(0x0000003437a00000,0x0000003437b00000) (1024K)]
  0x0000022aff7d5d10 WorkerThread "GC Thread#2"                     [id=22336, stack(0x0000003437b00000,0x0000003437c00000) (1024K)]
  0x0000022ada2185e0 WorkerThread "GC Thread#3"                     [id=21144, stack(0x0000003437c00000,0x0000003437d00000) (1024K)]
  0x0000022af3c554d0 ConcurrentGCThread "G1 Main Marker"            [id=25568, stack(0x0000003436a00000,0x0000003436b00000) (1024K)]
  0x0000022af3c56020 WorkerThread "G1 Conc#0"                       [id=20312, stack(0x0000003436b00000,0x0000003436c00000) (1024K)]
  0x0000022af3c98770 ConcurrentGCThread "G1 Refine#0"               [id=19560, stack(0x0000003436c00000,0x0000003436d00000) (1024K)]
  0x0000022aff2e0430 ConcurrentGCThread "G1 Service"                [id=4352, stack(0x0000003436d00000,0x0000003436e00000) (1024K)]
Total: 10

Threads with active compile tasks:
C2 CompilerThread0    65022 7657       4       io.github.classgraph.Classfile::scheduleScanningIfExternalClass (349 bytes)
C2 CompilerThread1    65022 7507       4       io.github.classgraph.ClassInfo::getSuperclass (96 bytes)
Total: 2

VM state: at safepoint (normal execution)

VM Mutex/Monitor currently owned by a thread:  ([mutex/lock_event])
[0x00007fff440ca5f8] Threads_lock - owner thread: 0x0000022aff421c70
[0x00007fff440ca6f8] Heap_lock - owner thread: 0x0000022ade4e99c0

Heap address: 0x0000000700000000, size: 4096 MB, Compressed Oops mode: Zero based, Oop shift amount: 3

CDS archive(s) mapped at: [0x0000022a95000000-0x0000022a95c90000-0x0000022a95c90000), size 13172736, SharedBaseAddress: 0x0000022a95000000, ArchiveRelocationMode: 1.
Compressed class space mapped at: 0x0000022a96000000-0x0000022ad6000000, reserved size: 1073741824
Narrow klass base: 0x0000022a95000000, Narrow klass shift: 0, Narrow klass range: 0x100000000

GC Precious Log:
 CardTable entry size: 512
 Card Set container configuration: InlinePtr #cards 4 size 8 Array Of Cards #cards 16 size 48 Howl #buckets 8 coarsen threshold 3686 Howl Bitmap #cards 512 size 80 coarsen threshold 460 Card regions per heap region 1 cards per card region 4096
 CPUs: 4 total, 4 available
 Memory: 7834M
 Large Page Support: Disabled
 NUMA Support: Disabled
 Compressed Oops: Enabled (Zero based)
 Heap Region Size: 2M
 Heap Min Capacity: 128M
 Heap Initial Capacity: 128M
 Heap Max Capacity: 4G
 Pre-touch: Disabled
 Parallel Workers: 4
 Concurrent Workers: 1
 Concurrent Refinement Workers: 4
 Periodic GC: Disabled

Heap:
 garbage-first heap   total 673792K, used 414720K [0x0000000700000000, 0x0000000800000000)
  region size 2048K, 11 young (22528K), 11 survivors (22528K)
 Metaspace       used 48740K, committed 49344K, reserved 1114112K
  class space    used 6084K, committed 6336K, reserved 1048576K

Heap Regions: E=young(eden), S=young(survivor), O=old, HS=humongous(starts), HC=humongous(continues), CS=collection set, F=free, TAMS=top-at-mark-start, PB=parsable bottom
|   0|0x0000000700000000, 0x0000000700200000, 0x0000000700200000|100%|HS|  |TAMS 0x0000000700200000| PB 0x0000000700000000| Complete 
|   1|0x0000000700200000, 0x0000000700400000, 0x0000000700400000|100%|HC|  |TAMS 0x0000000700400000| PB 0x0000000700200000| Complete 
|   2|0x0000000700400000, 0x0000000700600000, 0x0000000700600000|100%|HC|  |TAMS 0x0000000700600000| PB 0x0000000700400000| Complete 
|   3|0x0000000700600000, 0x0000000700800000, 0x0000000700800000|100%| O|  |TAMS 0x0000000700800000| PB 0x0000000700600000| Untracked 
|   4|0x0000000700800000, 0x0000000700a00000, 0x0000000700a00000|100%| O|  |TAMS 0x0000000700a00000| PB 0x0000000700800000| Untracked 
|   5|0x0000000700a00000, 0x0000000700c00000, 0x0000000700c00000|100%| O|  |TAMS 0x0000000700c00000| PB 0x0000000700a00000| Untracked 
|   6|0x0000000700c00000, 0x0000000700e00000, 0x0000000700e00000|100%| O|  |TAMS 0x0000000700e00000| PB 0x0000000700c00000| Untracked 
|   7|0x0000000700e00000, 0x0000000701000000, 0x0000000701000000|100%| O|  |TAMS 0x0000000701000000| PB 0x0000000700e00000| Untracked 
|   8|0x0000000701000000, 0x0000000701200000, 0x0000000701200000|100%| O|  |TAMS 0x0000000701200000| PB 0x0000000701000000| Untracked 
|   9|0x0000000701200000, 0x0000000701400000, 0x0000000701400000|100%| O|  |TAMS 0x0000000701400000| PB 0x0000000701200000| Untracked 
|  10|0x0000000701400000, 0x0000000701600000, 0x0000000701600000|100%| O|  |TAMS 0x0000000701600000| PB 0x0000000701400000| Untracked 
|  11|0x0000000701600000, 0x0000000701800000, 0x0000000701800000|100%| O|  |TAMS 0x0000000701800000| PB 0x0000000701600000| Untracked 
|  12|0x0000000701800000, 0x0000000701a00000, 0x0000000701a00000|100%| O|  |TAMS 0x0000000701a00000| PB 0x0000000701800000| Untracked 
|  13|0x0000000701a00000, 0x0000000701c00000, 0x0000000701c00000|100%| O|  |TAMS 0x0000000701c00000| PB 0x0000000701a00000| Untracked 
|  14|0x0000000701c00000, 0x0000000701e00000, 0x0000000701e00000|100%| O|  |TAMS 0x0000000701e00000| PB 0x0000000701c00000| Untracked 
|  15|0x0000000701e00000, 0x0000000702000000, 0x0000000702000000|100%| O|  |TAMS 0x0000000702000000| PB 0x0000000701e00000| Untracked 
|  16|0x0000000702000000, 0x0000000702200000, 0x0000000702200000|100%| O|  |TAMS 0x0000000702200000| PB 0x0000000702000000| Untracked 
|  17|0x0000000702200000, 0x0000000702400000, 0x0000000702400000|100%| O|  |TAMS 0x0000000702400000| PB 0x0000000702200000| Untracked 
|  18|0x0000000702400000, 0x0000000702600000, 0x0000000702600000|100%| O|  |TAMS 0x0000000702600000| PB 0x0000000702400000| Untracked 
|  19|0x0000000702600000, 0x0000000702800000, 0x0000000702800000|100%| O|  |TAMS 0x0000000702800000| PB 0x0000000702600000| Untracked 
|  20|0x0000000702800000, 0x0000000702a00000, 0x0000000702a00000|100%| O|  |TAMS 0x0000000702a00000| PB 0x0000000702800000| Untracked 
|  21|0x0000000702a00000, 0x0000000702c00000, 0x0000000702c00000|100%| O|  |TAMS 0x0000000702c00000| PB 0x0000000702a00000| Untracked 
|  22|0x0000000702c00000, 0x0000000702e00000, 0x0000000702e00000|100%| O|  |TAMS 0x0000000702e00000| PB 0x0000000702c00000| Untracked 
|  23|0x0000000702e00000, 0x0000000703000000, 0x0000000703000000|100%| O|  |TAMS 0x0000000703000000| PB 0x0000000702e00000| Untracked 
|  24|0x0000000703000000, 0x0000000703200000, 0x0000000703200000|100%| O|  |TAMS 0x0000000703200000| PB 0x0000000703000000| Untracked 
|  25|0x0000000703200000, 0x0000000703400000, 0x0000000703400000|100%| O|  |TAMS 0x0000000703400000| PB 0x0000000703200000| Untracked 
|  26|0x0000000703400000, 0x0000000703600000, 0x0000000703600000|100%| O|  |TAMS 0x0000000703600000| PB 0x0000000703400000| Untracked 
|  27|0x0000000703600000, 0x0000000703800000, 0x0000000703800000|100%| O|  |TAMS 0x0000000703800000| PB 0x0000000703600000| Untracked 
|  28|0x0000000703800000, 0x0000000703a00000, 0x0000000703a00000|100%| O|  |TAMS 0x0000000703a00000| PB 0x0000000703800000| Untracked 
|  29|0x0000000703a00000, 0x0000000703c00000, 0x0000000703c00000|100%| O|  |TAMS 0x0000000703c00000| PB 0x0000000703a00000| Untracked 
|  30|0x0000000703c00000, 0x0000000703e00000, 0x0000000703e00000|100%| O|  |TAMS 0x0000000703e00000| PB 0x0000000703c00000| Untracked 
|  31|0x0000000703e00000, 0x0000000704000000, 0x0000000704000000|100%| O|  |TAMS 0x0000000704000000| PB 0x0000000703e00000| Untracked 
|  32|0x0000000704000000, 0x0000000704200000, 0x0000000704200000|100%| O|  |TAMS 0x0000000704200000| PB 0x0000000704000000| Untracked 
|  33|0x0000000704200000, 0x0000000704400000, 0x0000000704400000|100%| O|  |TAMS 0x0000000704400000| PB 0x0000000704200000| Untracked 
|  34|0x0000000704400000, 0x0000000704600000, 0x0000000704600000|100%| O|  |TAMS 0x0000000704600000| PB 0x0000000704400000| Untracked 
|  35|0x0000000704600000, 0x0000000704800000, 0x0000000704800000|100%| O|  |TAMS 0x0000000704800000| PB 0x0000000704600000| Untracked 
|  36|0x0000000704800000, 0x0000000704a00000, 0x0000000704a00000|100%| O|  |TAMS 0x0000000704a00000| PB 0x0000000704800000| Untracked 
|  37|0x0000000704a00000, 0x0000000704c00000, 0x0000000704c00000|100%| O|  |TAMS 0x0000000704c00000| PB 0x0000000704a00000| Untracked 
|  38|0x0000000704c00000, 0x0000000704e00000, 0x0000000704e00000|100%| O|  |TAMS 0x0000000704e00000| PB 0x0000000704c00000| Untracked 
|  39|0x0000000704e00000, 0x0000000705000000, 0x0000000705000000|100%| O|  |TAMS 0x0000000705000000| PB 0x0000000704e00000| Untracked 
|  40|0x0000000705000000, 0x0000000705200000, 0x0000000705200000|100%| O|  |TAMS 0x0000000705200000| PB 0x0000000705000000| Untracked 
|  41|0x0000000705200000, 0x0000000705400000, 0x0000000705400000|100%| O|  |TAMS 0x0000000705400000| PB 0x0000000705200000| Untracked 
|  42|0x0000000705400000, 0x0000000705600000, 0x0000000705600000|100%| O|  |TAMS 0x0000000705600000| PB 0x0000000705400000| Untracked 
|  43|0x0000000705600000, 0x0000000705800000, 0x0000000705800000|100%| O|  |TAMS 0x0000000705800000| PB 0x0000000705600000| Untracked 
|  44|0x0000000705800000, 0x0000000705a00000, 0x0000000705a00000|100%| O|  |TAMS 0x0000000705a00000| PB 0x0000000705800000| Untracked 
|  45|0x0000000705a00000, 0x0000000705c00000, 0x0000000705c00000|100%| O|  |TAMS 0x0000000705c00000| PB 0x0000000705a00000| Untracked 
|  46|0x0000000705c00000, 0x0000000705e00000, 0x0000000705e00000|100%| O|  |TAMS 0x0000000705e00000| PB 0x0000000705c00000| Untracked 
|  47|0x0000000705e00000, 0x0000000706000000, 0x0000000706000000|100%| O|  |TAMS 0x0000000706000000| PB 0x0000000705e00000| Untracked 
|  48|0x0000000706000000, 0x0000000706200000, 0x0000000706200000|100%| O|  |TAMS 0x0000000706200000| PB 0x0000000706000000| Untracked 
|  49|0x0000000706200000, 0x0000000706400000, 0x0000000706400000|100%| O|  |TAMS 0x0000000706400000| PB 0x0000000706200000| Untracked 
|  50|0x0000000706400000, 0x0000000706600000, 0x0000000706600000|100%| O|  |TAMS 0x0000000706600000| PB 0x0000000706400000| Untracked 
|  51|0x0000000706600000, 0x0000000706800000, 0x0000000706800000|100%| O|  |TAMS 0x0000000706800000| PB 0x0000000706600000| Untracked 
|  52|0x0000000706800000, 0x0000000706a00000, 0x0000000706a00000|100%| O|  |TAMS 0x0000000706a00000| PB 0x0000000706800000| Untracked 
|  53|0x0000000706a00000, 0x0000000706c00000, 0x0000000706c00000|100%| O|  |TAMS 0x0000000706c00000| PB 0x0000000706a00000| Untracked 
|  54|0x0000000706c00000, 0x0000000706e00000, 0x0000000706e00000|100%| O|  |TAMS 0x0000000706e00000| PB 0x0000000706c00000| Untracked 
|  55|0x0000000706e00000, 0x0000000707000000, 0x0000000707000000|100%| O|  |TAMS 0x0000000707000000| PB 0x0000000706e00000| Untracked 
|  56|0x0000000707000000, 0x0000000707200000, 0x0000000707200000|100%| O|  |TAMS 0x0000000707200000| PB 0x0000000707000000| Untracked 
|  57|0x0000000707200000, 0x0000000707400000, 0x0000000707400000|100%| O|  |TAMS 0x0000000707400000| PB 0x0000000707200000| Untracked 
|  58|0x0000000707400000, 0x0000000707600000, 0x0000000707600000|100%| O|  |TAMS 0x0000000707600000| PB 0x0000000707400000| Untracked 
|  59|0x0000000707600000, 0x0000000707800000, 0x0000000707800000|100%| O|  |TAMS 0x0000000707800000| PB 0x0000000707600000| Untracked 
|  60|0x0000000707800000, 0x0000000707a00000, 0x0000000707a00000|100%| O|  |TAMS 0x0000000707a00000| PB 0x0000000707800000| Untracked 
|  61|0x0000000707a00000, 0x0000000707c00000, 0x0000000707c00000|100%| O|  |TAMS 0x0000000707c00000| PB 0x0000000707a00000| Untracked 
|  62|0x0000000707c00000, 0x0000000707e00000, 0x0000000707e00000|100%| O|  |TAMS 0x0000000707e00000| PB 0x0000000707c00000| Untracked 
|  63|0x0000000707e00000, 0x0000000708000000, 0x0000000708000000|100%| O|  |TAMS 0x0000000708000000| PB 0x0000000707e00000| Untracked 
|  64|0x0000000708000000, 0x0000000708200000, 0x0000000708200000|100%| O|  |TAMS 0x0000000708200000| PB 0x0000000708000000| Untracked 
|  65|0x0000000708200000, 0x0000000708400000, 0x0000000708400000|100%| O|  |TAMS 0x0000000708400000| PB 0x0000000708200000| Untracked 
|  66|0x0000000708400000, 0x0000000708600000, 0x0000000708600000|100%| O|  |TAMS 0x0000000708600000| PB 0x0000000708400000| Untracked 
|  67|0x0000000708600000, 0x0000000708800000, 0x0000000708800000|100%| O|  |TAMS 0x0000000708800000| PB 0x0000000708600000| Untracked 
|  68|0x0000000708800000, 0x0000000708a00000, 0x0000000708a00000|100%| O|  |TAMS 0x0000000708a00000| PB 0x0000000708800000| Untracked 
|  69|0x0000000708a00000, 0x0000000708c00000, 0x0000000708c00000|100%| O|  |TAMS 0x0000000708c00000| PB 0x0000000708a00000| Untracked 
|  70|0x0000000708c00000, 0x0000000708e00000, 0x0000000708e00000|100%| O|  |TAMS 0x0000000708e00000| PB 0x0000000708c00000| Untracked 
|  71|0x0000000708e00000, 0x0000000709000000, 0x0000000709000000|100%| O|  |TAMS 0x0000000709000000| PB 0x0000000708e00000| Untracked 
|  72|0x0000000709000000, 0x0000000709200000, 0x0000000709200000|100%| O|  |TAMS 0x0000000709200000| PB 0x0000000709000000| Untracked 
|  73|0x0000000709200000, 0x0000000709400000, 0x0000000709400000|100%| O|  |TAMS 0x0000000709400000| PB 0x0000000709200000| Untracked 
|  74|0x0000000709400000, 0x0000000709600000, 0x0000000709600000|100%| O|  |TAMS 0x0000000709600000| PB 0x0000000709400000| Untracked 
|  75|0x0000000709600000, 0x0000000709800000, 0x0000000709800000|100%| O|  |TAMS 0x0000000709800000| PB 0x0000000709600000| Untracked 
|  76|0x0000000709800000, 0x0000000709a00000, 0x0000000709a00000|100%| O|  |TAMS 0x0000000709a00000| PB 0x0000000709800000| Untracked 
|  77|0x0000000709a00000, 0x0000000709c00000, 0x0000000709c00000|100%| O|  |TAMS 0x0000000709c00000| PB 0x0000000709a00000| Untracked 
|  78|0x0000000709c00000, 0x0000000709e00000, 0x0000000709e00000|100%| O|  |TAMS 0x0000000709e00000| PB 0x0000000709c00000| Untracked 
|  79|0x0000000709e00000, 0x000000070a000000, 0x000000070a000000|100%| O|  |TAMS 0x000000070a000000| PB 0x0000000709e00000| Untracked 
|  80|0x000000070a000000, 0x000000070a200000, 0x000000070a200000|100%| O|  |TAMS 0x000000070a200000| PB 0x000000070a000000| Untracked 
|  81|0x000000070a200000, 0x000000070a400000, 0x000000070a400000|100%| O|  |TAMS 0x000000070a400000| PB 0x000000070a200000| Untracked 
|  82|0x000000070a400000, 0x000000070a600000, 0x000000070a600000|100%| O|  |TAMS 0x000000070a400000| PB 0x000000070a400000| Untracked 
|  83|0x000000070a600000, 0x000000070a800000, 0x000000070a800000|100%| O|  |TAMS 0x000000070a600000| PB 0x000000070a600000| Untracked 
|  84|0x000000070a800000, 0x000000070aa00000, 0x000000070aa00000|100%| O|  |TAMS 0x000000070a800000| PB 0x000000070a800000| Untracked 
|  85|0x000000070aa00000, 0x000000070ac00000, 0x000000070ac00000|100%| O|  |TAMS 0x000000070ac00000| PB 0x000000070aa00000| Untracked 
|  86|0x000000070ac00000, 0x000000070ae00000, 0x000000070ae00000|100%| O|  |TAMS 0x000000070ae00000| PB 0x000000070ac00000| Untracked 
|  87|0x000000070ae00000, 0x000000070b000000, 0x000000070b000000|100%| O|  |TAMS 0x000000070ae00000| PB 0x000000070ae00000| Untracked 
|  88|0x000000070b000000, 0x000000070b200000, 0x000000070b200000|100%| O|  |TAMS 0x000000070b000000| PB 0x000000070b000000| Untracked 
|  89|0x000000070b200000, 0x000000070b400000, 0x000000070b400000|100%| O|  |TAMS 0x000000070b200000| PB 0x000000070b200000| Untracked 
|  90|0x000000070b400000, 0x000000070b600000, 0x000000070b600000|100%| O|  |TAMS 0x000000070b400000| PB 0x000000070b400000| Untracked 
|  91|0x000000070b600000, 0x000000070b800000, 0x000000070b800000|100%| O|  |TAMS 0x000000070b800000| PB 0x000000070b600000| Untracked 
|  92|0x000000070b800000, 0x000000070ba00000, 0x000000070ba00000|100%| O|  |TAMS 0x000000070ba00000| PB 0x000000070b800000| Untracked 
|  93|0x000000070ba00000, 0x000000070bc00000, 0x000000070bc00000|100%| O|  |TAMS 0x000000070bc00000| PB 0x000000070ba00000| Untracked 
|  94|0x000000070bc00000, 0x000000070be00000, 0x000000070be00000|100%| O|  |TAMS 0x000000070bc00000| PB 0x000000070bc00000| Untracked 
|  95|0x000000070be00000, 0x000000070c000000, 0x000000070c000000|100%| O|  |TAMS 0x000000070be00000| PB 0x000000070be00000| Untracked 
|  96|0x000000070c000000, 0x000000070c000000, 0x000000070c200000|  0%| F|  |TAMS 0x000000070c000000| PB 0x000000070c000000| Untracked 
|  97|0x000000070c200000, 0x000000070c200000, 0x000000070c400000|  0%| F|  |TAMS 0x000000070c200000| PB 0x000000070c200000| Untracked 
|  98|0x000000070c400000, 0x000000070c400000, 0x000000070c600000|  0%| F|  |TAMS 0x000000070c400000| PB 0x000000070c400000| Untracked 
|  99|0x000000070c600000, 0x000000070c800000, 0x000000070c800000|100%| O|  |TAMS 0x000000070c800000| PB 0x000000070c600000| Untracked 
| 100|0x000000070c800000, 0x000000070ca00000, 0x000000070ca00000|100%| O|  |TAMS 0x000000070ca00000| PB 0x000000070c800000| Untracked 
| 101|0x000000070ca00000, 0x000000070cc00000, 0x000000070cc00000|100%| O|  |TAMS 0x000000070cc00000| PB 0x000000070ca00000| Untracked 
| 102|0x000000070cc00000, 0x000000070ce00000, 0x000000070ce00000|100%| O|  |TAMS 0x000000070ce00000| PB 0x000000070cc00000| Untracked 
| 103|0x000000070ce00000, 0x000000070d000000, 0x000000070d000000|100%| O|  |TAMS 0x000000070d000000| PB 0x000000070ce00000| Untracked 
| 104|0x000000070d000000, 0x000000070d200000, 0x000000070d200000|100%| O|  |TAMS 0x000000070d200000| PB 0x000000070d000000| Untracked 
| 105|0x000000070d200000, 0x000000070d400000, 0x000000070d400000|100%| O|  |TAMS 0x000000070d400000| PB 0x000000070d200000| Untracked 
| 106|0x000000070d400000, 0x000000070d400000, 0x000000070d600000|  0%| F|  |TAMS 0x000000070d400000| PB 0x000000070d400000| Untracked 
| 107|0x000000070d600000, 0x000000070d800000, 0x000000070d800000|100%| O|  |TAMS 0x000000070d800000| PB 0x000000070d600000| Untracked 
| 108|0x000000070d800000, 0x000000070da00000, 0x000000070da00000|100%| O|  |TAMS 0x000000070da00000| PB 0x000000070d800000| Untracked 
| 109|0x000000070da00000, 0x000000070dc00000, 0x000000070dc00000|100%| O|  |TAMS 0x000000070dc00000| PB 0x000000070da00000| Untracked 
| 110|0x000000070dc00000, 0x000000070de00000, 0x000000070de00000|100%| O|  |TAMS 0x000000070de00000| PB 0x000000070dc00000| Untracked 
| 111|0x000000070de00000, 0x000000070e000000, 0x000000070e000000|100%| O|  |TAMS 0x000000070e000000| PB 0x000000070de00000| Untracked 
| 112|0x000000070e000000, 0x000000070e200000, 0x000000070e200000|100%| O|  |TAMS 0x000000070e200000| PB 0x000000070e000000| Untracked 
| 113|0x000000070e200000, 0x000000070e400000, 0x000000070e400000|100%| O|  |TAMS 0x000000070e400000| PB 0x000000070e200000| Untracked 
| 114|0x000000070e400000, 0x000000070e600000, 0x000000070e600000|100%| O|  |TAMS 0x000000070e600000| PB 0x000000070e400000| Untracked 
| 115|0x000000070e600000, 0x000000070e800000, 0x000000070e800000|100%|HS|  |TAMS 0x000000070e800000| PB 0x000000070e600000| Complete 
| 116|0x000000070e800000, 0x000000070ea00000, 0x000000070ea00000|100%|HC|  |TAMS 0x000000070ea00000| PB 0x000000070e800000| Complete 
| 117|0x000000070ea00000, 0x000000070ec00000, 0x000000070ec00000|100%| O|  |TAMS 0x000000070ec00000| PB 0x000000070ea00000| Untracked 
| 118|0x000000070ec00000, 0x000000070ee00000, 0x000000070ee00000|100%| O|  |TAMS 0x000000070ee00000| PB 0x000000070ec00000| Untracked 
| 119|0x000000070ee00000, 0x000000070f000000, 0x000000070f000000|100%| O|  |TAMS 0x000000070f000000| PB 0x000000070ee00000| Untracked 
| 120|0x000000070f000000, 0x000000070f200000, 0x000000070f200000|100%| O|  |TAMS 0x000000070f200000| PB 0x000000070f000000| Untracked 
| 121|0x000000070f200000, 0x000000070f400000, 0x000000070f400000|100%| O|  |TAMS 0x000000070f400000| PB 0x000000070f200000| Untracked 
| 122|0x000000070f400000, 0x000000070f600000, 0x000000070f600000|100%| O|  |TAMS 0x000000070f600000| PB 0x000000070f400000| Untracked 
| 123|0x000000070f600000, 0x000000070f800000, 0x000000070f800000|100%| O|  |TAMS 0x000000070f800000| PB 0x000000070f600000| Untracked 
| 124|0x000000070f800000, 0x000000070fa00000, 0x000000070fa00000|100%| O|  |TAMS 0x000000070fa00000| PB 0x000000070f800000| Untracked 
| 125|0x000000070fa00000, 0x000000070fc00000, 0x000000070fc00000|100%| O|  |TAMS 0x000000070fc00000| PB 0x000000070fa00000| Untracked 
| 126|0x000000070fc00000, 0x000000070fe00000, 0x000000070fe00000|100%| O|  |TAMS 0x000000070fe00000| PB 0x000000070fc00000| Untracked 
| 127|0x000000070fe00000, 0x0000000710000000, 0x0000000710000000|100%| O|  |TAMS 0x0000000710000000| PB 0x000000070fe00000| Untracked 
| 128|0x0000000710000000, 0x0000000710200000, 0x0000000710200000|100%| O|  |TAMS 0x0000000710200000| PB 0x0000000710000000| Untracked 
| 129|0x0000000710200000, 0x0000000710400000, 0x0000000710400000|100%| O|  |TAMS 0x0000000710400000| PB 0x0000000710200000| Untracked 
| 130|0x0000000710400000, 0x0000000710600000, 0x0000000710600000|100%| O|  |TAMS 0x0000000710600000| PB 0x0000000710400000| Untracked 
| 131|0x0000000710600000, 0x0000000710800000, 0x0000000710800000|100%| O|  |TAMS 0x0000000710800000| PB 0x0000000710600000| Untracked 
| 132|0x0000000710800000, 0x0000000710a00000, 0x0000000710a00000|100%| O|  |TAMS 0x0000000710a00000| PB 0x0000000710800000| Untracked 
| 133|0x0000000710a00000, 0x0000000710c00000, 0x0000000710c00000|100%| O|  |TAMS 0x0000000710c00000| PB 0x0000000710a00000| Untracked 
| 134|0x0000000710c00000, 0x0000000710e00000, 0x0000000710e00000|100%| O|  |TAMS 0x0000000710e00000| PB 0x0000000710c00000| Untracked 
| 135|0x0000000710e00000, 0x0000000711000000, 0x0000000711000000|100%| O|  |TAMS 0x0000000711000000| PB 0x0000000710e00000| Untracked 
| 136|0x0000000711000000, 0x0000000711200000, 0x0000000711200000|100%| O|  |TAMS 0x0000000711200000| PB 0x0000000711000000| Untracked 
| 137|0x0000000711200000, 0x0000000711400000, 0x0000000711400000|100%| O|  |TAMS 0x0000000711400000| PB 0x0000000711200000| Untracked 
| 138|0x0000000711400000, 0x0000000711600000, 0x0000000711600000|100%| O|  |TAMS 0x0000000711600000| PB 0x0000000711400000| Untracked 
| 139|0x0000000711600000, 0x0000000711800000, 0x0000000711800000|100%| O|  |TAMS 0x0000000711800000| PB 0x0000000711600000| Untracked 
| 140|0x0000000711800000, 0x0000000711a00000, 0x0000000711a00000|100%| O|  |TAMS 0x0000000711a00000| PB 0x0000000711800000| Untracked 
| 141|0x0000000711a00000, 0x0000000711c00000, 0x0000000711c00000|100%| O|  |TAMS 0x0000000711c00000| PB 0x0000000711a00000| Untracked 
| 142|0x0000000711c00000, 0x0000000711e00000, 0x0000000711e00000|100%| O|  |TAMS 0x0000000711e00000| PB 0x0000000711c00000| Untracked 
| 143|0x0000000711e00000, 0x0000000712000000, 0x0000000712000000|100%| O|  |TAMS 0x0000000712000000| PB 0x0000000711e00000| Untracked 
| 144|0x0000000712000000, 0x0000000712200000, 0x0000000712200000|100%| O|  |TAMS 0x0000000712200000| PB 0x0000000712000000| Untracked 
| 145|0x0000000712200000, 0x0000000712400000, 0x0000000712400000|100%| O|  |TAMS 0x0000000712400000| PB 0x0000000712200000| Untracked 
| 146|0x0000000712400000, 0x0000000712600000, 0x0000000712600000|100%| O|  |TAMS 0x0000000712600000| PB 0x0000000712400000| Untracked 
| 147|0x0000000712600000, 0x0000000712800000, 0x0000000712800000|100%| O|  |TAMS 0x0000000712800000| PB 0x0000000712600000| Untracked 
| 148|0x0000000712800000, 0x0000000712a00000, 0x0000000712a00000|100%| O|  |TAMS 0x0000000712a00000| PB 0x0000000712800000| Untracked 
| 149|0x0000000712a00000, 0x0000000712c00000, 0x0000000712c00000|100%| O|  |TAMS 0x0000000712c00000| PB 0x0000000712a00000| Untracked 
| 150|0x0000000712c00000, 0x0000000712e00000, 0x0000000712e00000|100%| O|  |TAMS 0x0000000712e00000| PB 0x0000000712c00000| Untracked 
| 151|0x0000000712e00000, 0x0000000713000000, 0x0000000713000000|100%| O|  |TAMS 0x0000000713000000| PB 0x0000000712e00000| Untracked 
| 152|0x0000000713000000, 0x0000000713200000, 0x0000000713200000|100%| O|  |TAMS 0x0000000713200000| PB 0x0000000713000000| Untracked 
| 153|0x0000000713200000, 0x0000000713400000, 0x0000000713400000|100%| O|  |TAMS 0x0000000713400000| PB 0x0000000713200000| Untracked 
| 154|0x0000000713400000, 0x0000000713600000, 0x0000000713600000|100%| O|  |TAMS 0x0000000713600000| PB 0x0000000713400000| Untracked 
| 155|0x0000000713600000, 0x0000000713800000, 0x0000000713800000|100%| O|  |TAMS 0x0000000713800000| PB 0x0000000713600000| Untracked 
| 156|0x0000000713800000, 0x0000000713a00000, 0x0000000713a00000|100%| O|  |TAMS 0x0000000713a00000| PB 0x0000000713800000| Untracked 
| 157|0x0000000713a00000, 0x0000000713c00000, 0x0000000713c00000|100%| O|  |TAMS 0x0000000713c00000| PB 0x0000000713a00000| Untracked 
| 158|0x0000000713c00000, 0x0000000713e00000, 0x0000000713e00000|100%| O|  |TAMS 0x0000000713e00000| PB 0x0000000713c00000| Untracked 
| 159|0x0000000713e00000, 0x0000000714000000, 0x0000000714000000|100%| O|  |TAMS 0x0000000714000000| PB 0x0000000713e00000| Untracked 
| 160|0x0000000714000000, 0x0000000714200000, 0x0000000714200000|100%| O|  |TAMS 0x0000000714200000| PB 0x0000000714000000| Untracked 
| 161|0x0000000714200000, 0x0000000714400000, 0x0000000714400000|100%| O|  |TAMS 0x0000000714400000| PB 0x0000000714200000| Untracked 
| 162|0x0000000714400000, 0x0000000714600000, 0x0000000714600000|100%| O|  |TAMS 0x0000000714600000| PB 0x0000000714400000| Untracked 
| 163|0x0000000714600000, 0x0000000714800000, 0x0000000714800000|100%| O|  |TAMS 0x0000000714800000| PB 0x0000000714600000| Untracked 
| 164|0x0000000714800000, 0x0000000714a00000, 0x0000000714a00000|100%| O|  |TAMS 0x0000000714a00000| PB 0x0000000714800000| Untracked 
| 165|0x0000000714a00000, 0x0000000714c00000, 0x0000000714c00000|100%| O|  |TAMS 0x0000000714c00000| PB 0x0000000714a00000| Untracked 
| 166|0x0000000714c00000, 0x0000000714e00000, 0x0000000714e00000|100%| O|  |TAMS 0x0000000714e00000| PB 0x0000000714c00000| Untracked 
| 167|0x0000000714e00000, 0x0000000715000000, 0x0000000715000000|100%| O|  |TAMS 0x0000000715000000| PB 0x0000000714e00000| Untracked 
| 168|0x0000000715000000, 0x0000000715200000, 0x0000000715200000|100%| O|  |TAMS 0x0000000715200000| PB 0x0000000715000000| Untracked 
| 169|0x0000000715200000, 0x0000000715400000, 0x0000000715400000|100%| O|  |TAMS 0x0000000715400000| PB 0x0000000715200000| Untracked 
| 170|0x0000000715400000, 0x0000000715600000, 0x0000000715600000|100%| O|  |TAMS 0x0000000715600000| PB 0x0000000715400000| Untracked 
| 171|0x0000000715600000, 0x0000000715800000, 0x0000000715800000|100%| O|  |TAMS 0x0000000715800000| PB 0x0000000715600000| Untracked 
| 172|0x0000000715800000, 0x0000000715a00000, 0x0000000715a00000|100%| O|  |TAMS 0x0000000715a00000| PB 0x0000000715800000| Untracked 
| 173|0x0000000715a00000, 0x0000000715c00000, 0x0000000715c00000|100%| O|  |TAMS 0x0000000715c00000| PB 0x0000000715a00000| Untracked 
| 174|0x0000000715c00000, 0x0000000715e00000, 0x0000000715e00000|100%| O|  |TAMS 0x0000000715e00000| PB 0x0000000715c00000| Untracked 
| 175|0x0000000715e00000, 0x0000000716000000, 0x0000000716000000|100%| O|  |TAMS 0x0000000716000000| PB 0x0000000715e00000| Untracked 
| 176|0x0000000716000000, 0x0000000716200000, 0x0000000716200000|100%| O|  |TAMS 0x0000000716200000| PB 0x0000000716000000| Untracked 
| 177|0x0000000716200000, 0x0000000716200000, 0x0000000716400000|  0%| F|  |TAMS 0x0000000716200000| PB 0x0000000716200000| Untracked 
| 178|0x0000000716400000, 0x0000000716400000, 0x0000000716600000|  0%| F|  |TAMS 0x0000000716400000| PB 0x0000000716400000| Untracked 
| 179|0x0000000716600000, 0x0000000716800000, 0x0000000716800000|100%| O|  |TAMS 0x0000000716800000| PB 0x0000000716600000| Untracked 
| 180|0x0000000716800000, 0x0000000716a00000, 0x0000000716a00000|100%| O|  |TAMS 0x0000000716a00000| PB 0x0000000716800000| Untracked 
| 181|0x0000000716a00000, 0x0000000716c00000, 0x0000000716c00000|100%| O|  |TAMS 0x0000000716c00000| PB 0x0000000716a00000| Untracked 
| 182|0x0000000716c00000, 0x0000000716e00000, 0x0000000716e00000|100%| O|  |TAMS 0x0000000716e00000| PB 0x0000000716c00000| Untracked 
| 183|0x0000000716e00000, 0x0000000717000000, 0x0000000717000000|100%| O|  |TAMS 0x0000000717000000| PB 0x0000000716e00000| Untracked 
| 184|0x0000000717000000, 0x0000000717200000, 0x0000000717200000|100%| O|  |TAMS 0x0000000717200000| PB 0x0000000717000000| Untracked 
| 185|0x0000000717200000, 0x0000000717200000, 0x0000000717400000|  0%| F|  |TAMS 0x0000000717200000| PB 0x0000000717200000| Untracked 
| 186|0x0000000717400000, 0x0000000717400000, 0x0000000717600000|  0%| F|  |TAMS 0x0000000717400000| PB 0x0000000717400000| Untracked 
| 187|0x0000000717600000, 0x0000000717600000, 0x0000000717800000|  0%| F|  |TAMS 0x0000000717600000| PB 0x0000000717600000| Untracked 
| 188|0x0000000717800000, 0x0000000717800000, 0x0000000717a00000|  0%| F|  |TAMS 0x0000000717800000| PB 0x0000000717800000| Untracked 
| 189|0x0000000717a00000, 0x0000000717a00000, 0x0000000717c00000|  0%| F|  |TAMS 0x0000000717a00000| PB 0x0000000717a00000| Untracked 
| 190|0x0000000717c00000, 0x0000000717c00000, 0x0000000717e00000|  0%| F|  |TAMS 0x0000000717c00000| PB 0x0000000717c00000| Untracked 
| 191|0x0000000717e00000, 0x0000000717e00000, 0x0000000718000000|  0%| F|  |TAMS 0x0000000717e00000| PB 0x0000000717e00000| Untracked 
| 192|0x0000000718000000, 0x0000000718000000, 0x0000000718200000|  0%| F|  |TAMS 0x0000000718000000| PB 0x0000000718000000| Untracked 
| 193|0x0000000718200000, 0x0000000718300000, 0x0000000718400000| 50%| S|CS|TAMS 0x0000000718200000| PB 0x0000000718200000| Complete 
| 194|0x0000000718400000, 0x0000000718600000, 0x0000000718600000|100%| S|CS|TAMS 0x0000000718400000| PB 0x0000000718400000| Complete 
| 195|0x0000000718600000, 0x0000000718800000, 0x0000000718800000|100%| S|CS|TAMS 0x0000000718600000| PB 0x0000000718600000| Complete 
| 196|0x0000000718800000, 0x0000000718a00000, 0x0000000718a00000|100%| S|CS|TAMS 0x0000000718800000| PB 0x0000000718800000| Complete 
| 197|0x0000000718a00000, 0x0000000718c00000, 0x0000000718c00000|100%| S|CS|TAMS 0x0000000718a00000| PB 0x0000000718a00000| Complete 
| 198|0x0000000718c00000, 0x0000000718e00000, 0x0000000718e00000|100%| S|CS|TAMS 0x0000000718c00000| PB 0x0000000718c00000| Complete 
| 199|0x0000000718e00000, 0x0000000719000000, 0x0000000719000000|100%| S|CS|TAMS 0x0000000718e00000| PB 0x0000000718e00000| Complete 
| 200|0x0000000719000000, 0x0000000719200000, 0x0000000719200000|100%| S|CS|TAMS 0x0000000719000000| PB 0x0000000719000000| Complete 
| 201|0x0000000719200000, 0x0000000719400000, 0x0000000719400000|100%| O|  |TAMS 0x0000000719400000| PB 0x0000000719200000| Untracked 
| 202|0x0000000719400000, 0x0000000719600000, 0x0000000719600000|100%| O|  |TAMS 0x0000000719600000| PB 0x0000000719400000| Untracked 
| 203|0x0000000719600000, 0x0000000719800000, 0x0000000719800000|100%| O|  |TAMS 0x0000000719800000| PB 0x0000000719600000| Untracked 
| 204|0x0000000719800000, 0x0000000719a00000, 0x0000000719a00000|100%| O|  |TAMS 0x0000000719a00000| PB 0x0000000719800000| Untracked 
| 205|0x0000000719a00000, 0x0000000719c00000, 0x0000000719c00000|100%| O|  |TAMS 0x0000000719b00000| PB 0x0000000719a00000| Untracked 
| 206|0x0000000719c00000, 0x0000000719e00000, 0x0000000719e00000|100%| S|CS|TAMS 0x0000000719c00000| PB 0x0000000719c00000| Complete 
| 207|0x0000000719e00000, 0x000000071a000000, 0x000000071a000000|100%| S|CS|TAMS 0x0000000719e00000| PB 0x0000000719e00000| Complete 
| 208|0x000000071a000000, 0x000000071a200000, 0x000000071a200000|100%| S|CS|TAMS 0x000000071a000000| PB 0x000000071a000000| Complete 
| 209|0x000000071a200000, 0x000000071a200000, 0x000000071a400000|  0%| F|  |TAMS 0x000000071a200000| PB 0x000000071a200000| Untracked 
| 210|0x000000071a400000, 0x000000071a400000, 0x000000071a600000|  0%| F|  |TAMS 0x000000071a400000| PB 0x000000071a400000| Untracked 
| 211|0x000000071a600000, 0x000000071a600000, 0x000000071a800000|  0%| F|  |TAMS 0x000000071a600000| PB 0x000000071a600000| Untracked 
| 212|0x000000071a800000, 0x000000071a800000, 0x000000071aa00000|  0%| F|  |TAMS 0x000000071a800000| PB 0x000000071a800000| Untracked 
| 213|0x000000071aa00000, 0x000000071aa00000, 0x000000071ac00000|  0%| F|  |TAMS 0x000000071aa00000| PB 0x000000071aa00000| Untracked 
| 214|0x000000071ac00000, 0x000000071ac00000, 0x000000071ae00000|  0%| F|  |TAMS 0x000000071ac00000| PB 0x000000071ac00000| Untracked 
| 215|0x000000071ae00000, 0x000000071ae00000, 0x000000071b000000|  0%| F|  |TAMS 0x000000071ae00000| PB 0x000000071ae00000| Untracked 
| 216|0x000000071b000000, 0x000000071b000000, 0x000000071b200000|  0%| F|  |TAMS 0x000000071b000000| PB 0x000000071b000000| Untracked 
| 217|0x000000071b200000, 0x000000071b200000, 0x000000071b400000|  0%| F|  |TAMS 0x000000071b200000| PB 0x000000071b200000| Untracked 
| 218|0x000000071b400000, 0x000000071b400000, 0x000000071b600000|  0%| F|  |TAMS 0x000000071b400000| PB 0x000000071b400000| Untracked 
| 219|0x000000071b600000, 0x000000071b600000, 0x000000071b800000|  0%| F|  |TAMS 0x000000071b600000| PB 0x000000071b600000| Untracked 
| 220|0x000000071b800000, 0x000000071b800000, 0x000000071ba00000|  0%| F|  |TAMS 0x000000071b800000| PB 0x000000071b800000| Untracked 
| 221|0x000000071ba00000, 0x000000071ba00000, 0x000000071bc00000|  0%| F|  |TAMS 0x000000071ba00000| PB 0x000000071ba00000| Untracked 
| 222|0x000000071bc00000, 0x000000071bc00000, 0x000000071be00000|  0%| F|  |TAMS 0x000000071bc00000| PB 0x000000071bc00000| Untracked 
| 223|0x000000071be00000, 0x000000071be00000, 0x000000071c000000|  0%| F|  |TAMS 0x000000071be00000| PB 0x000000071be00000| Untracked 
| 224|0x000000071c000000, 0x000000071c000000, 0x000000071c200000|  0%| F|  |TAMS 0x000000071c000000| PB 0x000000071c000000| Untracked 
| 225|0x000000071c200000, 0x000000071c200000, 0x000000071c400000|  0%| F|  |TAMS 0x000000071c200000| PB 0x000000071c200000| Untracked 
| 226|0x000000071c400000, 0x000000071c400000, 0x000000071c600000|  0%| F|  |TAMS 0x000000071c400000| PB 0x000000071c400000| Untracked 
| 227|0x000000071c600000, 0x000000071c600000, 0x000000071c800000|  0%| F|  |TAMS 0x000000071c600000| PB 0x000000071c600000| Untracked 
| 228|0x000000071c800000, 0x000000071c800000, 0x000000071ca00000|  0%| F|  |TAMS 0x000000071c800000| PB 0x000000071c800000| Untracked 
| 229|0x000000071ca00000, 0x000000071ca00000, 0x000000071cc00000|  0%| F|  |TAMS 0x000000071ca00000| PB 0x000000071ca00000| Untracked 
| 230|0x000000071cc00000, 0x000000071cc00000, 0x000000071ce00000|  0%| F|  |TAMS 0x000000071cc00000| PB 0x000000071cc00000| Untracked 
| 231|0x000000071ce00000, 0x000000071ce00000, 0x000000071d000000|  0%| F|  |TAMS 0x000000071ce00000| PB 0x000000071ce00000| Untracked 
| 232|0x000000071d000000, 0x000000071d000000, 0x000000071d200000|  0%| F|  |TAMS 0x000000071d000000| PB 0x000000071d000000| Untracked 
| 233|0x000000071d200000, 0x000000071d200000, 0x000000071d400000|  0%| F|  |TAMS 0x000000071d200000| PB 0x000000071d200000| Untracked 
| 234|0x000000071d400000, 0x000000071d400000, 0x000000071d600000|  0%| F|  |TAMS 0x000000071d400000| PB 0x000000071d400000| Untracked 
| 235|0x000000071d600000, 0x000000071d600000, 0x000000071d800000|  0%| F|  |TAMS 0x000000071d600000| PB 0x000000071d600000| Untracked 
| 236|0x000000071d800000, 0x000000071d800000, 0x000000071da00000|  0%| F|  |TAMS 0x000000071d800000| PB 0x000000071d800000| Untracked 
| 237|0x000000071da00000, 0x000000071da00000, 0x000000071dc00000|  0%| F|  |TAMS 0x000000071da00000| PB 0x000000071da00000| Untracked 
| 238|0x000000071dc00000, 0x000000071dc00000, 0x000000071de00000|  0%| F|  |TAMS 0x000000071dc00000| PB 0x000000071dc00000| Untracked 
| 239|0x000000071de00000, 0x000000071de00000, 0x000000071e000000|  0%| F|  |TAMS 0x000000071de00000| PB 0x000000071de00000| Untracked 
| 240|0x000000071e000000, 0x000000071e000000, 0x000000071e200000|  0%| F|  |TAMS 0x000000071e000000| PB 0x000000071e000000| Untracked 
| 241|0x000000071e200000, 0x000000071e200000, 0x000000071e400000|  0%| F|  |TAMS 0x000000071e200000| PB 0x000000071e200000| Untracked 
| 242|0x000000071e400000, 0x000000071e400000, 0x000000071e600000|  0%| F|  |TAMS 0x000000071e400000| PB 0x000000071e400000| Untracked 
| 243|0x000000071e600000, 0x000000071e600000, 0x000000071e800000|  0%| F|  |TAMS 0x000000071e600000| PB 0x000000071e600000| Untracked 
| 244|0x000000071e800000, 0x000000071e800000, 0x000000071ea00000|  0%| F|  |TAMS 0x000000071e800000| PB 0x000000071e800000| Untracked 
| 245|0x000000071ea00000, 0x000000071ea00000, 0x000000071ec00000|  0%| F|  |TAMS 0x000000071ea00000| PB 0x000000071ea00000| Untracked 
| 246|0x000000071ec00000, 0x000000071ec00000, 0x000000071ee00000|  0%| F|  |TAMS 0x000000071ec00000| PB 0x000000071ec00000| Untracked 
| 247|0x000000071ee00000, 0x000000071ee00000, 0x000000071f000000|  0%| F|  |TAMS 0x000000071ee00000| PB 0x000000071ee00000| Untracked 
| 248|0x000000071f000000, 0x000000071f000000, 0x000000071f200000|  0%| F|  |TAMS 0x000000071f000000| PB 0x000000071f000000| Untracked 
| 249|0x000000071f200000, 0x000000071f200000, 0x000000071f400000|  0%| F|  |TAMS 0x000000071f200000| PB 0x000000071f200000| Untracked 
| 250|0x000000071f400000, 0x000000071f400000, 0x000000071f600000|  0%| F|  |TAMS 0x000000071f400000| PB 0x000000071f400000| Untracked 
| 251|0x000000071f600000, 0x000000071f600000, 0x000000071f800000|  0%| F|  |TAMS 0x000000071f600000| PB 0x000000071f600000| Untracked 
| 252|0x000000071f800000, 0x000000071f800000, 0x000000071fa00000|  0%| F|  |TAMS 0x000000071f800000| PB 0x000000071f800000| Untracked 
| 253|0x000000071fa00000, 0x000000071fa00000, 0x000000071fc00000|  0%| F|  |TAMS 0x000000071fa00000| PB 0x000000071fa00000| Untracked 
| 254|0x000000071fc00000, 0x000000071fc00000, 0x000000071fe00000|  0%| F|  |TAMS 0x000000071fc00000| PB 0x000000071fc00000| Untracked 
| 255|0x000000071fe00000, 0x000000071fe00000, 0x0000000720000000|  0%| F|  |TAMS 0x000000071fe00000| PB 0x000000071fe00000| Untracked 
| 256|0x0000000720000000, 0x0000000720000000, 0x0000000720200000|  0%| F|  |TAMS 0x0000000720000000| PB 0x0000000720000000| Untracked 
| 257|0x0000000720200000, 0x0000000720200000, 0x0000000720400000|  0%| F|  |TAMS 0x0000000720200000| PB 0x0000000720200000| Untracked 
| 258|0x0000000720400000, 0x0000000720400000, 0x0000000720600000|  0%| F|  |TAMS 0x0000000720400000| PB 0x0000000720400000| Untracked 
| 259|0x0000000720600000, 0x0000000720600000, 0x0000000720800000|  0%| F|  |TAMS 0x0000000720600000| PB 0x0000000720600000| Untracked 
| 260|0x0000000720800000, 0x0000000720800000, 0x0000000720a00000|  0%| F|  |TAMS 0x0000000720800000| PB 0x0000000720800000| Untracked 
| 261|0x0000000720a00000, 0x0000000720a00000, 0x0000000720c00000|  0%| F|  |TAMS 0x0000000720a00000| PB 0x0000000720a00000| Untracked 
| 262|0x0000000720c00000, 0x0000000720c00000, 0x0000000720e00000|  0%| F|  |TAMS 0x0000000720c00000| PB 0x0000000720c00000| Untracked 
| 263|0x0000000720e00000, 0x0000000720e00000, 0x0000000721000000|  0%| F|  |TAMS 0x0000000720e00000| PB 0x0000000720e00000| Untracked 
| 264|0x0000000721000000, 0x0000000721000000, 0x0000000721200000|  0%| F|  |TAMS 0x0000000721000000| PB 0x0000000721000000| Untracked 
| 265|0x0000000721200000, 0x0000000721200000, 0x0000000721400000|  0%| F|  |TAMS 0x0000000721200000| PB 0x0000000721200000| Untracked 
| 266|0x0000000721400000, 0x0000000721400000, 0x0000000721600000|  0%| F|  |TAMS 0x0000000721400000| PB 0x0000000721400000| Untracked 
| 267|0x0000000721600000, 0x0000000721600000, 0x0000000721800000|  0%| F|  |TAMS 0x0000000721600000| PB 0x0000000721600000| Untracked 
| 268|0x0000000721800000, 0x0000000721800000, 0x0000000721a00000|  0%| F|  |TAMS 0x0000000721800000| PB 0x0000000721800000| Untracked 
| 269|0x0000000721a00000, 0x0000000721a00000, 0x0000000721c00000|  0%| F|  |TAMS 0x0000000721a00000| PB 0x0000000721a00000| Untracked 
| 270|0x0000000721c00000, 0x0000000721c00000, 0x0000000721e00000|  0%| F|  |TAMS 0x0000000721c00000| PB 0x0000000721c00000| Untracked 
| 271|0x0000000721e00000, 0x0000000721e00000, 0x0000000722000000|  0%| F|  |TAMS 0x0000000721e00000| PB 0x0000000721e00000| Untracked 
| 272|0x0000000722000000, 0x0000000722000000, 0x0000000722200000|  0%| F|  |TAMS 0x0000000722000000| PB 0x0000000722000000| Untracked 
| 273|0x0000000722200000, 0x0000000722200000, 0x0000000722400000|  0%| F|  |TAMS 0x0000000722200000| PB 0x0000000722200000| Untracked 
| 274|0x0000000722400000, 0x0000000722400000, 0x0000000722600000|  0%| F|  |TAMS 0x0000000722400000| PB 0x0000000722400000| Untracked 
| 275|0x0000000722600000, 0x0000000722600000, 0x0000000722800000|  0%| F|  |TAMS 0x0000000722600000| PB 0x0000000722600000| Untracked 
| 276|0x0000000722800000, 0x0000000722800000, 0x0000000722a00000|  0%| F|  |TAMS 0x0000000722800000| PB 0x0000000722800000| Untracked 
| 277|0x0000000722a00000, 0x0000000722a00000, 0x0000000722c00000|  0%| F|  |TAMS 0x0000000722a00000| PB 0x0000000722a00000| Untracked 
| 278|0x0000000722c00000, 0x0000000722c00000, 0x0000000722e00000|  0%| F|  |TAMS 0x0000000722c00000| PB 0x0000000722c00000| Untracked 
| 279|0x0000000722e00000, 0x0000000722e00000, 0x0000000723000000|  0%| F|  |TAMS 0x0000000722e00000| PB 0x0000000722e00000| Untracked 
| 280|0x0000000723000000, 0x0000000723000000, 0x0000000723200000|  0%| F|  |TAMS 0x0000000723000000| PB 0x0000000723000000| Untracked 
| 281|0x0000000723200000, 0x0000000723200000, 0x0000000723400000|  0%| F|  |TAMS 0x0000000723200000| PB 0x0000000723200000| Untracked 
| 282|0x0000000723400000, 0x0000000723400000, 0x0000000723600000|  0%| F|  |TAMS 0x0000000723400000| PB 0x0000000723400000| Untracked 
| 283|0x0000000723600000, 0x0000000723600000, 0x0000000723800000|  0%| F|  |TAMS 0x0000000723600000| PB 0x0000000723600000| Untracked 
| 284|0x0000000723800000, 0x0000000723800000, 0x0000000723a00000|  0%| F|  |TAMS 0x0000000723800000| PB 0x0000000723800000| Untracked 
| 285|0x0000000723a00000, 0x0000000723a00000, 0x0000000723c00000|  0%| F|  |TAMS 0x0000000723a00000| PB 0x0000000723a00000| Untracked 
| 286|0x0000000723c00000, 0x0000000723c00000, 0x0000000723e00000|  0%| F|  |TAMS 0x0000000723c00000| PB 0x0000000723c00000| Untracked 
| 287|0x0000000723e00000, 0x0000000723e00000, 0x0000000724000000|  0%| F|  |TAMS 0x0000000723e00000| PB 0x0000000723e00000| Untracked 
| 288|0x0000000724000000, 0x0000000724000000, 0x0000000724200000|  0%| F|  |TAMS 0x0000000724000000| PB 0x0000000724000000| Untracked 
| 289|0x0000000724200000, 0x0000000724200000, 0x0000000724400000|  0%| F|  |TAMS 0x0000000724200000| PB 0x0000000724200000| Untracked 
| 290|0x0000000724400000, 0x0000000724400000, 0x0000000724600000|  0%| F|  |TAMS 0x0000000724400000| PB 0x0000000724400000| Untracked 
| 291|0x0000000724600000, 0x0000000724600000, 0x0000000724800000|  0%| F|  |TAMS 0x0000000724600000| PB 0x0000000724600000| Untracked 
| 292|0x0000000724800000, 0x0000000724800000, 0x0000000724a00000|  0%| F|  |TAMS 0x0000000724800000| PB 0x0000000724800000| Untracked 
| 293|0x0000000724a00000, 0x0000000724a00000, 0x0000000724c00000|  0%| F|  |TAMS 0x0000000724a00000| PB 0x0000000724a00000| Untracked 
| 294|0x0000000724c00000, 0x0000000724c00000, 0x0000000724e00000|  0%| F|  |TAMS 0x0000000724c00000| PB 0x0000000724c00000| Untracked 
| 295|0x0000000724e00000, 0x0000000724e00000, 0x0000000725000000|  0%| F|  |TAMS 0x0000000724e00000| PB 0x0000000724e00000| Untracked 
| 296|0x0000000725000000, 0x0000000725000000, 0x0000000725200000|  0%| F|  |TAMS 0x0000000725000000| PB 0x0000000725000000| Untracked 
| 297|0x0000000725200000, 0x0000000725200000, 0x0000000725400000|  0%| F|  |TAMS 0x0000000725200000| PB 0x0000000725200000| Untracked 
| 298|0x0000000725400000, 0x0000000725400000, 0x0000000725600000|  0%| F|  |TAMS 0x0000000725400000| PB 0x0000000725400000| Untracked 
| 299|0x0000000725600000, 0x0000000725600000, 0x0000000725800000|  0%| F|  |TAMS 0x0000000725600000| PB 0x0000000725600000| Untracked 
| 300|0x0000000725800000, 0x0000000725800000, 0x0000000725a00000|  0%| F|  |TAMS 0x0000000725800000| PB 0x0000000725800000| Untracked 
| 301|0x0000000725a00000, 0x0000000725a00000, 0x0000000725c00000|  0%| F|  |TAMS 0x0000000725a00000| PB 0x0000000725a00000| Untracked 
| 302|0x0000000725c00000, 0x0000000725c00000, 0x0000000725e00000|  0%| F|  |TAMS 0x0000000725c00000| PB 0x0000000725c00000| Untracked 
| 303|0x0000000725e00000, 0x0000000725e00000, 0x0000000726000000|  0%| F|  |TAMS 0x0000000725e00000| PB 0x0000000725e00000| Untracked 
| 304|0x0000000726000000, 0x0000000726000000, 0x0000000726200000|  0%| F|  |TAMS 0x0000000726000000| PB 0x0000000726000000| Untracked 
| 305|0x0000000726200000, 0x0000000726200000, 0x0000000726400000|  0%| F|  |TAMS 0x0000000726200000| PB 0x0000000726200000| Untracked 
| 306|0x0000000726400000, 0x0000000726400000, 0x0000000726600000|  0%| F|  |TAMS 0x0000000726400000| PB 0x0000000726400000| Untracked 
| 307|0x0000000726600000, 0x0000000726600000, 0x0000000726800000|  0%| F|  |TAMS 0x0000000726600000| PB 0x0000000726600000| Untracked 
| 308|0x0000000726800000, 0x0000000726800000, 0x0000000726a00000|  0%| F|  |TAMS 0x0000000726800000| PB 0x0000000726800000| Untracked 
| 309|0x0000000726a00000, 0x0000000726a00000, 0x0000000726c00000|  0%| F|  |TAMS 0x0000000726a00000| PB 0x0000000726a00000| Untracked 
| 310|0x0000000726c00000, 0x0000000726c00000, 0x0000000726e00000|  0%| F|  |TAMS 0x0000000726c00000| PB 0x0000000726c00000| Untracked 
| 311|0x0000000726e00000, 0x0000000726e00000, 0x0000000727000000|  0%| F|  |TAMS 0x0000000726e00000| PB 0x0000000726e00000| Untracked 
| 312|0x0000000727000000, 0x0000000727000000, 0x0000000727200000|  0%| F|  |TAMS 0x0000000727000000| PB 0x0000000727000000| Untracked 
| 313|0x0000000727200000, 0x0000000727200000, 0x0000000727400000|  0%| F|  |TAMS 0x0000000727200000| PB 0x0000000727200000| Untracked 
| 314|0x0000000727400000, 0x0000000727400000, 0x0000000727600000|  0%| F|  |TAMS 0x0000000727400000| PB 0x0000000727400000| Untracked 
| 315|0x0000000727600000, 0x0000000727600000, 0x0000000727800000|  0%| F|  |TAMS 0x0000000727600000| PB 0x0000000727600000| Untracked 
| 316|0x0000000727800000, 0x0000000727800000, 0x0000000727a00000|  0%| F|  |TAMS 0x0000000727800000| PB 0x0000000727800000| Untracked 
| 317|0x0000000727a00000, 0x0000000727a00000, 0x0000000727c00000|  0%| F|  |TAMS 0x0000000727a00000| PB 0x0000000727a00000| Untracked 
| 318|0x0000000727c00000, 0x0000000727c00000, 0x0000000727e00000|  0%| F|  |TAMS 0x0000000727c00000| PB 0x0000000727c00000| Untracked 
| 319|0x0000000727e00000, 0x0000000727e00000, 0x0000000728000000|  0%| F|  |TAMS 0x0000000727e00000| PB 0x0000000727e00000| Untracked 
|2039|0x00000007fee00000, 0x00000007ff000000, 0x00000007ff000000|100%| O|  |TAMS 0x00000007ff000000| PB 0x00000007fee00000| Untracked 
|2040|0x00000007ff000000, 0x00000007ff200000, 0x00000007ff200000|100%| O|  |TAMS 0x00000007ff200000| PB 0x00000007ff000000| Untracked 
|2041|0x00000007ff200000, 0x00000007ff200000, 0x00000007ff400000|  0%| F|  |TAMS 0x00000007ff200000| PB 0x00000007ff200000| Untracked 
|2042|0x00000007ff400000, 0x00000007ff600000, 0x00000007ff600000|100%| O|  |TAMS 0x00000007ff600000| PB 0x00000007ff400000| Untracked 
|2043|0x00000007ff600000, 0x00000007ff800000, 0x00000007ff800000|100%| O|  |TAMS 0x00000007ff800000| PB 0x00000007ff600000| Untracked 
|2044|0x00000007ff800000, 0x00000007ffa00000, 0x00000007ffa00000|100%| O|  |TAMS 0x00000007ffa00000| PB 0x00000007ff800000| Untracked 
|2045|0x00000007ffa00000, 0x00000007ffc00000, 0x00000007ffc00000|100%| O|  |TAMS 0x00000007ffc00000| PB 0x00000007ffa00000| Untracked 
|2046|0x00000007ffc00000, 0x00000007ffe00000, 0x00000007ffe00000|100%| O|  |TAMS 0x00000007ffe00000| PB 0x00000007ffc00000| Untracked 
|2047|0x00000007ffe00000, 0x0000000800000000, 0x0000000800000000|100%| O|  |TAMS 0x0000000800000000| PB 0x00000007ffe00000| Untracked 

Card table byte_map: [0x0000022afe640000,0x0000022afee40000] _byte_map_base: 0x0000022afae40000

Marking Bits: (CMBitMap*) 0x0000022af3c44bf0
 Bits: [0x0000022a8f000000, 0x0000022a93000000)

Polling page: 0x0000022af3ca0000

Metaspace:

Usage:
  Non-class:     41.66 MB used.
      Class:      5.94 MB used.
       Both:     47.60 MB used.

Virtual space:
  Non-class space:       64.00 MB reserved,      42.00 MB ( 66%) committed,  1 nodes.
      Class space:        1.00 GB reserved,       6.19 MB ( <1%) committed,  1 nodes.
             Both:        1.06 GB reserved,      48.19 MB (  4%) committed. 

Chunk freelists:
   Non-Class:  5.94 MB
       Class:  9.83 MB
        Both:  15.76 MB

MaxMetaspaceSize: unlimited
CompressedClassSpaceSize: 1.00 GB
Initial GC threshold: 21.00 MB
Current GC threshold: 79.69 MB
CDS: on
 - commit_granule_bytes: 65536.
 - commit_granule_words: 8192.
 - virtual_space_node_default_size: 8388608.
 - enlarge_chunks_in_place: 1.
 - use_allocation_guard: 0.


Internal statistics:

num_allocs_failed_limit: 9.
num_arena_births: 582.
num_arena_deaths: 0.
num_vsnodes_births: 2.
num_vsnodes_deaths: 0.
num_space_committed: 771.
num_space_uncommitted: 0.
num_chunks_returned_to_freelist: 9.
num_chunks_taken_from_freelist: 2101.
num_chunk_merges: 9.
num_chunk_splits: 1488.
num_chunks_enlarged: 1145.
num_inconsistent_stats: 0.

CodeHeap 'non-profiled nmethods': size=120000Kb used=5635Kb max_used=5635Kb free=114364Kb
 bounds [0x0000022a87ad0000, 0x0000022a88090000, 0x0000022a8f000000]
CodeHeap 'profiled nmethods': size=120000Kb used=11621Kb max_used=14552Kb free=108379Kb
 bounds [0x0000022a80000000, 0x0000022a80e60000, 0x0000022a87530000]
CodeHeap 'non-nmethods': size=5760Kb used=1901Kb max_used=1976Kb free=3859Kb
 bounds [0x0000022a87530000, 0x0000022a877a0000, 0x0000022a87ad0000]
 total_blobs=6603 nmethods=5884 adapters=622
 compilation: enabled
              stopped_count=0, restarted_count=0
 full_count=0

Compilation events (20 events):
Event: 64.896 Thread 0x0000022aff99d7f0 nmethod 7489 0x0000022a87dbdc10 code [0x0000022a87dbdda0, 0x0000022a87dbe0d0]
Event: 64.896 Thread 0x0000022aff99d7f0 7491       4       io.github.classgraph.TypeSignature::parse (50 bytes)
Event: 64.901 Thread 0x0000022aff99d7f0 nmethod 7491 0x0000022a87cc5d90 code [0x0000022a87cc5f80, 0x0000022a87cc6558]
Event: 64.901 Thread 0x0000022aff99d7f0 7492       4       java.util.Properties::getProperty (50 bytes)
Event: 64.907 Thread 0x0000022aff99d7f0 nmethod 7492 0x0000022a87cc4f90 code [0x0000022a87cc51a0, 0x0000022a87cc5950]
Event: 64.907 Thread 0x0000022aff99d7f0 7493       4       java.security.BasicPermission::init (132 bytes)
Event: 64.912 Thread 0x0000022aff99d7f0 nmethod 7493 0x0000022a87cf4290 code [0x0000022a87cf4480, 0x0000022a87cf4c20]
Event: 64.912 Thread 0x0000022aff99d7f0 7497       4       java.lang.System::checkKey (34 bytes)
Event: 64.913 Thread 0x0000022aff99d7f0 nmethod 7497 0x0000022a87fcb090 code [0x0000022a87fcb220, 0x0000022a87fcb2e0]
Event: 64.913 Thread 0x0000022aff99d7f0 7503       4       java.util.PropertyPermission::init (54 bytes)
Event: 64.913 Thread 0x0000022aff99d7f0 nmethod 7503 0x0000022a87dbd790 code [0x0000022a87dbd920, 0x0000022a87dbda08]
Event: 64.913 Thread 0x0000022aff99d7f0 7500       4       java.lang.SecurityManager::checkPropertyAccess (15 bytes)
Event: 64.919 Thread 0x0000022aff99d7f0 nmethod 7500 0x0000022a87cf3510 code [0x0000022a87cf3700, 0x0000022a87cf3c18]
Event: 64.919 Thread 0x0000022aff99d7f0 7505       4       com.diffblue.a.c$a$$Lambda/0x0000022a96626100::<init> (15 bytes)
Event: 64.921 Thread 0x0000022aff99d7f0 nmethod 7505 0x0000022a87cc4b10 code [0x0000022a87cc4ca0, 0x0000022a87cc4f10]
Event: 64.921 Thread 0x0000022aff99d7f0 7506       4       io.github.classgraph.ClassInfo::getTypeDescriptor (92 bytes)
Event: 64.944 Thread 0x0000022aff99d7f0 nmethod 7506 0x0000022a87ba4890 code [0x0000022a87ba4b40, 0x0000022a87ba5df8]
Event: 64.944 Thread 0x0000022aff99d7f0 7659       4       io.github.classgraph.AnnotationInfo::getParameterValues (566 bytes)
Event: 64.947 Thread 0x0000022aff99d7f0 nmethod 7659 0x0000022a87cf2c10 code [0x0000022a87cf2de0, 0x0000022a87cf3168]
Event: 64.947 Thread 0x0000022aff99d7f0 7507       4       io.github.classgraph.ClassInfo::getSuperclass (96 bytes)

GC Heap History (20 events):
Event: 57.132 GC heap after
{Heap after GC invocations=26 (full 0):
 garbage-first heap   total 444416K, used 201719K [0x0000000700000000, 0x0000000800000000)
  region size 2048K, 9 young (18432K), 9 survivors (18432K)
 Metaspace       used 48271K, committed 48768K, reserved 1114112K
  class space    used 6051K, committed 6272K, reserved 1048576K
}
Event: 57.390 GC heap before
{Heap before GC invocations=26 (full 0):
 garbage-first heap   total 444416K, used 343031K [0x0000000700000000, 0x0000000800000000)
  region size 2048K, 80 young (163840K), 9 survivors (18432K)
 Metaspace       used 48288K, committed 48832K, reserved 1114112K
  class space    used 6053K, committed 6272K, reserved 1048576K
}
Event: 57.412 GC heap after
{Heap after GC invocations=27 (full 0):
 garbage-first heap   total 444416K, used 214637K [0x0000000700000000, 0x0000000800000000)
  region size 2048K, 7 young (14336K), 7 survivors (14336K)
 Metaspace       used 48288K, committed 48832K, reserved 1114112K
  class space    used 6053K, committed 6272K, reserved 1048576K
}
Event: 57.721 GC heap before
{Heap before GC invocations=27 (full 0):
 garbage-first heap   total 444416K, used 374381K [0x0000000700000000, 0x0000000800000000)
  region size 2048K, 86 young (176128K), 7 survivors (14336K)
 Metaspace       used 48297K, committed 48832K, reserved 1114112K
  class space    used 6055K, committed 6272K, reserved 1048576K
}
Event: 57.750 GC heap after
{Heap after GC invocations=28 (full 0):
 garbage-first heap   total 444416K, used 233472K [0x0000000700000000, 0x0000000800000000)
  region size 2048K, 8 young (16384K), 8 survivors (16384K)
 Metaspace       used 48297K, committed 48832K, reserved 1114112K
  class space    used 6055K, committed 6272K, reserved 1048576K
}
Event: 58.432 GC heap before
{Heap before GC invocations=29 (full 0):
 garbage-first heap   total 444416K, used 382976K [0x0000000700000000, 0x0000000800000000)
  region size 2048K, 82 young (167936K), 8 survivors (16384K)
 Metaspace       used 48301K, committed 48832K, reserved 1114112K
  class space    used 6055K, committed 6272K, reserved 1048576K
}
Event: 58.453 GC heap after
{Heap after GC invocations=30 (full 0):
 garbage-first heap   total 444416K, used 247730K [0x0000000700000000, 0x0000000800000000)
  region size 2048K, 7 young (14336K), 7 survivors (14336K)
 Metaspace       used 48301K, committed 48832K, reserved 1114112K
  class space    used 6055K, committed 6272K, reserved 1048576K
}
Event: 58.663 GC heap before
{Heap before GC invocations=30 (full 0):
 garbage-first heap   total 444416K, used 391090K [0x0000000700000000, 0x0000000800000000)
  region size 2048K, 78 young (159744K), 7 survivors (14336K)
 Metaspace       used 48301K, committed 48832K, reserved 1114112K
  class space    used 6055K, committed 6272K, reserved 1048576K
}
Event: 58.711 GC heap after
{Heap after GC invocations=31 (full 0):
 garbage-first heap   total 669696K, used 256341K [0x0000000700000000, 0x0000000800000000)
  region size 2048K, 7 young (14336K), 7 survivors (14336K)
 Metaspace       used 48301K, committed 48832K, reserved 1114112K
  class space    used 6055K, committed 6272K, reserved 1048576K
}
Event: 61.337 GC heap before
{Heap before GC invocations=31 (full 0):
 garbage-first heap   total 669696K, used 569685K [0x0000000700000000, 0x0000000800000000)
  region size 2048K, 159 young (325632K), 7 survivors (14336K)
 Metaspace       used 48306K, committed 48832K, reserved 1114112K
  class space    used 6055K, committed 6272K, reserved 1048576K
}
Event: 61.369 GC heap after
{Heap after GC invocations=32 (full 0):
 garbage-first heap   total 669696K, used 286403K [0x0000000700000000, 0x0000000800000000)
  region size 2048K, 19 young (38912K), 19 survivors (38912K)
 Metaspace       used 48306K, committed 48832K, reserved 1114112K
  class space    used 6055K, committed 6272K, reserved 1048576K
}
Event: 62.018 GC heap before
{Heap before GC invocations=32 (full 0):
 garbage-first heap   total 669696K, used 577219K [0x0000000700000000, 0x0000000800000000)
  region size 2048K, 161 young (329728K), 19 survivors (38912K)
 Metaspace       used 48306K, committed 48832K, reserved 1114112K
  class space    used 6055K, committed 6272K, reserved 1048576K
}
Event: 62.058 GC heap after
{Heap after GC invocations=33 (full 0):
 garbage-first heap   total 669696K, used 311296K [0x0000000700000000, 0x0000000800000000)
  region size 2048K, 13 young (26624K), 13 survivors (26624K)
 Metaspace       used 48306K, committed 48832K, reserved 1114112K
  class space    used 6055K, committed 6272K, reserved 1048576K
}
Event: 63.036 GC heap before
{Heap before GC invocations=33 (full 0):
 garbage-first heap   total 669696K, used 589824K [0x0000000700000000, 0x0000000800000000)
  region size 2048K, 149 young (305152K), 13 survivors (26624K)
 Metaspace       used 48390K, committed 48896K, reserved 1114112K
  class space    used 6061K, committed 6272K, reserved 1048576K
}
Event: 63.080 GC heap after
{Heap after GC invocations=34 (full 0):
 garbage-first heap   total 669696K, used 348160K [0x0000000700000000, 0x0000000800000000)
  region size 2048K, 18 young (36864K), 18 survivors (36864K)
 Metaspace       used 48390K, committed 48896K, reserved 1114112K
  class space    used 6061K, committed 6272K, reserved 1048576K
}
Event: 64.344 GC heap before
{Heap before GC invocations=35 (full 0):
 garbage-first heap   total 669696K, used 587776K [0x0000000700000000, 0x0000000800000000)
  region size 2048K, 138 young (282624K), 18 survivors (36864K)
 Metaspace       used 48730K, committed 49280K, reserved 1114112K
  class space    used 6084K, committed 6336K, reserved 1048576K
}
Event: 64.452 GC heap after
{Heap after GC invocations=36 (full 0):
 garbage-first heap   total 673792K, used 390144K [0x0000000700000000, 0x0000000800000000)
  region size 2048K, 18 young (36864K), 18 survivors (36864K)
 Metaspace       used 48730K, committed 49280K, reserved 1114112K
  class space    used 6084K, committed 6336K, reserved 1048576K
}
Event: 64.696 GC heap before
{Heap before GC invocations=36 (full 0):
 garbage-first heap   total 673792K, used 592896K [0x0000000700000000, 0x0000000800000000)
  region size 2048K, 119 young (243712K), 18 survivors (36864K)
 Metaspace       used 48740K, committed 49344K, reserved 1114112K
  class space    used 6084K, committed 6336K, reserved 1048576K
}
Event: 64.764 GC heap after
{Heap after GC invocations=37 (full 0):
 garbage-first heap   total 673792K, used 394240K [0x0000000700000000, 0x0000000800000000)
  region size 2048K, 10 young (20480K), 10 survivors (20480K)
 Metaspace       used 48740K, committed 49344K, reserved 1114112K
  class space    used 6084K, committed 6336K, reserved 1048576K
}
Event: 64.960 GC heap before
{Heap before GC invocations=37 (full 0):
 garbage-first heap   total 673792K, used 601088K [0x0000000700000000, 0x0000000800000000)
  region size 2048K, 112 young (229376K), 10 survivors (20480K)
 Metaspace       used 48740K, committed 49344K, reserved 1114112K
  class space    used 6084K, committed 6336K, reserved 1048576K
}

Dll operation events (16 events):
Event: 0.044 Loaded shared library C:\Users\bolly\.jdks\openjdk-21.0.1\bin\java.dll
Event: 0.118 Loaded shared library C:\Users\bolly\.jdks\openjdk-21.0.1\bin\jsvml.dll
Event: 0.262 Loaded shared library C:\Users\bolly\.jdks\openjdk-21.0.1\bin\zip.dll
Event: 0.267 Loaded shared library C:\Users\bolly\.jdks\openjdk-21.0.1\bin\instrument.dll
Event: 0.272 Loaded shared library C:\Users\bolly\.jdks\openjdk-21.0.1\bin\net.dll
Event: 0.275 Loaded shared library C:\Users\bolly\.jdks\openjdk-21.0.1\bin\nio.dll
Event: 0.285 Loaded shared library C:\Users\bolly\.jdks\openjdk-21.0.1\bin\zip.dll
Event: 1.783 Loaded shared library C:\Users\bolly\.jdks\openjdk-21.0.1\bin\jimage.dll
Event: 3.420 Loaded shared library C:\Users\bolly\.jdks\openjdk-21.0.1\bin\verify.dll
Event: 4.388 Loaded shared library C:\Users\bolly\.jdks\openjdk-21.0.1\bin\management.dll
Event: 4.397 Loaded shared library C:\Users\bolly\.jdks\openjdk-21.0.1\bin\management_ext.dll
Event: 5.140 Loaded shared library C:\Users\bolly\.jdks\openjdk-21.0.1\bin\sunmscapi.dll
Event: 5.624 Loaded shared library C:\Users\bolly\.jdks\openjdk-21.0.1\bin\extnet.dll
Event: 39.419 Loaded shared library C:\Users\bolly\AppData\Local\Temp\io_grpc_netty_shaded_netty_tcnative_windows_x86_642516306421334391862.dll
Event: 51.919 Loaded shared library C:\Users\bolly\.jdks\openjdk-21.0.1\bin\attach.dll
Event: 52.097 Loaded shared library C:\Users\bolly\.jdks\openjdk-21.0.1\bin\instrument.dll

Deoptimization events (20 events):
Event: 64.183 Thread 0x0000022adaa68f30 Uncommon trap: reason=class_check action=maybe_recompile pc=0x0000022a87db04b4 method=io.github.classgraph.Classfile.<init>(Lio/github/classgraph/ClasspathElement;Ljava/util/List;Ljava/util/Set;Ljava/util/Set;Ljava/lang/String;Lio/github/classgraph/Resour
Event: 64.183 Thread 0x0000022adaa68f30 DEOPT PACKING pc=0x0000022a87db04b4 sp=0x00000034389fed60
Event: 64.183 Thread 0x0000022ade4e99c0 DEOPT UNPACKING pc=0x0000022a87587da2 sp=0x0000003438cff188 mode 2
Event: 64.183 Thread 0x0000022adaa68f30 DEOPT UNPACKING pc=0x0000022a87587da2 sp=0x00000034389fed40 mode 2
Event: 64.183 Thread 0x0000022ade4e99c0 Uncommon trap: trap_request=0xffffffde fr.pc=0x0000022a87db04b4 relative=0x00000000000011d4
Event: 64.183 Thread 0x0000022ade4e99c0 Uncommon trap: reason=class_check action=maybe_recompile pc=0x0000022a87db04b4 method=io.github.classgraph.Classfile.<init>(Lio/github/classgraph/ClasspathElement;Ljava/util/List;Ljava/util/Set;Ljava/util/Set;Ljava/lang/String;Lio/github/classgraph/Resour
Event: 64.183 Thread 0x0000022ade4e99c0 DEOPT PACKING pc=0x0000022a87db04b4 sp=0x0000003438cff0e0
Event: 64.183 Thread 0x0000022ade4e99c0 DEOPT UNPACKING pc=0x0000022a87587da2 sp=0x0000003438cff0c0 mode 2
Event: 64.183 Thread 0x0000022adaa68f30 Uncommon trap: trap_request=0xffffffde fr.pc=0x0000022a87d60754 relative=0x0000000000000534
Event: 64.183 Thread 0x0000022adaa68f30 Uncommon trap: reason=class_check action=maybe_recompile pc=0x0000022a87d60754 method=io.github.classgraph.Scanner$ClassfileScannerWorkUnitProcessor.processWorkUnit(Lio/github/classgraph/Scanner$ClassfileScanWorkUnit;Lnonapi/io/github/classgraph/concurren
Event: 64.183 Thread 0x0000022adaa68f30 DEOPT PACKING pc=0x0000022a87d60754 sp=0x00000034389feeb0
Event: 64.183 Thread 0x0000022adaa68f30 DEOPT UNPACKING pc=0x0000022a87587da2 sp=0x00000034389fee08 mode 2
Event: 64.183 Thread 0x0000022adaa68f30 Uncommon trap: trap_request=0xffffffde fr.pc=0x0000022a87db04b4 relative=0x00000000000011d4
Event: 64.183 Thread 0x0000022adaa68f30 Uncommon trap: reason=class_check action=maybe_recompile pc=0x0000022a87db04b4 method=io.github.classgraph.Classfile.<init>(Lio/github/classgraph/ClasspathElement;Ljava/util/List;Ljava/util/Set;Ljava/util/Set;Ljava/lang/String;Lio/github/classgraph/Resour
Event: 64.183 Thread 0x0000022adaa68f30 DEOPT PACKING pc=0x0000022a87db04b4 sp=0x00000034389fed60
Event: 64.183 Thread 0x0000022adaa68f30 DEOPT UNPACKING pc=0x0000022a87587da2 sp=0x00000034389fed40 mode 2
Event: 64.229 Thread 0x0000022ade4e3de0 Uncommon trap: trap_request=0xffffff45 fr.pc=0x0000022a87fe79fc relative=0x0000000000001c5c
Event: 64.229 Thread 0x0000022ade4e3de0 Uncommon trap: reason=unstable_if action=reinterpret pc=0x0000022a87fe79fc method=nonapi.io.github.classgraph.scanspec.AcceptReject$AcceptRejectWholeString.isRejected(Ljava/lang/String;)Z @ 4 c2
Event: 64.229 Thread 0x0000022ade4e3de0 DEOPT PACKING pc=0x0000022a87fe79fc sp=0x0000003438bfee50
Event: 64.229 Thread 0x0000022ade4e3de0 DEOPT UNPACKING pc=0x0000022a87587da2 sp=0x0000003438bfedd0 mode 2

Classes loaded (20 events):
Event: 63.848 Loading class com/google/common/collect/Sets$SetView
Event: 63.848 Loading class com/google/common/collect/Sets$SetView done
Event: 63.848 Loading class com/google/common/collect/Sets$3
Event: 63.848 Loading class com/google/common/collect/Sets$3 done
Event: 63.848 Loading class com/google/common/collect/Sets$1
Event: 63.848 Loading class com/google/common/collect/Sets$1 done
Event: 63.848 Loading class com/google/common/collect/Sets$4
Event: 63.848 Loading class com/google/common/collect/Sets$4 done
Event: 63.848 Loading class com/google/common/collect/ImmutableEnumSet
Event: 63.848 Loading class com/google/common/collect/ImmutableEnumSet done
Event: 63.848 Loading class com/google/common/collect/Sets$2
Event: 63.848 Loading class com/google/common/collect/Sets$2 done
Event: 63.881 Loading class com/google/common/collect/Multimap
Event: 63.881 Loading class com/google/common/collect/Multimap done
Event: 63.881 Loading class com/google/common/collect/Multimap
Event: 63.881 Loading class com/google/common/collect/Multimap done
Event: 63.881 Loading class com/google/common/collect/LinkedListMultimap$1
Event: 63.881 Loading class com/google/common/collect/LinkedListMultimap$1 done
Event: 63.882 Loading class com/google/common/collect/LinkedListMultimap$ValueForKeyIterator
Event: 63.882 Loading class com/google/common/collect/LinkedListMultimap$ValueForKeyIterator done

Classes unloaded (0 events):
No events

Classes redefined (16 events):
Event: 45.177 Thread 0x0000022aff421c70 redefined class name=java.util.TimerThread, count=1
Event: 45.177 Thread 0x0000022aff421c70 redefined class name=java.util.concurrent.AbstractExecutorService, count=1
Event: 45.177 Thread 0x0000022aff421c70 redefined class name=java.nio.channels.spi.AbstractInterruptibleChannel, count=1
Event: 45.177 Thread 0x0000022aff421c70 redefined class name=java.nio.channels.spi.AbstractSelector, count=1
Event: 45.177 Thread 0x0000022aff421c70 redefined class name=java.io.FileInputStream, count=1
Event: 45.177 Thread 0x0000022aff421c70 redefined class name=java.io.FileOutputStream, count=1
Event: 45.177 Thread 0x0000022aff421c70 redefined class name=java.io.RandomAccessFile, count=1
Event: 45.177 Thread 0x0000022aff421c70 redefined class name=java.util.zip.ZipFile, count=1
Event: 45.177 Thread 0x0000022aff421c70 redefined class name=java.nio.channels.spi.AbstractSelectableChannel, count=2
Event: 45.177 Thread 0x0000022aff421c70 redefined class name=java.nio.channels.FileChannel, count=2
Event: 45.177 Thread 0x0000022aff421c70 redefined class name=java.nio.file.Files, count=1
Event: 45.177 Thread 0x0000022aff421c70 redefined class name=java.lang.Thread, count=1
Event: 53.716 Thread 0x0000022aff421c70 redefined class name=java.util.List, count=1
Event: 53.716 Thread 0x0000022aff421c70 redefined class name=java.util.Collection, count=1
Event: 53.716 Thread 0x0000022aff421c70 redefined class name=java.lang.Iterable, count=1
Event: 53.716 Thread 0x0000022aff421c70 redefined class name=java.util.SequencedCollection, count=1

Internal exceptions (20 events):
Event: 50.195 Thread 0x0000022adaa68f30 Exception <a 'java/lang/NoSuchMethodError'{0x000000071036f1b0}: 'void java.lang.invoke.DirectMethodHandle$Holder.invokeSpecialIFC(java.lang.Object, java.lang.Object, java.lang.Object, java.lang.Object, java.lang.Object)'> (0x000000071036f1b0) 
thrown [s\open\src\hotspot\share\interpreter\linkResolver.cpp, line 773]
Event: 50.591 Thread 0x0000022adaa68f30 Exception <a 'java/lang/NoSuchMethodError'{0x000000070fce2f18}: 'int java.lang.invoke.DirectMethodHandle$Holder.invokeVirtual(java.lang.Object, java.lang.Object, java.lang.Object, java.lang.Object)'> (0x000000070fce2f18) 
thrown [s\open\src\hotspot\share\interpreter\linkResolver.cpp, line 773]
Event: 51.862 Thread 0x0000022adaa6a2e0 Exception <a 'java/lang/NoSuchMethodError'{0x000000070c09b2e8}: method resolution failed> (0x000000070c09b2e8) 
thrown [s\open\src\hotspot\share\prims\methodHandles.cpp, line 1144]
Event: 52.077 Thread 0x0000022adaa6a2e0 Exception <a 'java/lang/NoSuchMethodError'{0x000000070be0e318}: 'void java.lang.invoke.DirectMethodHandle$Holder.invokeVirtual(java.lang.Object, java.lang.Object, java.lang.Object, java.lang.Object)'> (0x000000070be0e318) 
thrown [s\open\src\hotspot\share\interpreter\linkResolver.cpp, line 773]
Event: 52.110 Thread 0x0000022aff445dc0 Implicit null exception at 0x0000022a87d56c21 to 0x0000022a87d56d04
Event: 52.115 Thread 0x0000022adaa6a2e0 Exception <a 'java/lang/NoSuchMethodError'{0x000000070bf54a48}: 'int java.lang.invoke.DirectMethodHandle$Holder.invokeSpecial(java.lang.Object, java.lang.Object, java.lang.Object, java.lang.Object)'> (0x000000070bf54a48) 
thrown [s\open\src\hotspot\share\interpreter\linkResolver.cpp, line 773]
Event: 52.133 Thread 0x0000022adaa6a2e0 Exception <a 'java/lang/NoSuchMethodError'{0x000000070bf89798}: 'java.lang.Object java.lang.invoke.DirectMethodHandle$Holder.invokeStatic(java.lang.Object, int, java.lang.Object)'> (0x000000070bf89798) 
thrown [s\open\src\hotspot\share\interpreter\linkResolver.cpp, line 773]
Event: 52.852 Thread 0x0000022adaa6a2e0 Exception <a 'java/lang/NoSuchMethodError'{0x000000070a93df00}: 'int java.lang.invoke.DirectMethodHandle$Holder.invokeInterface(java.lang.Object, java.lang.Object)'> (0x000000070a93df00) 
thrown [s\open\src\hotspot\share\interpreter\linkResolver.cpp, line 773]
Event: 53.277 Thread 0x0000022adaa6a2e0 Exception <a 'java/lang/NoSuchMethodError'{0x000000070ff895d0}: 'int java.lang.invoke.DirectMethodHandle$Holder.invokeVirtual(java.lang.Object, java.lang.Object, java.lang.Object)'> (0x000000070ff895d0) 
thrown [s\open\src\hotspot\share\interpreter\linkResolver.cpp, line 773]
Event: 53.321 Thread 0x0000022adaa6a2e0 Exception <a 'java/lang/NoSuchMethodError'{0x000000070fd31318}: method resolution failed> (0x000000070fd31318) 
thrown [s\open\src\hotspot\share\prims\methodHandles.cpp, line 1144]
Event: 53.323 Thread 0x0000022adaa6a2e0 Exception <a 'java/lang/NoSuchMethodError'{0x000000070fd42048}: 'java.lang.Class java.lang.Class.getNestHost(java.lang.Class)'> (0x000000070fd42048) 
thrown [s\open\src\hotspot\share\interpreter\linkResolver.cpp, line 773]
Event: 53.323 Thread 0x0000022adaa6a2e0 Exception <a 'java/lang/NoSuchMethodError'{0x000000070fd439f8}: 'java.lang.Class[] java.lang.Class.getNestMembers(java.lang.Class)'> (0x000000070fd439f8) 
thrown [s\open\src\hotspot\share\interpreter\linkResolver.cpp, line 773]
Event: 54.115 Thread 0x0000022adaa695c0 Exception <a 'java/lang/NoSuchMethodError'{0x000000070eb289c0}: 'void java.lang.invoke.DirectMethodHandle$Holder.invokeInterface(java.lang.Object, java.lang.Object, java.lang.Object)'> (0x000000070eb289c0) 
thrown [s\open\src\hotspot\share\interpreter\linkResolver.cpp, line 773]
Event: 54.432 Thread 0x0000022adaa695c0 Exception <a 'java/lang/NoSuchMethodError'{0x000000070e65b270}: 'boolean java.lang.reflect.AccessibleObject.canAccess(java.lang.Object, java.lang.Class)'> (0x000000070e65b270) 
thrown [s\open\src\hotspot\share\interpreter\linkResolver.cpp, line 773]
Event: 54.437 Thread 0x0000022adaa695c0 Exception <a 'java/lang/NoSuchMethodError'{0x000000070e6c8650}: method resolution failed> (0x000000070e6c8650) 
thrown [s\open\src\hotspot\share\prims\methodHandles.cpp, line 1144]
Event: 54.451 Thread 0x0000022adaa695c0 Exception <a 'java/lang/NoSuchMethodError'{0x000000070e486c20}: 'void java.lang.invoke.DirectMethodHandle$Holder.invokeSpecial(java.lang.Object, java.lang.Object, java.lang.Object, java.lang.Object, java.lang.Object, java.lang.Object)'> (0x000000070e486c20) 
thrown [s\open\src\hotspot\share\interpreter\linkResolver.cpp, line 773]
Event: 54.454 Thread 0x0000022adaa695c0 Exception <a 'java/lang/NoSuchMethodError'{0x000000070e4b7588}: 'boolean java.lang.reflect.AccessibleObject.trySetAccessible(java.lang.Class)'> (0x000000070e4b7588) 
thrown [s\open\src\hotspot\share\interpreter\linkResolver.cpp, line 773]
Event: 55.105 Thread 0x0000022ade4e5820 Implicit null exception at 0x0000022a87fb850b to 0x0000022a87fb8690
Event: 63.546 Thread 0x0000022adaa6a970 Implicit null exception at 0x0000022a87fbd9fe to 0x0000022a87fbde0c
Event: 63.920 Thread 0x0000022ade4e9330 Implicit null exception at 0x0000022a87c8e7e0 to 0x0000022a87c912a8

ZGC Phase Switch (0 events):
No events

VM Operations (20 events):
Event: 62.058 Executing VM operation: G1CollectForAllocation (GCLocker Initiated GC) done
Event: 63.036 Executing VM operation: G1CollectForAllocation (G1 Evacuation Pause)
Event: 63.090 Executing VM operation: G1CollectForAllocation (G1 Evacuation Pause) done
Event: 63.518 Executing VM operation: G1PauseRemark
Event: 63.522 Executing VM operation: G1PauseRemark done
Event: 63.547 Executing VM operation: HandshakeAllThreads (Deoptimize)
Event: 63.547 Executing VM operation: HandshakeAllThreads (Deoptimize) done
Event: 63.758 Executing VM operation: G1PauseCleanup
Event: 63.758 Executing VM operation: G1PauseCleanup done
Event: 64.343 Executing VM operation: G1CollectForAllocation (G1 Evacuation Pause)
Event: 64.343 Executing VM operation: G1CollectForAllocation (G1 Evacuation Pause) done
Event: 64.344 Executing VM operation: G1CollectForAllocation (GCLocker Initiated GC)
Event: 64.452 Executing VM operation: G1CollectForAllocation (GCLocker Initiated GC) done
Event: 64.696 Executing VM operation: G1CollectForAllocation (G1 Evacuation Pause)
Event: 64.696 Executing VM operation: G1CollectForAllocation (G1 Evacuation Pause) done
Event: 64.696 Executing VM operation: G1CollectForAllocation (GCLocker Initiated GC)
Event: 64.764 Executing VM operation: G1CollectForAllocation (GCLocker Initiated GC) done
Event: 64.960 Executing VM operation: G1CollectForAllocation (G1 Evacuation Pause)
Event: 64.960 Executing VM operation: G1CollectForAllocation (G1 Evacuation Pause) done
Event: 64.960 Executing VM operation: G1CollectForAllocation (GCLocker Initiated GC)

Events (20 events):
Event: 63.522 Thread 0x0000022aff421c70 flushing nmethod 0x0000022a804b5d90
Event: 63.522 Thread 0x0000022aff421c70 flushing nmethod 0x0000022a803f6110
Event: 63.522 Thread 0x0000022aff421c70 flushing nmethod 0x0000022a8036d410
Event: 63.522 Thread 0x0000022aff421c70 flushing nmethod 0x0000022a8036aa10
Event: 63.522 Thread 0x0000022aff421c70 flushing nmethod 0x0000022a80293e10
Event: 63.522 Thread 0x0000022aff421c70 flushing nmethod 0x0000022a8008e390
Event: 63.522 Thread 0x0000022aff421c70 flushing nmethod 0x0000022a80028b10
Event: 63.522 Thread 0x0000022aff421c70 flushing nmethod 0x0000022a8000ee90
Event: 63.522 Thread 0x0000022aff421c70 flushing nmethod 0x0000022a87fef190
Event: 63.522 Thread 0x0000022aff421c70 flushing nmethod 0x0000022a80012d10
Event: 63.522 Thread 0x0000022aff421c70 flushing nmethod 0x0000022a87fdc010
Event: 63.522 Thread 0x0000022aff421c70 flushing nmethod 0x0000022a87fcb090
Event: 63.522 Thread 0x0000022aff421c70 flushing nmethod 0x0000022a87fd3c10
Event: 63.522 Thread 0x0000022aff421c70 flushing nmethod 0x0000022a87fc4f10
Event: 63.522 Thread 0x0000022aff421c70 flushing nmethod 0x0000022a87d85010
Event: 63.522 Thread 0x0000022aff421c70 flushing nmethod 0x0000022a87d6fc90
Event: 63.522 Thread 0x0000022aff421c70 flushing nmethod 0x0000022a87cd6e90
Event: 63.522 Thread 0x0000022aff421c70 flushing nmethod 0x0000022a87c5af90
Event: 63.522 Thread 0x0000022aff421c70 flushing nmethod 0x0000022a87be4390
Event: 63.522 Thread 0x0000022aff421c70 flushing nmethod 0x0000022a87ad9910


Dynamic libraries:
0x00007ff6125a0000 - 0x00007ff6125ae000 	C:\Users\bolly\.jdks\openjdk-21.0.1\bin\java.exe
0x00007fffb6c50000 - 0x00007fffb6e67000 	C:\WINDOWS\SYSTEM32\ntdll.dll
0x00007fffb5610000 - 0x00007fffb56d4000 	C:\WINDOWS\System32\KERNEL32.DLL
0x00007fffb4510000 - 0x00007fffb48bd000 	C:\WINDOWS\System32\KERNELBASE.dll
0x00007fffb43f0000 - 0x00007fffb4501000 	C:\WINDOWS\System32\ucrtbase.dll
0x00007fffa6310000 - 0x00007fffa632b000 	C:\Users\bolly\.jdks\openjdk-21.0.1\bin\VCRUNTIME140.dll
0x00007fffa6330000 - 0x00007fffa6348000 	C:\Users\bolly\.jdks\openjdk-21.0.1\bin\jli.dll
0x00007fffb4c60000 - 0x00007fffb4e0e000 	C:\WINDOWS\System32\USER32.dll
0x00007fffb3f70000 - 0x00007fffb3f96000 	C:\WINDOWS\System32\win32u.dll
0x00007fffb4980000 - 0x00007fffb49a9000 	C:\WINDOWS\System32\GDI32.dll
0x00007fffb4230000 - 0x00007fffb4349000 	C:\WINDOWS\System32\gdi32full.dll
0x00007fffb4350000 - 0x00007fffb43ea000 	C:\WINDOWS\System32\msvcp_win.dll
0x00007fff960a0000 - 0x00007fff96333000 	C:\WINDOWS\WinSxS\amd64_microsoft.windows.common-controls_6595b64144ccf1df_6.0.22621.3672_none_2713b9d173822955\COMCTL32.dll
0x00007fffb4fd0000 - 0x00007fffb5077000 	C:\WINDOWS\System32\msvcrt.dll
0x00007fffb4ac0000 - 0x00007fffb4af1000 	C:\WINDOWS\System32\IMM32.DLL
0x00007fffa6ca0000 - 0x00007fffa6cac000 	C:\Users\bolly\.jdks\openjdk-21.0.1\bin\vcruntime140_1.dll
0x00007fff937d0000 - 0x00007fff9385e000 	C:\Users\bolly\.jdks\openjdk-21.0.1\bin\msvcp140.dll
0x00007fff43490000 - 0x00007fff441a5000 	C:\Users\bolly\.jdks\openjdk-21.0.1\bin\server\jvm.dll
0x00007fffb5f70000 - 0x00007fffb6022000 	C:\WINDOWS\System32\ADVAPI32.dll
0x00007fffb5d60000 - 0x00007fffb5e09000 	C:\WINDOWS\System32\sechost.dll
0x00007fffb4180000 - 0x00007fffb41a8000 	C:\WINDOWS\System32\bcrypt.dll
0x00007fffb6270000 - 0x00007fffb6384000 	C:\WINDOWS\System32\RPCRT4.dll
0x00007fffb56e0000 - 0x00007fffb5751000 	C:\WINDOWS\System32\WS2_32.dll
0x00007fffb3e30000 - 0x00007fffb3e7d000 	C:\WINDOWS\SYSTEM32\POWRPROF.dll
0x00007fffa9b40000 - 0x00007fffa9b74000 	C:\WINDOWS\SYSTEM32\WINMM.dll
0x00007fffa9450000 - 0x00007fffa945a000 	C:\WINDOWS\SYSTEM32\VERSION.dll
0x00007fffb3c60000 - 0x00007fffb3c73000 	C:\WINDOWS\SYSTEM32\UMPDC.dll
0x00007fffb2fa0000 - 0x00007fffb2fb8000 	C:\WINDOWS\SYSTEM32\kernel.appcore.dll
0x00007fffa63e0000 - 0x00007fffa63ea000 	C:\Users\bolly\.jdks\openjdk-21.0.1\bin\jimage.dll
0x00007fffb0e00000 - 0x00007fffb1032000 	C:\WINDOWS\SYSTEM32\DBGHELP.DLL
0x00007fffb5880000 - 0x00007fffb5c0d000 	C:\WINDOWS\System32\combase.dll
0x00007fffb49e0000 - 0x00007fffb4ab7000 	C:\WINDOWS\System32\OLEAUT32.dll
0x00007fffa9100000 - 0x00007fffa9132000 	C:\WINDOWS\SYSTEM32\dbgcore.DLL
0x00007fffb41b0000 - 0x00007fffb422b000 	C:\WINDOWS\System32\bcryptPrimitives.dll
0x00007fffada20000 - 0x00007fffada2f000 	C:\Users\bolly\.jdks\openjdk-21.0.1\bin\instrument.dll
0x00007fffa6280000 - 0x00007fffa629f000 	C:\Users\bolly\.jdks\openjdk-21.0.1\bin\java.dll
0x00007fffb6390000 - 0x00007fffb6bf8000 	C:\WINDOWS\System32\SHELL32.dll
0x00007fffb1ec0000 - 0x00007fffb27be000 	C:\WINDOWS\SYSTEM32\windows.storage.dll
0x00007fffb1d80000 - 0x00007fffb1ebf000 	C:\WINDOWS\SYSTEM32\wintypes.dll
0x00007fffb5760000 - 0x00007fffb5859000 	C:\WINDOWS\System32\SHCORE.dll
0x00007fffb5080000 - 0x00007fffb50de000 	C:\WINDOWS\System32\shlwapi.dll
0x00007fffb3ea0000 - 0x00007fffb3ec1000 	C:\WINDOWS\SYSTEM32\profapi.dll
0x00007fff8c6b0000 - 0x00007fff8c787000 	C:\Users\bolly\.jdks\openjdk-21.0.1\bin\jsvml.dll
0x00007fffa4fd0000 - 0x00007fffa4fe8000 	C:\Users\bolly\.jdks\openjdk-21.0.1\bin\zip.dll
0x00007fffa6370000 - 0x00007fffa6380000 	C:\Users\bolly\.jdks\openjdk-21.0.1\bin\net.dll
0x00007fffadb50000 - 0x00007fffadc86000 	C:\WINDOWS\SYSTEM32\WINHTTP.dll
0x00007fffb3410000 - 0x00007fffb3479000 	C:\WINDOWS\system32\mswsock.dll
0x00007fffa5d20000 - 0x00007fffa5d36000 	C:\Users\bolly\.jdks\openjdk-21.0.1\bin\nio.dll
0x00007fffa4ea0000 - 0x00007fffa4eb0000 	C:\Users\bolly\.jdks\openjdk-21.0.1\bin\verify.dll
0x00007fffaa7f0000 - 0x00007fffaa7fa000 	C:\Users\bolly\.jdks\openjdk-21.0.1\bin\management.dll
0x00007fffaa550000 - 0x00007fffaa55b000 	C:\Users\bolly\.jdks\openjdk-21.0.1\bin\management_ext.dll
0x00007fffb60b0000 - 0x00007fffb60b8000 	C:\WINDOWS\System32\PSAPI.DLL
0x00007fffb2a10000 - 0x00007fffb2a3d000 	C:\WINDOWS\SYSTEM32\IPHLPAPI.DLL
0x00007fffb5d50000 - 0x00007fffb5d59000 	C:\WINDOWS\System32\NSI.dll
0x00007fffa6c20000 - 0x00007fffa6c2e000 	C:\Users\bolly\.jdks\openjdk-21.0.1\bin\sunmscapi.dll
0x00007fffb3fa0000 - 0x00007fffb4107000 	C:\WINDOWS\System32\CRYPT32.dll
0x00007fffb3830000 - 0x00007fffb385e000 	C:\WINDOWS\SYSTEM32\ncrypt.dll
0x00007fffb37f0000 - 0x00007fffb3827000 	C:\WINDOWS\SYSTEM32\NTASN1.dll
0x00007fffaa0f0000 - 0x00007fffaa0f8000 	C:\WINDOWS\system32\wshunix.dll
0x00007fffb3670000 - 0x00007fffb368b000 	C:\WINDOWS\SYSTEM32\CRYPTSP.dll
0x00007fffb2f00000 - 0x00007fffb2f35000 	C:\WINDOWS\system32\rsaenh.dll
0x00007fffb3510000 - 0x00007fffb3538000 	C:\WINDOWS\SYSTEM32\USERENV.dll
0x00007fffb3690000 - 0x00007fffb369c000 	C:\WINDOWS\SYSTEM32\CRYPTBASE.dll
0x00007fffa62c0000 - 0x00007fffa62c7000 	C:\Users\bolly\.jdks\openjdk-21.0.1\bin\extnet.dll
0x00007fff74a90000 - 0x00007fff74d58000 	C:\Users\bolly\AppData\Local\Temp\io_grpc_netty_shaded_netty_tcnative_windows_x86_642516306421334391862.dll
0x00007fffb09f0000 - 0x00007fffb09f9000 	C:\Users\bolly\.jdks\openjdk-21.0.1\bin\attach.dll

dbghelp: loaded successfully - version: 4.0.5 - missing functions: none
symbol engine: initialized successfully - sym options: 0x614 - pdb path: .;C:\Users\bolly\.jdks\openjdk-21.0.1\bin;C:\WINDOWS\SYSTEM32;C:\WINDOWS\WinSxS\amd64_microsoft.windows.common-controls_6595b64144ccf1df_6.0.22621.3672_none_2713b9d173822955;C:\Users\bolly\.jdks\openjdk-21.0.1\bin\server;C:\Users\bolly\AppData\Local\Temp

VM Arguments:
jvm_args: -Djava.security.manager=allow -XX:+IgnoreUnrecognizedVMOptions -Xms128m -Xmx2048m -Dsun.io.useCanonCaches=false -Dsun.java2d.metal=true -Djbr.catch.SIGABRT=true -Djdk.http.auth.tunneling.disabledSchemes="" -Djdk.attach.allowAttachSelf=true -Djdk.module.illegalAccess.silent=true -Dkotlinx.coroutines.debug=off -Xmx4096m -Djna.boot.library.path=C:\Program Files\JetBrains\IntelliJ IDEA 2023.3.4/lib/jna/amd64 -Dpty4j.preferred.native.folder=C:\Program Files\JetBrains\IntelliJ IDEA 2023.3.4/lib/pty4j -Djna.nosys=true -Djna.noclasspath=true -Dintellij.platform.runtime.repository.path=C:\Program Files\JetBrains\IntelliJ IDEA 2023.3.4/modules/module-descriptors.jar -Dsplash=true -Daether.connector.resumeDownloads=false -Dide.native.launcher=true -Djcef.sandbox.ptr=000001BB1D33FCE0 -ea -javaagent:C:\Users\bolly\AppData\Roaming\JetBrains\IntelliJIdea2023.3\plugins\diffblue-cover-ij\lib\launcher-2024.08.01-shared-jar.jar -Dlogback.configurationFile=C:\Users\bolly\AppData\Local\Temp\diffblue\config\logback-remote-service.xml -Dcom.diffblue.springIsolationJar=C:\Users\bolly\AppData\Roaming\JetBrains\IntelliJIdea2023.3\plugins\diffblue-cover-ij\META-INF\cover-isolation-layer-2024.08.01.jar -Dcover.jar.path=C:\Users\bolly\AppData\Roaming\JetBrains\IntelliJIdea2023.3\plugins\diffblue-cover-ij\META-INF\cover-service-analyzer-2024.08.01.jar -Dcom.diffblue.assertionSuggestionJar=C:\Users\bolly\AppData\Roaming\JetBrains\IntelliJIdea2023.3\plugins\diffblue-cover-ij\META-INF\cover-service-analyzer-2024.08.01.jar -Dcover.main.class=com.diffblue.cover.service.analyzer.Main 
java_command: C:\Users\bolly\AppData\Roaming\JetBrains\IntelliJIdea2023.3\plugins\diffblue-cover-ij\lib\launcher-2024.08.01-shared-jar.jar --service-lifespan 1800 --monitoring-service-port 62973 --debug-log
java_class_path (initial): C:\Users\bolly\AppData\Roaming\JetBrains\IntelliJIdea2023.3\plugins\diffblue-cover-ij\lib\launcher-2024.08.01-shared-jar.jar
Launcher Type: SUN_STANDARD

[Global flags]
     intx CICompilerCount                          = 3                                         {product} {ergonomic}
     uint ConcGCThreads                            = 1                                         {product} {ergonomic}
     uint G1ConcRefinementThreads                  = 4                                         {product} {ergonomic}
   size_t G1HeapRegionSize                         = 2097152                                   {product} {ergonomic}
    uintx GCDrainStackTargetSize                   = 64                                        {product} {ergonomic}
     bool IgnoreUnrecognizedVMOptions              = true                                      {product} {command line}
   size_t InitialHeapSize                          = 134217728                                 {product} {command line}
   size_t MarkStackSize                            = 4194304                                   {product} {ergonomic}
   size_t MaxHeapSize                              = 4294967296                                {product} {command line}
   size_t MaxNewSize                               = 2575302656                                {product} {ergonomic}
   size_t MinHeapDeltaBytes                        = 2097152                                   {product} {ergonomic}
   size_t MinHeapSize                              = 134217728                                 {product} {command line}
    uintx NonNMethodCodeHeapSize                   = 5832780                                {pd product} {ergonomic}
    uintx NonProfiledCodeHeapSize                  = 122912730                              {pd product} {ergonomic}
    uintx ProfiledCodeHeapSize                     = 122912730                              {pd product} {ergonomic}
    uintx ReservedCodeCacheSize                    = 251658240                              {pd product} {ergonomic}
     bool SegmentedCodeCache                       = true                                      {product} {ergonomic}
   size_t SoftMaxHeapSize                          = 4294967296                             {manageable} {ergonomic}
     bool UseCompressedOops                        = true                           {product lp64_product} {ergonomic}
     bool UseG1GC                                  = true                                      {product} {ergonomic}
     bool UseLargePagesIndividualAllocation        = false                                  {pd product} {ergonomic}

Logging:
Log output configuration:
 #0: stdout all=warning uptime,level,tags foldmultilines=false
 #1: stderr all=off uptime,level,tags foldmultilines=false

Environment Variables:
JAVA_HOME=C:\Program Files\Java\jdk-21
PATH=C:\Program Files (x86)\Common Files\Oracle\Java\javapath;C:\WINDOWS\system32;C:\WINDOWS;C:\WINDOWS\System32\Wbem;C:\WINDOWS\System32\WindowsPowerShell\v1.0\;C:\WINDOWS\System32\OpenSSH\;C:\Program Files\dotnet\;C:\ProgramData\chocolatey\bin;C:\Program Files\nodejs\;C:\Program Files\Git\cmd;C:\Users\bolly\AppData\Local\Microsoft\WindowsApps;C:\Users\bolly\AppData\Local\Programs\Microsoft VS Code\bin;C:\Users\bolly\AppData\Roaming\npm;C:\Program Files\JetBrains\IntelliJ IDEA 2023.3.4\bin;;C:\Users\bolly\AppData\Local\Android\Sdk\platform-tools;
USERNAME=bolly
OS=Windows_NT
PROCESSOR_IDENTIFIER=Intel64 Family 6 Model 140 Stepping 1, GenuineIntel
TMP=C:\Users\bolly\AppData\Local\Temp
TEMP=C:\Users\bolly\AppData\Local\Temp




Periodic native trim disabled

---------------  S Y S T E M  ---------------

OS:
 Windows 11 , 64 bit Build 22621 (10.0.22621.3958)
OS uptime: 12 days 6:06 hours

CPU: total 4 (initial active 4) (2 cores per cpu, 2 threads per core) family 6 model 140 stepping 1 microcode 0xb4, cx8, cmov, fxsr, ht, mmx, 3dnowpref, sse, sse2, sse3, ssse3, sse4.1, sse4.2, popcnt, lzcnt, tsc, tscinvbit, avx, avx2, aes, erms, clmul, bmi1, bmi2, adx, avx512f, avx512dq, avx512cd, avx512bw, avx512vl, sha, fma, vzeroupper, avx512_vpopcntdq, avx512_vpclmulqdq, avx512_vaes, avx512_vnni, clflush, clflushopt, clwb, avx512_vbmi2, avx512_vbmi, rdtscp, rdpid, fsrm, gfni, avx512_bitalg, f16c, pku, cet_ibt, cet_ss, avx512_ifma
Processor Information for all 4 processors :
  Max Mhz: 2901, Current Mhz: 2901, Mhz Limit: 2901

Memory: 4k page, system-wide physical 7834M (1025M free)
TotalPageFile size 31367M (AvailPageFile size 87M)
current process WorkingSet (physical memory assigned to process): 857M, peak: 859M
current process commit charge ("private bytes"): 907M, peak: 1625M

vm_info: OpenJDK 64-Bit Server VM (21.0.1+12-29) for windows-amd64 JRE (21.0.1+12-29), built on 2023-10-05T13:27:09Z by "mach5one" with MS VC++ 17.1 (VS2022)

END.
