#
# There is insufficient memory for the Java Runtime Environment to continue.
# Native memory allocation (mmap) failed to map 39845888 bytes for G1 virtual space
# Possible reasons:
#   The system is out of physical RAM or swap space
#   The process is running with CompressedOops enabled, and the Java Heap may be blocking the growth of the native heap
# Possible solutions:
#   Reduce memory load on the system
#   Increase physical memory or swap space
#   Check if swap backing store is full
#   Decrease Java heap size (-Xmx/-Xms)
#   Decrease number of Java threads
#   Decrease Java thread stack sizes (-Xss)
#   Set larger code cache with -XX:ReservedCodeCacheSize=
#   JVM is running with Zero Based Compressed Oops mode in which the Java heap is
#     placed in the first 32GB address space. The Java Heap base address is the
#     maximum limit for the native heap growth. Please use -XX:HeapBaseMinAddress
#     to set the Java Heap base and to place the Java Heap above 32GB virtual address.
# This output file may be truncated or incomplete.
#
#  Out of Memory Error (os_windows.cpp:3600), pid=17268, tid=11292
#
# JRE version: OpenJDK Runtime Environment (21.0.1+12) (build 21.0.1+12-29)
# Java VM: OpenJDK 64-Bit Server VM (21.0.1+12-29, mixed mode, sharing, tiered, compressed oops, compressed class ptrs, g1 gc, windows-amd64)
# No core dump will be written. Minidumps are not enabled by default on client versions of Windows
#

---------------  S U M M A R Y ------------

Command Line: -Djava.security.manager=allow -XX:+IgnoreUnrecognizedVMOptions -Xms128m -Xmx2048m -Dsun.io.useCanonCaches=false -Dsun.java2d.metal=true -Djbr.catch.SIGABRT=true -Djdk.http.auth.tunneling.disabledSchemes="" -Djdk.attach.allowAttachSelf=true -Djdk.module.illegalAccess.silent=true -Dkotlinx.coroutines.debug=off -Xmx4096m -Djna.boot.library.path=C:\Program Files\JetBrains\IntelliJ IDEA 2023.3.4/lib/jna/amd64 -Dpty4j.preferred.native.folder=C:\Program Files\JetBrains\IntelliJ IDEA 2023.3.4/lib/pty4j -Djna.nosys=true -Djna.noclasspath=true -Dintellij.platform.runtime.repository.path=C:\Program Files\JetBrains\IntelliJ IDEA 2023.3.4/modules/module-descriptors.jar -Dsplash=true -Daether.connector.resumeDownloads=false -Dide.native.launcher=true -Djcef.sandbox.ptr=000001BB1D33FCE0 -ea -javaagent:C:\Users\bolly\AppData\Roaming\JetBrains\IntelliJIdea2023.3\plugins\diffblue-cover-ij\lib\launcher-2024.08.01-shared-jar.jar -Dlogback.configurationFile=C:\Users\bolly\AppData\Local\Temp\diffblue\config\logback-remote-service.xml -Dcom.diffblue.springIsolationJar=C:\Users\bolly\AppData\Roaming\JetBrains\IntelliJIdea2023.3\plugins\diffblue-cover-ij\META-INF\cover-isolation-layer-2024.08.01.jar -Dcover.jar.path=C:\Users\bolly\AppData\Roaming\JetBrains\IntelliJIdea2023.3\plugins\diffblue-cover-ij\META-INF\cover-service-analyzer-2024.08.01.jar -Dcom.diffblue.assertionSuggestionJar=C:\Users\bolly\AppData\Roaming\JetBrains\IntelliJIdea2023.3\plugins\diffblue-cover-ij\META-INF\cover-service-analyzer-2024.08.01.jar -Dcover.main.class=com.diffblue.cover.service.analyzer.Main C:\Users\bolly\AppData\Roaming\JetBrains\IntelliJIdea2023.3\plugins\diffblue-cover-ij\lib\launcher-2024.08.01-shared-jar.jar --service-lifespan 1800 --monitoring-service-port 63225 --debug-log

Host: 11th Gen Intel(R) Core(TM) i3-1115G4 @ 3.00GHz, 4 cores, 7G,  Windows 11 , 64 bit Build 22621 (10.0.22621.3958)
Time: Tue Aug 27 11:21:16 2024 Paris, Madrid (heure duild 22621 (10.0.22621.3958) elapsed time: 8.776960 seconds (0d 0h 0m 8s)

---------------  T H R E A D  ---------------

Current thread (0x0000012630f07860):  VMThread "VM Thread"          [id=11292, stack(0x00000003d9f00000,0x00000003da000000) (1024K)]

Stack: [0x00000003d9f00000,0x00000003da000000]
Native frames: (J=compiled Java code, j=interpreted, Vv=VM code, C=native code)
V  [jvm.dll+0x6c9029]
V  [jvm.dll+0x854b81]
V  [jvm.dll+0x856e5e]
V  [jvm.dll+0x857543]
V  [jvm.dll+0x280c06]
V  [jvm.dll+0x6c5715]
V  [jvm.dll+0x6ba10a]
V  [jvm.dll+0x3557ea]
V  [jvm.dll+0x35d436]
V  [jvm.dll+0x3ae1be]
V  [jvm.dll+0x3ae468]
V  [jvm.dll+0x3291fc]
V  [jvm.dll+0x329287]
V  [jvm.dll+0x36db3c]
V  [jvm.dll+0x36c33d]
V  [jvm.dll+0x328971]
V  [jvm.dll+0x36ba4a]
V  [jvm.dll+0x85d048]
V  [jvm.dll+0x85e144]
V  [jvm.dll+0x85e680]
V  [jvm.dll+0x85e923]
V  [jvm.dll+0x7fd728]
V  [jvm.dll+0x6c777d]
C  [ucrtbase.dll+0x29333]
C  [KERNEL32.DLL+0x1257d]
C  [ntdll.dll+0x5af28]

VM_Operation (0x00000003d98fdf20): G1CollectForAllocation, mode: safepoint, requested by thread 0x00000126106cf5d0


---------------  P R O C E S S  ---------------

Threads class SMR info:
_java_thread_list=0x0000012676bc9710, length=12, elements={
0x00000126106cf5d0, 0x0000012630f25950, 0x0000012630f27070, 0x0000012630f29e10,
0x0000012630f2bb70, 0x0000012630f2e980, 0x0000012630f32ae0, 0x0000012630f33d00,
0x0000012630f42050, 0x0000012630eef4a0, 0x00000126763408b0, 0x0000012676cdc8f0
}

Java Threads: ( => current thread )
  0x00000126106cf5d0 JavaThread "main"                              [_thread_blocked, id=24904, stack(0x00000003d9800000,0x00000003d9900000) (1024K)]
  0x0000012630f25950 JavaThread "Reference Handler"          daemon [_thread_blocked, id=928, stack(0x00000003da000000,0x00000003da100000) (1024K)]
  0x0000012630f27070 JavaThread "Finalizer"                  daemon [_thread_blocked, id=13544, stack(0x00000003da100000,0x00000003da200000) (1024K)]
  0x0000012630f29e10 JavaThread "Signal Dispatcher"          daemon [_thread_blocked, id=27660, stack(0x00000003da200000,0x00000003da300000) (1024K)]
  0x0000012630f2bb70 JavaThread "Attach Listener"            daemon [_thread_blocked, id=12948, stack(0x00000003da300000,0x00000003da400000) (1024K)]
  0x0000012630f2e980 JavaThread "Service Thread"             daemon [_thread_blocked, id=28412, stack(0x00000003da400000,0x00000003da500000) (1024K)]
  0x0000012630f32ae0 JavaThread "Monitor Deflation Thread"   daemon [_thread_blocked, id=24152, stack(0x00000003da500000,0x00000003da600000) (1024K)]
  0x0000012630f33d00 JavaThread "C2 CompilerThread0"         daemon [_thread_blocked, id=17512, stack(0x00000003da600000,0x00000003da700000) (1024K)]
  0x0000012630f42050 JavaThread "C1 CompilerThread0"         daemon [_thread_blocked, id=26936, stack(0x00000003da700000,0x00000003da800000) (1024K)]
  0x0000012630eef4a0 JavaThread "Common-Cleaner"             daemon [_thread_blocked, id=26384, stack(0x00000003da800000,0x00000003da900000) (1024K)]
  0x00000126763408b0 JavaThread "Notification Thread"        daemon [_thread_blocked, id=15076, stack(0x00000003da900000,0x00000003daa00000) (1024K)]
  0x0000012676cdc8f0 JavaThread "Service log dispatcher"            [_thread_blocked, id=6620, stack(0x00000003dac00000,0x00000003dad00000) (1024K)]
Total: 12

Other Threads:
=>0x0000012630f07860 VMThread "VM Thread"                           [id=11292, stack(0x00000003d9f00000,0x00000003da000000) (1024K)]
  0x0000012630eee220 WatcherThread "VM Periodic Task Thread"        [id=17640, stack(0x00000003d9e00000,0x00000003d9f00000) (1024K)]
  0x0000012610734e90 WorkerThread "GC Thread#0"                     [id=10644, stack(0x00000003d9900000,0x00000003d9a00000) (1024K)]
  0x0000012630f08a80 WorkerThread "GC Thread#1"                     [id=1132, stack(0x00000003daa00000,0x00000003dab00000) (1024K)]
  0x0000012630f08e20 WorkerThread "GC Thread#2"                     [id=16684, stack(0x00000003dab00000,0x00000003dac00000) (1024K)]
  0x0000012630f07fa0 WorkerThread "GC Thread#3"                     [id=14856, stack(0x00000003dad00000,0x00000003dae00000) (1024K)]
  0x0000012610745ec0 ConcurrentGCThread "G1 Main Marker"            [id=26640, stack(0x00000003d9a00000,0x00000003d9b00000) (1024K)]
  0x0000012610748010 WorkerThread "G1 Conc#0"                       [id=13024, stack(0x00000003d9b00000,0x00000003d9c00000) (1024K)]
  0x00000126107816c0 ConcurrentGCThread "G1 Refine#0"               [id=8728, stack(0x00000003d9c00000,0x00000003d9d00000) (1024K)]
  0x0000012630dd11b0 ConcurrentGCThread "G1 Service"                [id=26824, stack(0x00000003d9d00000,0x00000003d9e00000) (1024K)]
Total: 10

Threads with active compile tasks:
Total: 0

VM state: at safepoint (normal execution)

VM Mutex/Monitor currently owned by a thread:  ([mutex/lock_event])
[0x00007fff440ca5f8] Threads_lock - owner thread: 0x0000012630f07860
[0x00007fff440ca6f8] Heap_lock - owner thread: 0x00000126106cf5d0

Heap address: 0x0000000700000000, size: 4096 MB, Compressed Oops mode: Zero based, Oop shift amount: 3

CDS archive(s) mapped at: [0x0000012631000000-0x0000012631c90000-0x0000012631c90000), size 13172736, SharedBaseAddress: 0x0000012631000000, ArchiveRelocationMode: 1.
Compressed class space mapped at: 0x0000012632000000-0x0000012672000000, reserved size: 1073741824
Narrow klass base: 0x0000012631000000, Narrow klass shift: 0, Narrow klass range: 0x100000000

GC Precious Log:
 CardTable entry size: 512
 Card Set container configuration: InlinePtr #cards 4 size 8 Array Of Cards #cards 16 size 48 Howl #buckets 8 coarsen threshold 3686 Howl Bitmap #cards 512 size 80 coarsen threshold 460 Card regions per heap region 1 cards per card region 4096
 CPUs: 4 total, 4 available
 Memory: 7834M
 Large Page Support: Disabled
 NUMA Support: Disabled
 Compressed Oops: Enabled (Zero based)
 Heap Region Size: 2M
 Heap Min Capacity: 128M
 Heap Initial Capacity: 128M
 Heap Max Capacity: 4G
 Pre-touch: Disabled
 Parallel Workers: 4
 Concurrent Workers: 1
 Concurrent Refinement Workers: 4
 Periodic GC: Disabled

Heap:
 garbage-first heap   total 256000K, used 186267K [0x0000000700000000, 0x0000000800000000)
  region size 2048K, 3 young (6144K), 3 survivors (6144K)
 Metaspace       used 12212K, committed 12480K, reserved 1114112K
  class space    used 1387K, committed 1536K, reserved 1048576K

Heap Regions: E=young(eden), S=young(survivor), O=old, HS=humongous(starts), HC=humongous(continues), CS=collection set, F=free, TAMS=top-at-mark-start, PB=parsable bottom
|   0|0x0000000700000000, 0x0000000700200000, 0x0000000700200000|100%|HS|  |TAMS 0x0000000700000000| PB 0x0000000700000000| Complete 
|   1|0x0000000700200000, 0x0000000700400000, 0x0000000700400000|100%|HC|  |TAMS 0x0000000700200000| PB 0x0000000700200000| Complete 
|   2|0x0000000700400000, 0x0000000700600000, 0x0000000700600000|100%|HC|  |TAMS 0x0000000700400000| PB 0x0000000700400000| Complete 
|   3|0x0000000700600000, 0x0000000700800000, 0x0000000700800000|100%| O|  |TAMS 0x0000000700600000| PB 0x0000000700600000| Untracked 
|   4|0x0000000700800000, 0x0000000700a00000, 0x0000000700a00000|100%| O|  |TAMS 0x0000000700800000| PB 0x0000000700800000| Untracked 
|   5|0x0000000700a00000, 0x0000000700c00000, 0x0000000700c00000|100%| O|  |TAMS 0x0000000700a00000| PB 0x0000000700a00000| Untracked 
|   6|0x0000000700c00000, 0x0000000700e00000, 0x0000000700e00000|100%| O|  |TAMS 0x0000000700c00000| PB 0x0000000700c00000| Untracked 
|   7|0x0000000700e00000, 0x0000000701000000, 0x0000000701000000|100%| O|  |TAMS 0x0000000700e00000| PB 0x0000000700e00000| Untracked 
|   8|0x0000000701000000, 0x0000000701200000, 0x0000000701200000|100%| O|  |TAMS 0x0000000701000000| PB 0x0000000701000000| Untracked 
|   9|0x0000000701200000, 0x0000000701400000, 0x0000000701400000|100%| O|  |TAMS 0x0000000701200000| PB 0x0000000701200000| Untracked 
|  10|0x0000000701400000, 0x0000000701600000, 0x0000000701600000|100%| O|  |TAMS 0x0000000701400000| PB 0x0000000701400000| Untracked 
|  11|0x0000000701600000, 0x0000000701800000, 0x0000000701800000|100%| O|  |TAMS 0x0000000701600000| PB 0x0000000701600000| Untracked 
|  12|0x0000000701800000, 0x0000000701a00000, 0x0000000701a00000|100%| O|  |TAMS 0x0000000701800000| PB 0x0000000701800000| Untracked 
|  13|0x0000000701a00000, 0x0000000701c00000, 0x0000000701c00000|100%| O|  |TAMS 0x0000000701a00000| PB 0x0000000701a00000| Untracked 
|  14|0x0000000701c00000, 0x0000000701e00000, 0x0000000701e00000|100%| O|  |TAMS 0x0000000701c00000| PB 0x0000000701c00000| Untracked 
|  15|0x0000000701e00000, 0x0000000702000000, 0x0000000702000000|100%| O|  |TAMS 0x0000000701e00000| PB 0x0000000701e00000| Untracked 
|  16|0x0000000702000000, 0x0000000702200000, 0x0000000702200000|100%| O|  |TAMS 0x0000000702000000| PB 0x0000000702000000| Untracked 
|  17|0x0000000702200000, 0x0000000702400000, 0x0000000702400000|100%| O|  |TAMS 0x0000000702200000| PB 0x0000000702200000| Untracked 
|  18|0x0000000702400000, 0x0000000702600000, 0x0000000702600000|100%| O|  |TAMS 0x0000000702400000| PB 0x0000000702400000| Untracked 
|  19|0x0000000702600000, 0x0000000702800000, 0x0000000702800000|100%| O|  |TAMS 0x0000000702600000| PB 0x0000000702600000| Untracked 
|  20|0x0000000702800000, 0x0000000702a00000, 0x0000000702a00000|100%| O|  |TAMS 0x0000000702800000| PB 0x0000000702800000| Untracked 
|  21|0x0000000702a00000, 0x0000000702c00000, 0x0000000702c00000|100%| O|  |TAMS 0x0000000702a00000| PB 0x0000000702a00000| Untracked 
|  22|0x0000000702c00000, 0x0000000702e00000, 0x0000000702e00000|100%| O|  |TAMS 0x0000000702c00000| PB 0x0000000702c00000| Untracked 
|  23|0x0000000702e00000, 0x0000000703000000, 0x0000000703000000|100%| O|  |TAMS 0x0000000702e00000| PB 0x0000000702e00000| Untracked 
|  24|0x0000000703000000, 0x0000000703200000, 0x0000000703200000|100%| O|  |TAMS 0x0000000703000000| PB 0x0000000703000000| Untracked 
|  25|0x0000000703200000, 0x0000000703200000, 0x0000000703400000|  0%| F|  |TAMS 0x0000000703200000| PB 0x0000000703200000| Untracked 
|  26|0x0000000703400000, 0x0000000703400000, 0x0000000703600000|  0%| F|  |TAMS 0x0000000703400000| PB 0x0000000703400000| Untracked 
|  27|0x0000000703600000, 0x0000000703600000, 0x0000000703800000|  0%| F|  |TAMS 0x0000000703600000| PB 0x0000000703600000| Untracked 
|  28|0x0000000703800000, 0x0000000703a00000, 0x0000000703a00000|100%| O|  |TAMS 0x0000000703800000| PB 0x0000000703800000| Untracked 
|  29|0x0000000703a00000, 0x0000000703c00000, 0x0000000703c00000|100%| O|  |TAMS 0x0000000703a00000| PB 0x0000000703a00000| Untracked 
|  30|0x0000000703c00000, 0x0000000703e00000, 0x0000000703e00000|100%| O|  |TAMS 0x0000000703c00000| PB 0x0000000703c00000| Untracked 
|  31|0x0000000703e00000, 0x0000000704000000, 0x0000000704000000|100%| O|  |TAMS 0x0000000703e00000| PB 0x0000000703e00000| Untracked 
|  32|0x0000000704000000, 0x0000000704000000, 0x0000000704200000|  0%| F|  |TAMS 0x0000000704000000| PB 0x0000000704000000| Untracked 
|  33|0x0000000704200000, 0x0000000704400000, 0x0000000704400000|100%| O|  |TAMS 0x0000000704200000| PB 0x0000000704200000| Untracked 
|  34|0x0000000704400000, 0x0000000704600000, 0x0000000704600000|100%| O|  |TAMS 0x0000000704400000| PB 0x0000000704400000| Untracked 
|  35|0x0000000704600000, 0x0000000704800000, 0x0000000704800000|100%| O|  |TAMS 0x0000000704600000| PB 0x0000000704600000| Untracked 
|  36|0x0000000704800000, 0x0000000704a00000, 0x0000000704a00000|100%| O|  |TAMS 0x0000000704800000| PB 0x0000000704800000| Untracked 
|  37|0x0000000704a00000, 0x0000000704c00000, 0x0000000704c00000|100%| O|  |TAMS 0x0000000704a00000| PB 0x0000000704a00000| Untracked 
|  38|0x0000000704c00000, 0x0000000704e00000, 0x0000000704e00000|100%| O|  |TAMS 0x0000000704c00000| PB 0x0000000704c00000| Untracked 
|  39|0x0000000704e00000, 0x0000000705000000, 0x0000000705000000|100%| O|  |TAMS 0x0000000704e00000| PB 0x0000000704e00000| Untracked 
|  40|0x0000000705000000, 0x0000000705200000, 0x0000000705200000|100%| O|  |TAMS 0x0000000705000000| PB 0x0000000705000000| Untracked 
|  41|0x0000000705200000, 0x0000000705400000, 0x0000000705400000|100%| O|  |TAMS 0x0000000705200000| PB 0x0000000705200000| Untracked 
|  42|0x0000000705400000, 0x0000000705600000, 0x0000000705600000|100%| O|  |TAMS 0x0000000705400000| PB 0x0000000705400000| Untracked 
|  43|0x0000000705600000, 0x0000000705800000, 0x0000000705800000|100%| O|  |TAMS 0x0000000705600000| PB 0x0000000705600000| Untracked 
|  44|0x0000000705800000, 0x0000000705a00000, 0x0000000705a00000|100%| O|  |TAMS 0x0000000705800000| PB 0x0000000705800000| Untracked 
|  45|0x0000000705a00000, 0x0000000705a00000, 0x0000000705c00000|  0%| F|  |TAMS 0x0000000705a00000| PB 0x0000000705a00000| Untracked 
|  46|0x0000000705c00000, 0x0000000705e00000, 0x0000000705e00000|100%| O|  |TAMS 0x0000000705c00000| PB 0x0000000705c00000| Untracked 
|  47|0x0000000705e00000, 0x0000000705e00000, 0x0000000706000000|  0%| F|  |TAMS 0x0000000705e00000| PB 0x0000000705e00000| Untracked 
|  48|0x0000000706000000, 0x00000007061e6e20, 0x0000000706200000| 95%| O|  |TAMS 0x0000000706000000| PB 0x0000000706000000| Untracked 
|  49|0x0000000706200000, 0x0000000706200000, 0x0000000706400000|  0%| F|  |TAMS 0x0000000706200000| PB 0x0000000706200000| Untracked 
|  50|0x0000000706400000, 0x0000000706400000, 0x0000000706600000|  0%| F|  |TAMS 0x0000000706400000| PB 0x0000000706400000| Untracked 
|  51|0x0000000706600000, 0x0000000706800000, 0x0000000706800000|100%| O|  |TAMS 0x0000000706600000| PB 0x0000000706600000| Untracked 
|  52|0x0000000706800000, 0x0000000706a00000, 0x0000000706a00000|100%| O|  |TAMS 0x0000000706800000| PB 0x0000000706800000| Untracked 
|  53|0x0000000706a00000, 0x0000000706c00000, 0x0000000706c00000|100%|HS|  |TAMS 0x0000000706a00000| PB 0x0000000706a00000| Untracked 
|  54|0x0000000706c00000, 0x0000000706e00000, 0x0000000706e00000|100%|HC|  |TAMS 0x0000000706c00000| PB 0x0000000706c00000| Untracked 
|  55|0x0000000706e00000, 0x0000000707000000, 0x0000000707000000|100%|HC|  |TAMS 0x0000000706e00000| PB 0x0000000706e00000| Untracked 
|  56|0x0000000707000000, 0x0000000707200000, 0x0000000707200000|100%| O|  |TAMS 0x0000000707000000| PB 0x0000000707000000| Untracked 
|  57|0x0000000707200000, 0x0000000707400000, 0x0000000707400000|100%| O|  |TAMS 0x0000000707200000| PB 0x0000000707200000| Untracked 
|  58|0x0000000707400000, 0x0000000707600000, 0x0000000707600000|100%| O|  |TAMS 0x0000000707400000| PB 0x0000000707400000| Untracked 
|  59|0x0000000707600000, 0x0000000707800000, 0x0000000707800000|100%|HS|  |TAMS 0x0000000707600000| PB 0x0000000707600000| Complete 
|  60|0x0000000707800000, 0x0000000707a00000, 0x0000000707a00000|100%|HC|  |TAMS 0x0000000707800000| PB 0x0000000707800000| Complete 
|  61|0x0000000707a00000, 0x0000000707c00000, 0x0000000707c00000|100%|HC|  |TAMS 0x0000000707a00000| PB 0x0000000707a00000| Complete 
|  62|0x0000000707c00000, 0x0000000707e00000, 0x0000000707e00000|100%|HS|  |TAMS 0x0000000707c00000| PB 0x0000000707c00000| Complete 
|  63|0x0000000707e00000, 0x0000000708000000, 0x0000000708000000|100%|HC|  |TAMS 0x0000000707e00000| PB 0x0000000707e00000| Complete 
|  64|0x0000000708000000, 0x0000000708200000, 0x0000000708200000|100%|HC|  |TAMS 0x0000000708000000| PB 0x0000000708000000| Complete 
|  65|0x0000000708200000, 0x0000000708400000, 0x0000000708400000|100%|HS|  |TAMS 0x0000000708200000| PB 0x0000000708200000| Complete 
|  66|0x0000000708400000, 0x0000000708600000, 0x0000000708600000|100%|HC|  |TAMS 0x0000000708400000| PB 0x0000000708400000| Complete 
|  67|0x0000000708600000, 0x0000000708800000, 0x0000000708800000|100%|HC|  |TAMS 0x0000000708600000| PB 0x0000000708600000| Complete 
|  68|0x0000000708800000, 0x0000000708a00000, 0x0000000708a00000|100%| O|  |TAMS 0x0000000708800000| PB 0x0000000708800000| Untracked 
|  69|0x0000000708a00000, 0x0000000708c00000, 0x0000000708c00000|100%| O|  |TAMS 0x0000000708a00000| PB 0x0000000708a00000| Untracked 
|  70|0x0000000708c00000, 0x0000000708e00000, 0x0000000708e00000|100%| O|  |TAMS 0x0000000708c00000| PB 0x0000000708c00000| Untracked 
|  71|0x0000000708e00000, 0x0000000709000000, 0x0000000709000000|100%| O|  |TAMS 0x0000000708e00000| PB 0x0000000708e00000| Untracked 
|  72|0x0000000709000000, 0x0000000709200000, 0x0000000709200000|100%| O|  |TAMS 0x0000000709000000| PB 0x0000000709000000| Untracked 
|  73|0x0000000709200000, 0x0000000709400000, 0x0000000709400000|100%| O|  |TAMS 0x0000000709200000| PB 0x0000000709200000| Untracked 
|  74|0x0000000709400000, 0x0000000709600000, 0x0000000709600000|100%| O|  |TAMS 0x0000000709400000| PB 0x0000000709400000| Untracked 
|  75|0x0000000709600000, 0x0000000709800000, 0x0000000709800000|100%| O|  |TAMS 0x0000000709600000| PB 0x0000000709600000| Untracked 
|  76|0x0000000709800000, 0x0000000709a00000, 0x0000000709a00000|100%| O|  |TAMS 0x0000000709800000| PB 0x0000000709800000| Untracked 
|  77|0x0000000709a00000, 0x0000000709c00000, 0x0000000709c00000|100%| O|  |TAMS 0x0000000709a00000| PB 0x0000000709a00000| Untracked 
|  78|0x0000000709c00000, 0x0000000709e00000, 0x0000000709e00000|100%|HS|  |TAMS 0x0000000709c00000| PB 0x0000000709c00000| Complete 
|  79|0x0000000709e00000, 0x000000070a000000, 0x000000070a000000|100%|HC|  |TAMS 0x0000000709e00000| PB 0x0000000709e00000| Complete 
|  80|0x000000070a000000, 0x000000070a200000, 0x000000070a200000|100%|HC|  |TAMS 0x000000070a000000| PB 0x000000070a000000| Complete 
|  81|0x000000070a200000, 0x000000070a400000, 0x000000070a400000|100%|HS|  |TAMS 0x000000070a200000| PB 0x000000070a200000| Complete 
|  82|0x000000070a400000, 0x000000070a600000, 0x000000070a600000|100%|HC|  |TAMS 0x000000070a400000| PB 0x000000070a400000| Complete 
|  83|0x000000070a600000, 0x000000070a800000, 0x000000070a800000|100%|HC|  |TAMS 0x000000070a600000| PB 0x000000070a600000| Complete 
|  84|0x000000070a800000, 0x000000070aa00000, 0x000000070aa00000|100%| O|  |TAMS 0x000000070a800000| PB 0x000000070a800000| Untracked 
|  85|0x000000070aa00000, 0x000000070ac00000, 0x000000070ac00000|100%| O|  |TAMS 0x000000070aa00000| PB 0x000000070aa00000| Untracked 
|  86|0x000000070ac00000, 0x000000070ae00000, 0x000000070ae00000|100%| O|  |TAMS 0x000000070ac00000| PB 0x000000070ac00000| Untracked 
|  87|0x000000070ae00000, 0x000000070b000000, 0x000000070b000000|100%| O|  |TAMS 0x000000070ae00000| PB 0x000000070ae00000| Untracked 
|  88|0x000000070b000000, 0x000000070b200000, 0x000000070b200000|100%| O|  |TAMS 0x000000070b000000| PB 0x000000070b000000| Untracked 
|  89|0x000000070b200000, 0x000000070b400000, 0x000000070b400000|100%| O|  |TAMS 0x000000070b200000| PB 0x000000070b200000| Untracked 
|  90|0x000000070b400000, 0x000000070b600000, 0x000000070b600000|100%| O|  |TAMS 0x000000070b400000| PB 0x000000070b400000| Untracked 
|  91|0x000000070b600000, 0x000000070b800000, 0x000000070b800000|100%| O|  |TAMS 0x000000070b600000| PB 0x000000070b600000| Untracked 
|  92|0x000000070b800000, 0x000000070ba00000, 0x000000070ba00000|100%| O|  |TAMS 0x000000070b800000| PB 0x000000070b800000| Untracked 
|  93|0x000000070ba00000, 0x000000070bc00000, 0x000000070bc00000|100%| O|  |TAMS 0x000000070ba00000| PB 0x000000070ba00000| Untracked 
|  94|0x000000070bc00000, 0x000000070be00000, 0x000000070be00000|100%| O|  |TAMS 0x000000070bc00000| PB 0x000000070bc00000| Untracked 
|  95|0x000000070be00000, 0x000000070c000000, 0x000000070c000000|100%| O|  |TAMS 0x000000070be00000| PB 0x000000070be00000| Untracked 
|  96|0x000000070c000000, 0x000000070c000000, 0x000000070c200000|  0%| F|  |TAMS 0x000000070c000000| PB 0x000000070c000000| Untracked 
|  97|0x000000070c200000, 0x000000070c200000, 0x000000070c400000|  0%| F|  |TAMS 0x000000070c200000| PB 0x000000070c200000| Untracked 
|  98|0x000000070c400000, 0x000000070c400000, 0x000000070c600000|  0%| F|  |TAMS 0x000000070c400000| PB 0x000000070c400000| Untracked 
|  99|0x000000070c600000, 0x000000070c600000, 0x000000070c800000|  0%| F|  |TAMS 0x000000070c600000| PB 0x000000070c600000| Untracked 
| 100|0x000000070c800000, 0x000000070c800000, 0x000000070ca00000|  0%| F|  |TAMS 0x000000070c800000| PB 0x000000070c800000| Untracked 
| 101|0x000000070ca00000, 0x000000070ca00000, 0x000000070cc00000|  0%| F|  |TAMS 0x000000070ca00000| PB 0x000000070ca00000| Untracked 
| 102|0x000000070cc00000, 0x000000070cc00000, 0x000000070ce00000|  0%| F|  |TAMS 0x000000070cc00000| PB 0x000000070cc00000| Untracked 
| 103|0x000000070ce00000, 0x000000070d000000, 0x000000070d000000|100%| S|CS|TAMS 0x000000070ce00000| PB 0x000000070ce00000| Complete 
| 104|0x000000070d000000, 0x000000070d200000, 0x000000070d200000|100%| S|CS|TAMS 0x000000070d000000| PB 0x000000070d000000| Complete 
| 105|0x000000070d200000, 0x000000070d400000, 0x000000070d400000|100%| S|CS|TAMS 0x000000070d200000| PB 0x000000070d200000| Complete 
| 106|0x000000070d400000, 0x000000070d400000, 0x000000070d600000|  0%| F|  |TAMS 0x000000070d400000| PB 0x000000070d400000| Untracked 
| 107|0x000000070d600000, 0x000000070d600000, 0x000000070d800000|  0%| F|  |TAMS 0x000000070d600000| PB 0x000000070d600000| Untracked 
| 108|0x000000070d800000, 0x000000070d800000, 0x000000070da00000|  0%| F|  |TAMS 0x000000070d800000| PB 0x000000070d800000| Untracked 
| 109|0x000000070da00000, 0x000000070da00000, 0x000000070dc00000|  0%| F|  |TAMS 0x000000070da00000| PB 0x000000070da00000| Untracked 
| 110|0x000000070dc00000, 0x000000070dc00000, 0x000000070de00000|  0%| F|  |TAMS 0x000000070dc00000| PB 0x000000070dc00000| Untracked 
| 111|0x000000070de00000, 0x000000070de00000, 0x000000070e000000|  0%| F|  |TAMS 0x000000070de00000| PB 0x000000070de00000| Untracked 
| 112|0x000000070e000000, 0x000000070e000000, 0x000000070e200000|  0%| F|  |TAMS 0x000000070e000000| PB 0x000000070e000000| Untracked 
| 113|0x000000070e200000, 0x000000070e200000, 0x000000070e400000|  0%| F|  |TAMS 0x000000070e200000| PB 0x000000070e200000| Untracked 
| 114|0x000000070e400000, 0x000000070e400000, 0x000000070e600000|  0%| F|  |TAMS 0x000000070e400000| PB 0x000000070e400000| Untracked 
| 115|0x000000070e600000, 0x000000070e600000, 0x000000070e800000|  0%| F|  |TAMS 0x000000070e600000| PB 0x000000070e600000| Untracked 
| 116|0x000000070e800000, 0x000000070e800000, 0x000000070ea00000|  0%| F|  |TAMS 0x000000070e800000| PB 0x000000070e800000| Untracked 
| 117|0x000000070ea00000, 0x000000070ea00000, 0x000000070ec00000|  0%| F|  |TAMS 0x000000070ea00000| PB 0x000000070ea00000| Untracked 
| 118|0x000000070ec00000, 0x000000070ec00000, 0x000000070ee00000|  0%| F|  |TAMS 0x000000070ec00000| PB 0x000000070ec00000| Untracked 
| 119|0x000000070ee00000, 0x000000070ee00000, 0x000000070f000000|  0%| F|  |TAMS 0x000000070ee00000| PB 0x000000070ee00000| Untracked 
| 120|0x000000070f000000, 0x000000070f000000, 0x000000070f200000|  0%| F|  |TAMS 0x000000070f000000| PB 0x000000070f000000| Untracked 
| 121|0x000000070f200000, 0x000000070f200000, 0x000000070f400000|  0%| F|  |TAMS 0x000000070f200000| PB 0x000000070f200000| Untracked 
| 141|0x0000000711a00000, 0x0000000711a00000, 0x0000000711c00000|  0%| F|  |TAMS 0x0000000711a00000| PB 0x0000000711a00000| Untracked 
| 142|0x0000000711c00000, 0x0000000711c00000, 0x0000000711e00000|  0%| F|  |TAMS 0x0000000711c00000| PB 0x0000000711c00000| Untracked 
| 143|0x0000000711e00000, 0x0000000711e00000, 0x0000000712000000|  0%| F|  |TAMS 0x0000000711e00000| PB 0x0000000711e00000| Untracked 

Card table byte_map: [0x000001262a120000,0x000001262a920000] _byte_map_base: 0x0000012626920000

Marking Bits: (CMBitMap*) 0x0000012610735430
 Bits: [0x000001262a920000, 0x000001262e920000)

Polling page: 0x0000012610790000

Metaspace:

Usage:
  Non-class:     10.57 MB used.
      Class:      1.36 MB used.
       Both:     11.93 MB used.

Virtual space:
  Non-class space:       64.00 MB reserved,      10.69 MB ( 17%) committed,  1 nodes.
      Class space:        1.00 GB reserved,       1.50 MB ( <1%) committed,  1 nodes.
             Both:        1.06 GB reserved,      12.19 MB (  1%) committed. 

Chunk freelists:
   Non-Class:  4.97 MB
       Class:  14.48 MB
        Both:  19.45 MB

MaxMetaspaceSize: unlimited
CompressedClassSpaceSize: 1.00 GB
Initial GC threshold: 21.00 MB
Current GC threshold: 21.00 MB
CDS: on
 - commit_granule_bytes: 65536.
 - commit_granule_words: 8192.
 - virtual_space_node_default_size: 8388608.
 - enlarge_chunks_in_place: 1.
 - use_allocation_guard: 0.


Internal statistics:

num_allocs_failed_limit: 0.
num_arena_births: 108.
num_arena_deaths: 0.
num_vsnodes_births: 2.
num_vsnodes_deaths: 0.
num_space_committed: 195.
num_space_uncommitted: 0.
num_chunks_returned_to_freelist: 0.
num_chunks_taken_from_freelist: 337.
num_chunk_merges: 0.
num_chunk_splits: 224.
num_chunks_enlarged: 176.
num_inconsistent_stats: 0.

CodeHeap 'non-profiled nmethods': size=120000Kb used=912Kb max_used=960Kb free=119087Kb
 bounds [0x0000012621dd0000, 0x0000012622040000, 0x0000012629300000]
CodeHeap 'profiled nmethods': size=120000Kb used=2989Kb max_used=3420Kb free=117010Kb
 bounds [0x000001261a300000, 0x000001261a660000, 0x0000012621830000]
CodeHeap 'non-nmethods': size=5760Kb used=1596Kb max_used=1623Kb free=4163Kb
 bounds [0x0000012621830000, 0x0000012621aa0000, 0x0000012621dd0000]
 total_blobs=2138 nmethods=1604 adapters=439
 compilation: enabled
              stopped_count=0, restarted_count=0
 full_count=0

Compilation events (20 events):
Event: 6.518 Thread 0x0000012630f33d00 1755       4       java.lang.AbstractStringBuilder::append (77 bytes)
Event: 6.520 Thread 0x0000012630f33d00 nmethod 1755 0x0000012621e37390 code [0x0000012621e37560, 0x0000012621e378c8]
Event: 6.607 Thread 0x0000012630f42050 1756       3       java.nio.ByteBuffer::position (8 bytes)
Event: 6.607 Thread 0x0000012630f42050 nmethod 1756 0x000001261a31a810 code [0x000001261a31a9c0, 0x000001261a31ab10]
Event: 6.653 Thread 0x0000012630f33d00 1757       4       java.util.Arrays::fill (21 bytes)
Event: 6.654 Thread 0x0000012630f33d00 nmethod 1757 0x0000012621deb190 code [0x0000012621deb320, 0x0000012621deb3f8]
Event: 8.225 Thread 0x0000012630f33d00 1758       4       java.lang.CharacterDataLatin1::getProperties (11 bytes)
Event: 8.226 Thread 0x0000012630f33d00 nmethod 1758 0x0000012621e37090 code [0x0000012621e37220, 0x0000012621e372d8]
Event: 8.256 Thread 0x0000012630f42050 1759       3       java.lang.AbstractStringBuilder::appendChars (207 bytes)
Event: 8.257 Thread 0x0000012630f42050 nmethod 1759 0x000001261a410410 code [0x000001261a4106c0, 0x000001261a4116a0]
Event: 8.289 Thread 0x0000012630f33d00 1760       4       java.util.ArrayList$Itr::next (66 bytes)
Event: 8.291 Thread 0x0000012630f33d00 nmethod 1760 0x0000012621dead10 code [0x0000012621deaea0, 0x0000012621deb018]
Event: 8.348 Thread 0x0000012630f33d00 1761       4       java.util.HashMap::putVal (300 bytes)
Event: 8.367 Thread 0x0000012630f33d00 nmethod 1761 0x0000012621ddd890 code [0x0000012621dddaa0, 0x0000012621dde478]
Event: 8.400 Thread 0x0000012630f33d00 1762       4       java.util.HashMap::put (13 bytes)
Event: 8.412 Thread 0x0000012630f33d00 nmethod 1762 0x0000012621e3a390 code [0x0000012621e3a5a0, 0x0000012621e3b020]
Event: 8.422 Thread 0x0000012630f33d00 1763 %     4       sun.net.www.protocol.jar.URLJarFile::getManifest @ 64 (124 bytes)
Event: 8.455 Thread 0x0000012630f33d00 nmethod 1763% 0x0000012621de6e90 code [0x0000012621de7160, 0x0000012621de8760]
Event: 8.511 Thread 0x0000012630f33d00 1764       4       java.util.jar.Manifest$FastInputStream::fill (38 bytes)
Event: 8.513 Thread 0x0000012630f33d00 nmethod 1764 0x0000012621e23910 code [0x0000012621e23ac0, 0x0000012621e23f40]

GC Heap History (20 events):
Event: 1.128 GC heap after
{Heap after GC invocations=4 (full 0):
 garbage-first heap   total 131072K, used 59392K [0x0000000700000000, 0x0000000800000000)
  region size 2048K, 2 young (4096K), 2 survivors (4096K)
 Metaspace       used 1820K, committed 1984K, reserved 1114112K
  class space    used 166K, committed 256K, reserved 1048576K
}
Event: 1.139 GC heap before
{Heap before GC invocations=4 (full 0):
 garbage-first heap   total 131072K, used 67584K [0x0000000700000000, 0x0000000800000000)
  region size 2048K, 6 young (12288K), 2 survivors (4096K)
 Metaspace       used 1820K, committed 1984K, reserved 1114112K
  class space    used 166K, committed 256K, reserved 1048576K
}
Event: 1.150 GC heap after
{Heap after GC invocations=5 (full 0):
 garbage-first heap   total 131072K, used 65429K [0x0000000700000000, 0x0000000800000000)
  region size 2048K, 1 young (2048K), 1 survivors (2048K)
 Metaspace       used 1820K, committed 1984K, reserved 1114112K
  class space    used 166K, committed 256K, reserved 1048576K
}
Event: 1.319 GC heap before
{Heap before GC invocations=5 (full 0):
 garbage-first heap   total 131072K, used 81813K [0x0000000700000000, 0x0000000800000000)
  region size 2048K, 10 young (20480K), 1 survivors (2048K)
 Metaspace       used 2558K, committed 2752K, reserved 1114112K
  class space    used 233K, committed 320K, reserved 1048576K
}
Event: 1.337 GC heap after
{Heap after GC invocations=6 (full 0):
 garbage-first heap   total 294912K, used 78313K [0x0000000700000000, 0x0000000800000000)
  region size 2048K, 2 young (4096K), 2 survivors (4096K)
 Metaspace       used 2558K, committed 2752K, reserved 1114112K
  class space    used 233K, committed 320K, reserved 1048576K
}
Event: 1.432 GC heap before
{Heap before GC invocations=7 (full 0):
 garbage-first heap   total 225280K, used 86505K [0x0000000700000000, 0x0000000800000000)
  region size 2048K, 13 young (26624K), 2 survivors (4096K)
 Metaspace       used 2563K, committed 2752K, reserved 1114112K
  class space    used 235K, committed 320K, reserved 1048576K
}
Event: 1.441 GC heap after
{Heap after GC invocations=8 (full 0):
 garbage-first heap   total 225280K, used 65805K [0x0000000700000000, 0x0000000800000000)
  region size 2048K, 2 young (4096K), 2 survivors (4096K)
 Metaspace       used 2563K, committed 2752K, reserved 1114112K
  class space    used 235K, committed 320K, reserved 1048576K
}
Event: 1.659 GC heap before
{Heap before GC invocations=8 (full 0):
 garbage-first heap   total 225280K, used 153869K [0x0000000700000000, 0x0000000800000000)
  region size 2048K, 37 young (75776K), 2 survivors (4096K)
 Metaspace       used 2642K, committed 2816K, reserved 1114112K
  class space    used 244K, committed 320K, reserved 1048576K
}
Event: 1.687 GC heap after
{Heap after GC invocations=9 (full 0):
 garbage-first heap   total 225280K, used 109033K [0x0000000700000000, 0x0000000800000000)
  region size 2048K, 5 young (10240K), 5 survivors (10240K)
 Metaspace       used 2642K, committed 2816K, reserved 1114112K
  class space    used 244K, committed 320K, reserved 1048576K
}
Event: 4.288 GC heap before
{Heap before GC invocations=9 (full 0):
 garbage-first heap   total 225280K, used 156137K [0x0000000700000000, 0x0000000800000000)
  region size 2048K, 22 young (45056K), 5 survivors (10240K)
 Metaspace       used 11223K, committed 11392K, reserved 1114112K
  class space    used 1233K, committed 1280K, reserved 1048576K
}
Event: 4.298 GC heap after
{Heap after GC invocations=10 (full 0):
 garbage-first heap   total 225280K, used 105472K [0x0000000700000000, 0x0000000800000000)
  region size 2048K, 3 young (6144K), 3 survivors (6144K)
 Metaspace       used 11223K, committed 11392K, reserved 1114112K
  class space    used 1233K, committed 1280K, reserved 1048576K
}
Event: 4.409 GC heap before
{Heap before GC invocations=10 (full 0):
 garbage-first heap   total 225280K, used 144384K [0x0000000700000000, 0x0000000800000000)
  region size 2048K, 23 young (47104K), 3 survivors (6144K)
 Metaspace       used 11227K, committed 11392K, reserved 1114112K
  class space    used 1233K, committed 1280K, reserved 1048576K
}
Event: 4.425 GC heap after
{Heap after GC invocations=11 (full 0):
 garbage-first heap   total 225280K, used 126976K [0x0000000700000000, 0x0000000800000000)
  region size 2048K, 4 young (8192K), 4 survivors (8192K)
 Metaspace       used 11227K, committed 11392K, reserved 1114112K
  class space    used 1233K, committed 1280K, reserved 1048576K
}
Event: 4.505 GC heap before
{Heap before GC invocations=11 (full 0):
 garbage-first heap   total 225280K, used 184320K [0x0000000700000000, 0x0000000800000000)
  region size 2048K, 23 young (47104K), 4 survivors (8192K)
 Metaspace       used 11228K, committed 11392K, reserved 1114112K
  class space    used 1233K, committed 1280K, reserved 1048576K
}
Event: 4.520 GC heap after
{Heap after GC invocations=12 (full 0):
 garbage-first heap   total 225280K, used 156426K [0x0000000700000000, 0x0000000800000000)
  region size 2048K, 3 young (6144K), 3 survivors (6144K)
 Metaspace       used 11228K, committed 11392K, reserved 1114112K
  class space    used 1233K, committed 1280K, reserved 1048576K
}
Event: 8.349 GC heap before
{Heap before GC invocations=13 (full 0):
 garbage-first heap   total 256000K, used 189194K [0x0000000700000000, 0x0000000800000000)
  region size 2048K, 17 young (34816K), 3 survivors (6144K)
 Metaspace       used 12212K, committed 12480K, reserved 1114112K
  class space    used 1387K, committed 1536K, reserved 1048576K
}
Event: 8.358 GC heap after
{Heap after GC invocations=14 (full 0):
 garbage-first heap   total 256000K, used 159246K [0x0000000700000000, 0x0000000800000000)
  region size 2048K, 3 young (6144K), 3 survivors (6144K)
 Metaspace       used 12212K, committed 12480K, reserved 1114112K
  class space    used 1387K, committed 1536K, reserved 1048576K
}
Event: 8.474 GC heap before
{Heap before GC invocations=14 (full 0):
 garbage-first heap   total 256000K, used 220686K [0x0000000700000000, 0x0000000800000000)
  region size 2048K, 24 young (49152K), 3 survivors (6144K)
 Metaspace       used 12212K, committed 12480K, reserved 1114112K
  class space    used 1387K, committed 1536K, reserved 1048576K
}
Event: 8.493 GC heap after
{Heap after GC invocations=15 (full 0):
 garbage-first heap   total 256000K, used 169984K [0x0000000700000000, 0x0000000800000000)
  region size 2048K, 3 young (6144K), 3 survivors (6144K)
 Metaspace       used 12212K, committed 12480K, reserved 1114112K
  class space    used 1387K, committed 1536K, reserved 1048576K
}
Event: 8.521 GC heap before
{Heap before GC invocations=15 (full 0):
 garbage-first heap   total 256000K, used 208896K [0x0000000700000000, 0x0000000800000000)
  region size 2048K, 22 young (45056K), 3 survivors (6144K)
 Metaspace       used 12212K, committed 12480K, reserved 1114112K
  class space    used 1387K, committed 1536K, reserved 1048576K
}

Dll operation events (13 events):
Event: 0.071 Loaded shared library C:\Users\bolly\.jdks\openjdk-21.0.1\bin\java.dll
Event: 0.104 Loaded shared library C:\Users\bolly\.jdks\openjdk-21.0.1\bin\jsvml.dll
Event: 0.163 Loaded shared library C:\Users\bolly\.jdks\openjdk-21.0.1\bin\zip.dll
Event: 0.167 Loaded shared library C:\Users\bolly\.jdks\openjdk-21.0.1\bin\instrument.dll
Event: 0.172 Loaded shared library C:\Users\bolly\.jdks\openjdk-21.0.1\bin\net.dll
Event: 0.174 Loaded shared library C:\Users\bolly\.jdks\openjdk-21.0.1\bin\nio.dll
Event: 0.177 Loaded shared library C:\Users\bolly\.jdks\openjdk-21.0.1\bin\zip.dll
Event: 1.175 Loaded shared library C:\Users\bolly\.jdks\openjdk-21.0.1\bin\jimage.dll
Event: 1.755 Loaded shared library C:\Users\bolly\.jdks\openjdk-21.0.1\bin\verify.dll
Event: 3.497 Loaded shared library C:\Users\bolly\.jdks\openjdk-21.0.1\bin\management.dll
Event: 3.499 Loaded shared library C:\Users\bolly\.jdks\openjdk-21.0.1\bin\management_ext.dll
Event: 3.766 Loaded shared library C:\Users\bolly\.jdks\openjdk-21.0.1\bin\sunmscapi.dll
Event: 4.206 Loaded shared library C:\Users\bolly\.jdks\openjdk-21.0.1\bin\extnet.dll

Deoptimization events (20 events):
Event: 4.591 Thread 0x00000126106cf5d0 Uncommon trap: trap_request=0xffffffde fr.pc=0x0000012621e88808 relative=0x00000000000007a8
Event: 4.591 Thread 0x00000126106cf5d0 Uncommon trap: reason=class_check action=maybe_recompile pc=0x0000012621e88808 method=java.util.regex.Pattern$Start.match(Ljava/util/regex/Matcher;ILjava/lang/CharSequence;)Z @ 44 c2
Event: 4.591 Thread 0x00000126106cf5d0 DEOPT PACKING pc=0x0000012621e88808 sp=0x00000003d98fdd50
Event: 4.591 Thread 0x00000126106cf5d0 DEOPT UNPACKING pc=0x0000012621887da2 sp=0x00000003d98fdcb0 mode 2
Event: 4.592 Thread 0x00000126106cf5d0 Uncommon trap: trap_request=0xffffffde fr.pc=0x0000012621e88808 relative=0x00000000000007a8
Event: 4.592 Thread 0x00000126106cf5d0 Uncommon trap: reason=class_check action=maybe_recompile pc=0x0000012621e88808 method=java.util.regex.Pattern$Start.match(Ljava/util/regex/Matcher;ILjava/lang/CharSequence;)Z @ 44 c2
Event: 4.592 Thread 0x00000126106cf5d0 DEOPT PACKING pc=0x0000012621e88808 sp=0x00000003d98fdd50
Event: 4.592 Thread 0x00000126106cf5d0 DEOPT UNPACKING pc=0x0000012621887da2 sp=0x00000003d98fdcb0 mode 2
Event: 4.592 Thread 0x00000126106cf5d0 Uncommon trap: trap_request=0xffffffde fr.pc=0x0000012621e88808 relative=0x00000000000007a8
Event: 4.592 Thread 0x00000126106cf5d0 Uncommon trap: reason=class_check action=maybe_recompile pc=0x0000012621e88808 method=java.util.regex.Pattern$Start.match(Ljava/util/regex/Matcher;ILjava/lang/CharSequence;)Z @ 44 c2
Event: 4.592 Thread 0x00000126106cf5d0 DEOPT PACKING pc=0x0000012621e88808 sp=0x00000003d98fdd50
Event: 4.592 Thread 0x00000126106cf5d0 DEOPT UNPACKING pc=0x0000012621887da2 sp=0x00000003d98fdcb0 mode 2
Event: 4.614 Thread 0x00000126106cf5d0 Uncommon trap: trap_request=0xffffff45 fr.pc=0x0000012621e4cbac relative=0x000000000000018c
Event: 4.614 Thread 0x00000126106cf5d0 Uncommon trap: reason=unstable_if action=reinterpret pc=0x0000012621e4cbac method=java.util.LinkedHashMap.sequencedEntrySet()Ljava/util/SequencedSet; @ 6 c2
Event: 4.614 Thread 0x00000126106cf5d0 DEOPT PACKING pc=0x0000012621e4cbac sp=0x00000003d98fe420
Event: 4.614 Thread 0x00000126106cf5d0 DEOPT UNPACKING pc=0x0000012621887da2 sp=0x00000003d98fe368 mode 2
Event: 4.614 Thread 0x00000126106cf5d0 Uncommon trap: trap_request=0xffffffde fr.pc=0x0000012621e88808 relative=0x00000000000007a8
Event: 4.614 Thread 0x00000126106cf5d0 Uncommon trap: reason=class_check action=maybe_recompile pc=0x0000012621e88808 method=java.util.regex.Pattern$Start.match(Ljava/util/regex/Matcher;ILjava/lang/CharSequence;)Z @ 44 c2
Event: 4.614 Thread 0x00000126106cf5d0 DEOPT PACKING pc=0x0000012621e88808 sp=0x00000003d98fda10
Event: 4.614 Thread 0x00000126106cf5d0 DEOPT UNPACKING pc=0x0000012621887da2 sp=0x00000003d98fd970 mode 2

Classes loaded (20 events):
Event: 8.235 Loading class io/grpc/LoadBalancerProvider
Event: 8.235 Loading class io/grpc/LoadBalancerProvider done
Event: 8.235 Loading class io/grpc/LoadBalancer$Factory
Event: 8.235 Loading class io/grpc/LoadBalancer$Factory done
Event: 8.236 Loading class io/grpc/LoadBalancer
Event: 8.236 Loading class io/grpc/LoadBalancer done
Event: 8.236 Loading class io/grpc/internal/PickFirstLoadBalancer
Event: 8.236 Loading class io/grpc/internal/PickFirstLoadBalancer done
Event: 8.240 Loading class io/grpc/LoadBalancerProvider$UnknownConfig
Event: 8.240 Loading class io/grpc/LoadBalancerProvider$UnknownConfig done
Event: 8.240 Loading class io/grpc/NameResolver$ConfigOrError
Event: 8.240 Loading class io/grpc/NameResolver$ConfigOrError done
Event: 8.240 Loading class io/grpc/util/SecretRoundRobinLoadBalancerProvider$Provider
Event: 8.240 Loading class io/grpc/util/SecretRoundRobinLoadBalancerProvider$Provider done
Event: 8.242 Loading class io/grpc/util/RoundRobinLoadBalancer
Event: 8.242 Loading class io/grpc/util/RoundRobinLoadBalancer done
Event: 8.254 Loading class io/grpc/LoadBalancerRegistry$LoadBalancerPriorityAccessor
Event: 8.255 Loading class io/grpc/LoadBalancerRegistry$LoadBalancerPriorityAccessor done
Event: 8.255 Loading class android/app/Application
Event: 8.255 Loading class android/app/Application done

Classes unloaded (0 events):
No events

Classes redefined (0 events):
No events

Internal exceptions (20 events):
Event: 3.415 Thread 0x00000126106cf5d0 Exception <a 'java/lang/NoSuchMethodError'{0x000000070d107970}: 'org.slf4j.impl.StaticMarkerBinder org.slf4j.impl.StaticMarkerBinder.getSingleton()'> (0x000000070d107970) 
thrown [s\open\src\hotspot\share\interpreter\linkResolver.cpp, line 773]
Event: 3.417 Thread 0x00000126106cf5d0 Exception <a 'java/lang/NoSuchMethodError'{0x000000070d10fb30}: 'void java.lang.invoke.DirectMethodHandle$Holder.invokeStatic(java.lang.Object, java.lang.Object)'> (0x000000070d10fb30) 
thrown [s\open\src\hotspot\share\interpreter\linkResolver.cpp, line 773]
Event: 3.417 Thread 0x00000126106cf5d0 Exception <a 'java/lang/NoSuchMethodError'{0x000000070d1130a8}: 'void java.lang.invoke.DirectMethodHandle$Holder.invokeSpecial(java.lang.Object, java.lang.Object, java.lang.Object)'> (0x000000070d1130a8) 
thrown [s\open\src\hotspot\share\interpreter\linkResolver.cpp, line 773]
Event: 3.421 Thread 0x00000126106cf5d0 Exception <a 'java/lang/NoSuchMethodError'{0x000000070d12c250}: 'org.slf4j.impl.StaticMDCBinder org.slf4j.impl.StaticMDCBinder.getSingleton()'> (0x000000070d12c250) 
thrown [s\open\src\hotspot\share\interpreter\linkResolver.cpp, line 773]
Event: 3.424 Thread 0x00000126106cf5d0 Implicit null exception at 0x0000012621e743a2 to 0x0000012621e74700
Event: 3.429 Thread 0x00000126106cf5d0 Exception <a 'java/lang/NoSuchMethodError'{0x000000070d148d28}: 'long java.lang.invoke.DirectMethodHandle$Holder.invokeSpecial(java.lang.Object, java.lang.Object)'> (0x000000070d148d28) 
thrown [s\open\src\hotspot\share\interpreter\linkResolver.cpp, line 773]
Event: 3.430 Thread 0x00000126106cf5d0 Exception <a 'java/lang/NoSuchMethodError'{0x000000070d14c258}: 'long java.lang.invoke.Invokers$Holder.invokeExact_MT(java.lang.Object, java.lang.Object)'> (0x000000070d14c258) 
thrown [s\open\src\hotspot\share\interpreter\linkResolver.cpp, line 773]
Event: 3.502 Thread 0x00000126106cf5d0 Exception <a 'java/lang/NoSuchMethodError'{0x000000070d1b6498}: 'int java.lang.invoke.DirectMethodHandle$Holder.invokeSpecial(java.lang.Object, java.lang.Object, java.lang.Object)'> (0x000000070d1b6498) 
thrown [s\open\src\hotspot\share\interpreter\linkResolver.cpp, line 773]
Event: 3.563 Thread 0x00000126106cf5d0 Implicit null exception at 0x0000012621e22b66 to 0x0000012621e22c0a
Event: 3.563 Thread 0x00000126106cf5d0 Implicit null exception at 0x0000012621e07e3d to 0x0000012621e07ec1
Event: 3.645 Thread 0x00000126106cf5d0 Exception <a 'java/lang/NoSuchMethodError'{0x000000070cde3790}: 'void java.lang.invoke.DelegatingMethodHandle$Holder.reinvoke_L(java.lang.Object, java.lang.Object, int)'> (0x000000070cde3790) 
thrown [s\open\src\hotspot\share\interpreter\linkResolver.cpp, line 773]
Event: 3.647 Thread 0x00000126106cf5d0 Exception <a 'java/lang/NoSuchMethodError'{0x000000070cdea050}: 'int java.lang.invoke.Invokers$Holder.invokeExact_MT(java.lang.Object, java.lang.Object, java.lang.Object)'> (0x000000070cdea050) 
thrown [s\open\src\hotspot\share\interpreter\linkResolver.cpp, line 773]
Event: 3.653 Thread 0x00000126106cf5d0 Implicit null exception at 0x0000012621e758a2 to 0x0000012621e75c00
Event: 3.710 Thread 0x00000126106cf5d0 Exception <a 'java/lang/NoSuchMethodError'{0x000000070cb755a0}: 'java.lang.Object java.lang.invoke.DirectMethodHandle$Holder.invokeInterface(java.lang.Object, java.lang.Object)'> (0x000000070cb755a0) 
thrown [s\open\src\hotspot\share\interpreter\linkResolver.cpp, line 773]
Event: 3.752 Thread 0x00000126106cf5d0 Exception <a 'java/lang/NoSuchMethodError'{0x000000070c8f2d80}: 'java.lang.Object java.lang.invoke.DirectMethodHandle$Holder.invokeStaticInit(java.lang.Object, int, int, int, int)'> (0x000000070c8f2d80) 
thrown [s\open\src\hotspot\share\interpreter\linkResolver.cpp, line 773]
Event: 3.801 Thread 0x00000126106cf5d0 Exception <a 'java/lang/NoSuchMethodError'{0x000000070c6533f8}: 'java.lang.Object java.lang.invoke.DirectMethodHandle$Holder.invokeStaticInit(java.lang.Object, java.lang.Object, int, int, int, int)'> (0x000000070c6533f8) 
thrown [s\open\src\hotspot\share\interpreter\linkResolver.cpp, line 773]
Event: 4.212 Thread 0x00000126106cf5d0 Exception <a 'java/lang/UnsatisfiedLinkError'{0x000000070c68fb28}: 'int io.grpc.netty.shaded.io.netty.channel.epoll.Native.offsetofEpollData()'> (0x000000070c68fb28) 
thrown [s\open\src\hotspot\share\prims\nativeLookup.cpp, line 415]
Event: 4.213 Thread 0x00000126106cf5d0 Exception <a 'java/lang/ExceptionInInitializerError'{0x000000070c6920a0}> (0x000000070c6920a0) 
thrown [s\open\src\hotspot\share\oops\instanceKlass.cpp, line 1185]
Event: 4.213 Thread 0x00000126106cf5d0 Exception <a 'java/lang/NoSuchMethodError'{0x000000070c692c98}: 'int java.lang.invoke.DirectMethodHandle$Holder.invokeStatic(java.lang.Object)'> (0x000000070c692c98) 
thrown [s\open\src\hotspot\share\interpreter\linkResolver.cpp, line 773]
Event: 4.214 Thread 0x00000126106cf5d0 Exception <a 'java/lang/NoSuchMethodError'{0x000000070c696158}: 'int java.lang.invoke.DelegatingMethodHandle$Holder.reinvoke_L(java.lang.Object)'> (0x000000070c696158) 
thrown [s\open\src\hotspot\share\interpreter\linkResolver.cpp, line 773]

ZGC Phase Switch (0 events):
No events

VM Operations (20 events):
Event: 4.425 Executing VM operation: G1TryInitiateConcMark (G1 Humongous Allocation) done
Event: 4.505 Executing VM operation: G1CollectForAllocation (G1 Evacuation Pause)
Event: 4.520 Executing VM operation: G1CollectForAllocation (G1 Evacuation Pause) done
Event: 4.537 Executing VM operation: G1PauseRemark
Event: 4.539 Executing VM operation: G1PauseRemark done
Event: 4.597 Executing VM operation: G1PauseCleanup
Event: 4.597 Executing VM operation: G1PauseCleanup done
Event: 5.607 Executing VM operation: Cleanup
Event: 5.607 Executing VM operation: Cleanup done
Event: 6.509 Executing VM operation: HandshakeAllThreads (Deoptimize)
Event: 6.509 Executing VM operation: HandshakeAllThreads (Deoptimize) done
Event: 6.509 Executing VM operation: HandshakeAllThreads (Deoptimize)
Event: 6.509 Executing VM operation: HandshakeAllThreads (Deoptimize) done
Event: 7.515 Executing VM operation: Cleanup
Event: 7.515 Executing VM operation: Cleanup done
Event: 8.349 Executing VM operation: G1CollectForAllocation (G1 Evacuation Pause)
Event: 8.358 Executing VM operation: G1CollectForAllocation (G1 Evacuation Pause) done
Event: 8.473 Executing VM operation: G1CollectForAllocation (G1 Evacuation Pause)
Event: 8.493 Executing VM operation: G1CollectForAllocation (G1 Evacuation Pause) done
Event: 8.521 Executing VM operation: G1CollectForAllocation (G1 Evacuation Pause)

Events (20 events):
Event: 4.538 Thread 0x0000012630f07860 flushing nmethod 0x0000012621de0b10
Event: 4.538 Thread 0x0000012630f07860 flushing nmethod 0x0000012621df3990
Event: 4.538 Thread 0x0000012630f07860 flushing nmethod 0x0000012621df3190
Event: 4.538 Thread 0x0000012630f07860 flushing nmethod 0x0000012621ddd890
Event: 4.538 Thread 0x0000012630f07860 flushing nmethod 0x0000012621df2910
Event: 4.538 Thread 0x0000012630f07860 flushing nmethod 0x0000012621e0a190
Event: 4.538 Thread 0x0000012630f07860 flushing nmethod 0x0000012621df0e10
Event: 4.538 Thread 0x0000012630f07860 flushing nmethod 0x0000012621deaa10
Event: 4.538 Thread 0x0000012630f07860 flushing nmethod 0x0000012621def410
Event: 4.538 Thread 0x0000012630f07860 flushing nmethod 0x0000012621de6390
Event: 4.538 Thread 0x0000012630f07860 flushing nmethod 0x0000012621de8d10
Event: 4.538 Thread 0x0000012630f07860 flushing nmethod 0x0000012621de8490
Event: 4.538 Thread 0x0000012630f07860 flushing nmethod 0x0000012621de7a90
Event: 4.538 Thread 0x0000012630f07860 flushing nmethod 0x0000012621ded390
Event: 4.538 Thread 0x0000012630f07860 flushing nmethod 0x0000012621de7490
Event: 4.538 Thread 0x0000012630f07860 flushing nmethod 0x0000012621de3b90
Event: 4.538 Thread 0x0000012630f07860 flushing nmethod 0x0000012621dec510
Event: 4.538 Thread 0x0000012630f07860 flushing nmethod 0x0000012621de7190
Event: 4.538 Thread 0x0000012630f07860 flushing nmethod 0x0000012621de6e90
Event: 5.666 Thread 0x0000012676b1c4a0 Thread exited: 0x0000012676b1c4a0


Dynamic libraries:
0x00007ff6125a0000 - 0x00007ff6125ae000 	C:\Users\bolly\.jdks\openjdk-21.0.1\bin\java.exe
0x00007fffb6c50000 - 0x00007fffb6e67000 	C:\WINDOWS\SYSTEM32\ntdll.dll
0x00007fffb5610000 - 0x00007fffb56d4000 	C:\WINDOWS\System32\KERNEL32.DLL
0x00007fffb4510000 - 0x00007fffb48bd000 	C:\WINDOWS\System32\KERNELBASE.dll
0x00007fffb43f0000 - 0x00007fffb4501000 	C:\WINDOWS\System32\ucrtbase.dll
0x00007fffa6310000 - 0x00007fffa632b000 	C:\Users\bolly\.jdks\openjdk-21.0.1\bin\VCRUNTIME140.dll
0x00007fffa6330000 - 0x00007fffa6348000 	C:\Users\bolly\.jdks\openjdk-21.0.1\bin\jli.dll
0x00007fffb4c60000 - 0x00007fffb4e0e000 	C:\WINDOWS\System32\USER32.dll
0x00007fffb3f70000 - 0x00007fffb3f96000 	C:\WINDOWS\System32\win32u.dll
0x00007fffb4980000 - 0x00007fffb49a9000 	C:\WINDOWS\System32\GDI32.dll
0x00007fffb4230000 - 0x00007fffb4349000 	C:\WINDOWS\System32\gdi32full.dll
0x00007fffb4350000 - 0x00007fffb43ea000 	C:\WINDOWS\System32\msvcp_win.dll
0x00007fff960a0000 - 0x00007fff96333000 	C:\WINDOWS\WinSxS\amd64_microsoft.windows.common-controls_6595b64144ccf1df_6.0.22621.3672_none_2713b9d173822955\COMCTL32.dll
0x00007fffb4fd0000 - 0x00007fffb5077000 	C:\WINDOWS\System32\msvcrt.dll
0x00007fffb4ac0000 - 0x00007fffb4af1000 	C:\WINDOWS\System32\IMM32.DLL
0x00007fffa6ca0000 - 0x00007fffa6cac000 	C:\Users\bolly\.jdks\openjdk-21.0.1\bin\vcruntime140_1.dll
0x00007fff937d0000 - 0x00007fff9385e000 	C:\Users\bolly\.jdks\openjdk-21.0.1\bin\msvcp140.dll
0x00007fff43490000 - 0x00007fff441a5000 	C:\Users\bolly\.jdks\openjdk-21.0.1\bin\server\jvm.dll
0x00007fffb5f70000 - 0x00007fffb6022000 	C:\WINDOWS\System32\ADVAPI32.dll
0x00007fffb5d60000 - 0x00007fffb5e09000 	C:\WINDOWS\System32\sechost.dll
0x00007fffb4180000 - 0x00007fffb41a8000 	C:\WINDOWS\System32\bcrypt.dll
0x00007fffb6270000 - 0x00007fffb6384000 	C:\WINDOWS\System32\RPCRT4.dll
0x00007fffb56e0000 - 0x00007fffb5751000 	C:\WINDOWS\System32\WS2_32.dll
0x00007fffb3e30000 - 0x00007fffb3e7d000 	C:\WINDOWS\SYSTEM32\POWRPROF.dll
0x00007fffa9450000 - 0x00007fffa945a000 	C:\WINDOWS\SYSTEM32\VERSION.dll
0x00007fffa9b40000 - 0x00007fffa9b74000 	C:\WINDOWS\SYSTEM32\WINMM.dll
0x00007fffb3c60000 - 0x00007fffb3c73000 	C:\WINDOWS\SYSTEM32\UMPDC.dll
0x00007fffb2fa0000 - 0x00007fffb2fb8000 	C:\WINDOWS\SYSTEM32\kernel.appcore.dll
0x00007fffa63e0000 - 0x00007fffa63ea000 	C:\Users\bolly\.jdks\openjdk-21.0.1\bin\jimage.dll
0x00007fffb0e00000 - 0x00007fffb1032000 	C:\WINDOWS\SYSTEM32\DBGHELP.DLL
0x00007fffb5880000 - 0x00007fffb5c0d000 	C:\WINDOWS\System32\combase.dll
0x00007fffb49e0000 - 0x00007fffb4ab7000 	C:\WINDOWS\System32\OLEAUT32.dll
0x00007fffa9100000 - 0x00007fffa9132000 	C:\WINDOWS\SYSTEM32\dbgcore.DLL
0x00007fffb41b0000 - 0x00007fffb422b000 	C:\WINDOWS\System32\bcryptPrimitives.dll
0x00007fffa6c20000 - 0x00007fffa6c2f000 	C:\Users\bolly\.jdks\openjdk-21.0.1\bin\instrument.dll
0x00007fffa6280000 - 0x00007fffa629f000 	C:\Users\bolly\.jdks\openjdk-21.0.1\bin\java.dll
0x00007fffb6390000 - 0x00007fffb6bf8000 	C:\WINDOWS\System32\SHELL32.dll
0x00007fffb1ec0000 - 0x00007fffb27be000 	C:\WINDOWS\SYSTEM32\windows.storage.dll
0x00007fffb1d80000 - 0x00007fffb1ebf000 	C:\WINDOWS\SYSTEM32\wintypes.dll
0x00007fffb5760000 - 0x00007fffb5859000 	C:\WINDOWS\System32\SHCORE.dll
0x00007fffb5080000 - 0x00007fffb50de000 	C:\WINDOWS\System32\shlwapi.dll
0x00007fffb3ea0000 - 0x00007fffb3ec1000 	C:\WINDOWS\SYSTEM32\profapi.dll
0x00007fff8c6b0000 - 0x00007fff8c787000 	C:\Users\bolly\.jdks\openjdk-21.0.1\bin\jsvml.dll
0x00007fffa4fd0000 - 0x00007fffa4fe8000 	C:\Users\bolly\.jdks\openjdk-21.0.1\bin\zip.dll
0x00007fffa6370000 - 0x00007fffa6380000 	C:\Users\bolly\.jdks\openjdk-21.0.1\bin\net.dll
0x00007fffadb50000 - 0x00007fffadc86000 	C:\WINDOWS\SYSTEM32\WINHTTP.dll
0x00007fffb3410000 - 0x00007fffb3479000 	C:\WINDOWS\system32\mswsock.dll
0x00007fffa5d20000 - 0x00007fffa5d36000 	C:\Users\bolly\.jdks\openjdk-21.0.1\bin\nio.dll
0x00007fffa4ea0000 - 0x00007fffa4eb0000 	C:\Users\bolly\.jdks\openjdk-21.0.1\bin\verify.dll
0x00007fffada20000 - 0x00007fffada2a000 	C:\Users\bolly\.jdks\openjdk-21.0.1\bin\management.dll
0x00007fffaa7f0000 - 0x00007fffaa7fb000 	C:\Users\bolly\.jdks\openjdk-21.0.1\bin\management_ext.dll
0x00007fffb60b0000 - 0x00007fffb60b8000 	C:\WINDOWS\System32\PSAPI.DLL
0x00007fffb2a10000 - 0x00007fffb2a3d000 	C:\WINDOWS\SYSTEM32\IPHLPAPI.DLL
0x00007fffb5d50000 - 0x00007fffb5d59000 	C:\WINDOWS\System32\NSI.dll
0x00007fffaa550000 - 0x00007fffaa55e000 	C:\Users\bolly\.jdks\openjdk-21.0.1\bin\sunmscapi.dll
0x00007fffb3fa0000 - 0x00007fffb4107000 	C:\WINDOWS\System32\CRYPT32.dll
0x00007fffb3830000 - 0x00007fffb385e000 	C:\WINDOWS\SYSTEM32\ncrypt.dll
0x00007fffb37f0000 - 0x00007fffb3827000 	C:\WINDOWS\SYSTEM32\NTASN1.dll
0x00007fffaa0f0000 - 0x00007fffaa0f8000 	C:\WINDOWS\system32\wshunix.dll
0x00007fffb3670000 - 0x00007fffb368b000 	C:\WINDOWS\SYSTEM32\CRYPTSP.dll
0x00007fffb2f00000 - 0x00007fffb2f35000 	C:\WINDOWS\system32\rsaenh.dll
0x00007fffb3510000 - 0x00007fffb3538000 	C:\WINDOWS\SYSTEM32\USERENV.dll
0x00007fffb3690000 - 0x00007fffb369c000 	C:\WINDOWS\SYSTEM32\CRYPTBASE.dll
0x00007fffa62c0000 - 0x00007fffa62c7000 	C:\Users\bolly\.jdks\openjdk-21.0.1\bin\extnet.dll

dbghelp: loaded successfully - version: 4.0.5 - missing functions: none
symbol engine: initialized successfully - sym options: 0x614 - pdb path: .;C:\Users\bolly\.jdks\openjdk-21.0.1\bin;C:\WINDOWS\SYSTEM32;C:\WINDOWS\WinSxS\amd64_microsoft.windows.common-controls_6595b64144ccf1df_6.0.22621.3672_none_2713b9d173822955;C:\Users\bolly\.jdks\openjdk-21.0.1\bin\server

VM Arguments:
jvm_args: -Djava.security.manager=allow -XX:+IgnoreUnrecognizedVMOptions -Xms128m -Xmx2048m -Dsun.io.useCanonCaches=false -Dsun.java2d.metal=true -Djbr.catch.SIGABRT=true -Djdk.http.auth.tunneling.disabledSchemes="" -Djdk.attach.allowAttachSelf=true -Djdk.module.illegalAccess.silent=true -Dkotlinx.coroutines.debug=off -Xmx4096m -Djna.boot.library.path=C:\Program Files\JetBrains\IntelliJ IDEA 2023.3.4/lib/jna/amd64 -Dpty4j.preferred.native.folder=C:\Program Files\JetBrains\IntelliJ IDEA 2023.3.4/lib/pty4j -Djna.nosys=true -Djna.noclasspath=true -Dintellij.platform.runtime.repository.path=C:\Program Files\JetBrains\IntelliJ IDEA 2023.3.4/modules/module-descriptors.jar -Dsplash=true -Daether.connector.resumeDownloads=false -Dide.native.launcher=true -Djcef.sandbox.ptr=000001BB1D33FCE0 -ea -javaagent:C:\Users\bolly\AppData\Roaming\JetBrains\IntelliJIdea2023.3\plugins\diffblue-cover-ij\lib\launcher-2024.08.01-shared-jar.jar -Dlogback.configurationFile=C:\Users\bolly\AppData\Local\Temp\diffblue\config\logback-remote-service.xml -Dcom.diffblue.springIsolationJar=C:\Users\bolly\AppData\Roaming\JetBrains\IntelliJIdea2023.3\plugins\diffblue-cover-ij\META-INF\cover-isolation-layer-2024.08.01.jar -Dcover.jar.path=C:\Users\bolly\AppData\Roaming\JetBrains\IntelliJIdea2023.3\plugins\diffblue-cover-ij\META-INF\cover-service-analyzer-2024.08.01.jar -Dcom.diffblue.assertionSuggestionJar=C:\Users\bolly\AppData\Roaming\JetBrains\IntelliJIdea2023.3\plugins\diffblue-cover-ij\META-INF\cover-service-analyzer-2024.08.01.jar -Dcover.main.class=com.diffblue.cover.service.analyzer.Main 
java_command: C:\Users\bolly\AppData\Roaming\JetBrains\IntelliJIdea2023.3\plugins\diffblue-cover-ij\lib\launcher-2024.08.01-shared-jar.jar --service-lifespan 1800 --monitoring-service-port 63225 --debug-log
java_class_path (initial): C:\Users\bolly\AppData\Roaming\JetBrains\IntelliJIdea2023.3\plugins\diffblue-cover-ij\lib\launcher-2024.08.01-shared-jar.jar
Launcher Type: SUN_STANDARD

[Global flags]
     intx CICompilerCount                          = 3                                         {product} {ergonomic}
     uint ConcGCThreads                            = 1                                         {product} {ergonomic}
     uint G1ConcRefinementThreads                  = 4                                         {product} {ergonomic}
   size_t G1HeapRegionSize                         = 2097152                                   {product} {ergonomic}
    uintx GCDrainStackTargetSize                   = 64                                        {product} {ergonomic}
     bool IgnoreUnrecognizedVMOptions              = true                                      {product} {command line}
   size_t InitialHeapSize                          = 134217728                                 {product} {command line}
   size_t MarkStackSize                            = 4194304                                   {product} {ergonomic}
   size_t MaxHeapSize                              = 4294967296                                {product} {command line}
   size_t MaxNewSize                               = 2575302656                                {product} {ergonomic}
   size_t MinHeapDeltaBytes                        = 2097152                                   {product} {ergonomic}
   size_t MinHeapSize                              = 134217728                                 {product} {command line}
    uintx NonNMethodCodeHeapSize                   = 5832780                                {pd product} {ergonomic}
    uintx NonProfiledCodeHeapSize                  = 122912730                              {pd product} {ergonomic}
    uintx ProfiledCodeHeapSize                     = 122912730                              {pd product} {ergonomic}
    uintx ReservedCodeCacheSize                    = 251658240                              {pd product} {ergonomic}
     bool SegmentedCodeCache                       = true                                      {product} {ergonomic}
   size_t SoftMaxHeapSize                          = 4294967296                             {manageable} {ergonomic}
     bool UseCompressedOops                        = true                           {product lp64_product} {ergonomic}
     bool UseG1GC                                  = true                                      {product} {ergonomic}
     bool UseLargePagesIndividualAllocation        = false                                  {pd product} {ergonomic}

Logging:
Log output configuration:
 #0: stdout all=warning uptime,level,tags foldmultilines=false
 #1: stderr all=off uptime,level,tags foldmultilines=false

Environment Variables:
JAVA_HOME=C:\Program Files\Java\jdk-21
PATH=C:\Program Files (x86)\Common Files\Oracle\Java\javapath;C:\WINDOWS\system32;C:\WINDOWS;C:\WINDOWS\System32\Wbem;C:\WINDOWS\System32\WindowsPowerShell\v1.0\;C:\WINDOWS\System32\OpenSSH\;C:\Program Files\dotnet\;C:\ProgramData\chocolatey\bin;C:\Program Files\nodejs\;C:\Program Files\Git\cmd;C:\Users\bolly\AppData\Local\Microsoft\WindowsApps;C:\Users\bolly\AppData\Local\Programs\Microsoft VS Code\bin;C:\Users\bolly\AppData\Roaming\npm;C:\Program Files\JetBrains\IntelliJ IDEA 2023.3.4\bin;;C:\Users\bolly\AppData\Local\Android\Sdk\platform-tools;
USERNAME=bolly
OS=Windows_NT
PROCESSOR_IDENTIFIER=Intel64 Family 6 Model 140 Stepping 1, GenuineIntel
TMP=C:\Users\bolly\AppData\Local\Temp
TEMP=C:\Users\bolly\AppData\Local\Temp




Periodic native trim disabled

---------------  S Y S T E M  ---------------

OS:
 Windows 11 , 64 bit Build 22621 (10.0.22621.3958)
OS uptime: 12 days 6:09 hours

CPU: total 4 (initial active 4) (2 cores per cpu, 2 threads per core) family 6 model 140 stepping 1 microcode 0xb4, cx8, cmov, fxsr, ht, mmx, 3dnowpref, sse, sse2, sse3, ssse3, sse4.1, sse4.2, popcnt, lzcnt, tsc, tscinvbit, avx, avx2, aes, erms, clmul, bmi1, bmi2, adx, avx512f, avx512dq, avx512cd, avx512bw, avx512vl, sha, fma, vzeroupper, avx512_vpopcntdq, avx512_vpclmulqdq, avx512_vaes, avx512_vnni, clflush, clflushopt, clwb, avx512_vbmi2, avx512_vbmi, rdtscp, rdpid, fsrm, gfni, avx512_bitalg, f16c, pku, cet_ibt, cet_ss, avx512_ifma
Processor Information for all 4 processors :
  Max Mhz: 2901, Current Mhz: 2901, Mhz Limit: 2901

Memory: 4k page, system-wide physical 7834M (1039M free)
TotalPageFile size 31386M (AvailPageFile size 29M)
current process WorkingSet (physical memory assigned to process): 318M, peak: 318M
current process commit charge ("private bytes"): 351M, peak: 389M

vm_info: OpenJDK 64-Bit Server VM (21.0.1+12-29) for windows-amd64 JRE (21.0.1+12-29), built on 2023-10-05T13:27:09Z by "mach5one" with MS VC++ 17.1 (VS2022)

END.
