#
# There is insufficient memory for the Java Runtime Environment to continue.
# Native memory allocation (malloc) failed to allocate 526432 bytes for Chunk::new
# Possible reasons:
#   The system is out of physical RAM or swap space
#   The process is running with CompressedOops enabled, and the Java Heap may be blocking the growth of the native heap
# Possible solutions:
#   Reduce memory load on the system
#   Increase physical memory or swap space
#   Check if swap backing store is full
#   Decrease Java heap size (-Xmx/-Xms)
#   Decrease number of Java threads
#   Decrease Java thread stack sizes (-Xss)
#   Set larger code cache with -XX:ReservedCodeCacheSize=
#   JVM is running with Zero Based Compressed Oops mode in which the Java heap is
#     placed in the first 32GB address space. The Java Heap base address is the
#     maximum limit for the native heap growth. Please use -XX:HeapBaseMinAddress
#     to set the Java Heap base and to place the Java Heap above 32GB virtual address.
# This output file may be truncated or incomplete.
#
#  Out of Memory Error (arena.cpp:168), pid=23852, tid=27744
#
# JRE version: OpenJDK Runtime Environment (21.0.1+12) (build 21.0.1+12-29)
# Java VM: OpenJDK 64-Bit Server VM (21.0.1+12-29, mixed mode, sharing, tiered, compressed oops, compressed class ptrs, g1 gc, windows-amd64)
# No core dump will be written. Minidumps are not enabled by default on client versions of Windows
#

---------------  S U M M A R Y ------------

Command Line: -Djava.security.manager=allow -XX:+IgnoreUnrecognizedVMOptions -Xms128m -Xmx2048m -Dsun.io.useCanonCaches=false -Dsun.java2d.metal=true -Djbr.catch.SIGABRT=true -Djdk.http.auth.tunneling.disabledSchemes="" -Djdk.attach.allowAttachSelf=true -Djdk.module.illegalAccess.silent=true -Dkotlinx.coroutines.debug=off -Xmx4096m -Djna.boot.library.path=C:\Program Files\JetBrains\IntelliJ IDEA 2023.3.4/lib/jna/amd64 -Dpty4j.preferred.native.folder=C:\Program Files\JetBrains\IntelliJ IDEA 2023.3.4/lib/pty4j -Djna.nosys=true -Djna.noclasspath=true -Dintellij.platform.runtime.repository.path=C:\Program Files\JetBrains\IntelliJ IDEA 2023.3.4/modules/module-descriptors.jar -Dsplash=true -Daether.connector.resumeDownloads=false -Dide.native.launcher=true -Djcef.sandbox.ptr=000001BB1D33FCE0 -ea -javaagent:C:\Users\bolly\AppData\Roaming\JetBrains\IntelliJIdea2023.3\plugins\diffblue-cover-ij\lib\launcher-2024.08.01-shared-jar.jar -Dlogback.configurationFile=C:\Users\bolly\AppData\Local\Temp\diffblue\config\logback-remote-service.xml -Dcom.diffblue.springIsolationJar=C:\Users\bolly\AppData\Roaming\JetBrains\IntelliJIdea2023.3\plugins\diffblue-cover-ij\META-INF\cover-isolation-layer-2024.08.01.jar -Dcover.jar.path=C:\Users\bolly\AppData\Roaming\JetBrains\IntelliJIdea2023.3\plugins\diffblue-cover-ij\META-INF\cover-service-analyzer-2024.08.01.jar -Dcom.diffblue.assertionSuggestionJar=C:\Users\bolly\AppData\Roaming\JetBrains\IntelliJIdea2023.3\plugins\diffblue-cover-ij\META-INF\cover-service-analyzer-2024.08.01.jar -Dcover.main.class=com.diffblue.cover.service.analyzer.Main C:\Users\bolly\AppData\Roaming\JetBrains\IntelliJIdea2023.3\plugins\diffblue-cover-ij\lib\launcher-2024.08.01-shared-jar.jar --service-lifespan 1800 --monitoring-service-port 63220 --debug-log

Host: 11th Gen Intel(R) Core(TM) i3-1115G4 @ 3.00GHz, 4 cores, 7G,  Windows 11 , 64 bit Build 22621 (10.0.22621.3958)
Time: Tue Aug 27 11:21:07 2024 Paris, Madrid (heure duild 22621 (10.0.22621.3958) elapsed time: 7.018972 seconds (0d 0h 0m 7s)

---------------  T H R E A D  ---------------

Current thread (0x000002bf7e695b20):  JavaThread "C2 CompilerThread0" daemon [_thread_in_native, id=27744, stack(0x000000c184f00000,0x000000c185000000) (1024K)]


Current CompileTask:
C2:   7019 1734   !   4       java.util.jar.Attributes::read (494 bytes)

Stack: [0x000000c184f00000,0x000000c185000000]
Native frames: (J=compiled Java code, j=interpreted, Vv=VM code, C=native code)
V  [jvm.dll+0x6c9029]
V  [jvm.dll+0x854b81]
V  [jvm.dll+0x856e5e]
V  [jvm.dll+0x857543]
V  [jvm.dll+0x280c06]
V  [jvm.dll+0xc3ead]
V  [jvm.dll+0xc43c3]
V  [jvm.dll+0x3b576c]
V  [jvm.dll+0x382475]
V  [jvm.dll+0x3818ea]
V  [jvm.dll+0x249ad0]
V  [jvm.dll+0x2490b1]
V  [jvm.dll+0x1c9ca1]
V  [jvm.dll+0x2586b9]
V  [jvm.dll+0x256c9a]
V  [jvm.dll+0x3ef1b6]
V  [jvm.dll+0x7fd728]
V  [jvm.dll+0x6c777d]
C  [ucrtbase.dll+0x29333]
C  [KERNEL32.DLL+0x1257d]
C  [ntdll.dll+0x5af28]


---------------  P R O C E S S  ---------------

Threads class SMR info:
_java_thread_list=0x000002bf615c09b0, length=12, elements={
0x000002bf78f91e60, 0x000002bf7e688c80, 0x000002bf7e689ba0, 0x000002bf7e68d990,
0x000002bf7e691e10, 0x000002bf7e693100, 0x000002bf7e693d80, 0x000002bf7e695b20,
0x000002bf7e6a1500, 0x000002bf7e653960, 0x000002bf1b76e760, 0x000002bf612e8950
}

Java Threads: ( => current thread )
  0x000002bf78f91e60 JavaThread "main"                              [_thread_in_Java, id=4108, stack(0x000000c184100000,0x000000c184200000) (1024K)]
  0x000002bf7e688c80 JavaThread "Reference Handler"          daemon [_thread_blocked, id=5932, stack(0x000000c184900000,0x000000c184a00000) (1024K)]
  0x000002bf7e689ba0 JavaThread "Finalizer"                  daemon [_thread_blocked, id=25912, stack(0x000000c184a00000,0x000000c184b00000) (1024K)]
  0x000002bf7e68d990 JavaThread "Signal Dispatcher"          daemon [_thread_blocked, id=24840, stack(0x000000c184b00000,0x000000c184c00000) (1024K)]
  0x000002bf7e691e10 JavaThread "Attach Listener"            daemon [_thread_blocked, id=18744, stack(0x000000c184c00000,0x000000c184d00000) (1024K)]
  0x000002bf7e693100 JavaThread "Service Thread"             daemon [_thread_blocked, id=24088, stack(0x000000c184d00000,0x000000c184e00000) (1024K)]
  0x000002bf7e693d80 JavaThread "Monitor Deflation Thread"   daemon [_thread_blocked, id=19772, stack(0x000000c184e00000,0x000000c184f00000) (1024K)]
=>0x000002bf7e695b20 JavaThread "C2 CompilerThread0"         daemon [_thread_in_native, id=27744, stack(0x000000c184f00000,0x000000c185000000) (1024K)]
  0x000002bf7e6a1500 JavaThread "C1 CompilerThread0"         daemon [_thread_blocked, id=4640, stack(0x000000c185000000,0x000000c185100000) (1024K)]
  0x000002bf7e653960 JavaThread "Common-Cleaner"             daemon [_thread_blocked, id=13564, stack(0x000000c185100000,0x000000c185200000) (1024K)]
  0x000002bf1b76e760 JavaThread "Notification Thread"        daemon [_thread_blocked, id=12584, stack(0x000000c185200000,0x000000c185300000) (1024K)]
  0x000002bf612e8950 JavaThread "Service log dispatcher"            [_thread_blocked, id=16496, stack(0x000000c185600000,0x000000c185700000) (1024K)]
Total: 12

Other Threads:
  0x000002bf7e66b5f0 VMThread "VM Thread"                           [id=24056, stack(0x000000c184800000,0x000000c184900000) (1024K)]
  0x000002bf7e6525a0 WatcherThread "VM Periodic Task Thread"        [id=24296, stack(0x000000c184700000,0x000000c184800000) (1024K)]
  0x000002bf7b263e70 WorkerThread "GC Thread#0"                     [id=25632, stack(0x000000c184200000,0x000000c184300000) (1024K)]
  0x000002bf1b66e670 WorkerThread "GC Thread#1"                     [id=9400, stack(0x000000c185400000,0x000000c185500000) (1024K)]
  0x000002bf1b66ea10 WorkerThread "GC Thread#2"                     [id=26088, stack(0x000000c185500000,0x000000c185600000) (1024K)]
  0x000002bf6106cc90 WorkerThread "GC Thread#3"                     [id=4332, stack(0x000000c185300000,0x000000c185400000) (1024K)]
  0x000002bf7b274e50 ConcurrentGCThread "G1 Main Marker"            [id=20320, stack(0x000000c184300000,0x000000c184400000) (1024K)]
  0x000002bf7b275b00 WorkerThread "G1 Conc#0"                       [id=26876, stack(0x000000c184400000,0x000000c184500000) (1024K)]
  0x000002bf7b2b1cd0 ConcurrentGCThread "G1 Refine#0"               [id=5748, stack(0x000000c184500000,0x000000c184600000) (1024K)]
  0x000002bf7b2b2840 ConcurrentGCThread "G1 Service"                [id=4748, stack(0x000000c184600000,0x000000c184700000) (1024K)]
Total: 10

Threads with active compile tasks:
C2 CompilerThread0     7054 1734   !   4       java.util.jar.Attributes::read (494 bytes)
Total: 1

VM state: not at safepoint (normal execution)

VM Mutex/Monitor currently owned by a thread: None

Heap address: 0x0000000700000000, size: 4096 MB, Compressed Oops mode: Zero based, Oop shift amount: 3

CDS archive(s) mapped at: [0x000002bf1c000000-0x000002bf1cc90000-0x000002bf1cc90000), size 13172736, SharedBaseAddress: 0x000002bf1c000000, ArchiveRelocationMode: 1.
Compressed class space mapped at: 0x000002bf1d000000-0x000002bf5d000000, reserved size: 1073741824
Narrow klass base: 0x000002bf1c000000, Narrow klass shift: 0, Narrow klass range: 0x100000000

GC Precious Log:
 CardTable entry size: 512
 Card Set container configuration: InlinePtr #cards 4 size 8 Array Of Cards #cards 16 size 48 Howl #buckets 8 coarsen threshold 3686 Howl Bitmap #cards 512 size 80 coarsen threshold 460 Card regions per heap region 1 cards per card region 4096
 CPUs: 4 total, 4 available
 Memory: 7834M
 Large Page Support: Disabled
 NUMA Support: Disabled
 Compressed Oops: Enabled (Zero based)
 Heap Region Size: 2M
 Heap Min Capacity: 128M
 Heap Initial Capacity: 128M
 Heap Max Capacity: 4G
 Pre-touch: Disabled
 Parallel Workers: 4
 Concurrent Workers: 1
 Concurrent Refinement Workers: 4
 Periodic GC: Disabled

Heap:
 garbage-first heap   total 290816K, used 157233K [0x0000000700000000, 0x0000000800000000)
  region size 2048K, 19 young (38912K), 2 survivors (4096K)
 Metaspace       used 11240K, committed 11392K, reserved 1114112K
  class space    used 1234K, committed 1280K, reserved 1048576K

Heap Regions: E=young(eden), S=young(survivor), O=old, HS=humongous(starts), HC=humongous(continues), CS=collection set, F=free, TAMS=top-at-mark-start, PB=parsable bottom
|   0|0x0000000700000000, 0x0000000700200000, 0x0000000700200000|100%|HS|  |TAMS 0x0000000700000000| PB 0x0000000700000000| Complete 
|   1|0x0000000700200000, 0x0000000700400000, 0x0000000700400000|100%|HC|  |TAMS 0x0000000700200000| PB 0x0000000700200000| Complete 
|   2|0x0000000700400000, 0x0000000700600000, 0x0000000700600000|100%|HC|  |TAMS 0x0000000700400000| PB 0x0000000700400000| Complete 
|   3|0x0000000700600000, 0x0000000700800000, 0x0000000700800000|100%| O|  |TAMS 0x0000000700600000| PB 0x0000000700600000| Untracked 
|   4|0x0000000700800000, 0x0000000700a00000, 0x0000000700a00000|100%| O|  |TAMS 0x0000000700800000| PB 0x0000000700800000| Untracked 
|   5|0x0000000700a00000, 0x0000000700c00000, 0x0000000700c00000|100%| O|  |TAMS 0x0000000700a00000| PB 0x0000000700a00000| Untracked 
|   6|0x0000000700c00000, 0x0000000700c00000, 0x0000000700e00000|  0%| F|  |TAMS 0x0000000700c00000| PB 0x0000000700c00000| Untracked 
|   7|0x0000000700e00000, 0x0000000701000000, 0x0000000701000000|100%| O|  |TAMS 0x0000000700e00000| PB 0x0000000700e00000| Untracked 
|   8|0x0000000701000000, 0x0000000701200000, 0x0000000701200000|100%| O|  |TAMS 0x0000000701000000| PB 0x0000000701000000| Untracked 
|   9|0x0000000701200000, 0x0000000701400000, 0x0000000701400000|100%| O|  |TAMS 0x0000000701200000| PB 0x0000000701200000| Untracked 
|  10|0x0000000701400000, 0x0000000701600000, 0x0000000701600000|100%| O|Cm|TAMS 0x0000000701400000| PB 0x0000000701400000| Complete 
|  11|0x0000000701600000, 0x0000000701600000, 0x0000000701800000|  0%| F|  |TAMS 0x0000000701600000| PB 0x0000000701600000| Untracked 
|  12|0x0000000701800000, 0x0000000701a00000, 0x0000000701a00000|100%| O|  |TAMS 0x0000000701800000| PB 0x0000000701800000| Untracked 
|  13|0x0000000701a00000, 0x0000000701c00000, 0x0000000701c00000|100%| O|  |TAMS 0x0000000701a00000| PB 0x0000000701a00000| Untracked 
|  14|0x0000000701c00000, 0x0000000701e00000, 0x0000000701e00000|100%| O|  |TAMS 0x0000000701c00000| PB 0x0000000701c00000| Untracked 
|  15|0x0000000701e00000, 0x0000000702000000, 0x0000000702000000|100%| O|  |TAMS 0x0000000701e00000| PB 0x0000000701e00000| Untracked 
|  16|0x0000000702000000, 0x0000000702200000, 0x0000000702200000|100%| O|  |TAMS 0x0000000702000000| PB 0x0000000702000000| Untracked 
|  17|0x0000000702200000, 0x0000000702400000, 0x0000000702400000|100%| O|  |TAMS 0x0000000702200000| PB 0x0000000702200000| Untracked 
|  18|0x0000000702400000, 0x0000000702600000, 0x0000000702600000|100%| O|  |TAMS 0x0000000702400000| PB 0x0000000702400000| Untracked 
|  19|0x0000000702600000, 0x0000000702600000, 0x0000000702800000|  0%| F|  |TAMS 0x0000000702600000| PB 0x0000000702600000| Untracked 
|  20|0x0000000702800000, 0x0000000702a00000, 0x0000000702a00000|100%| O|  |TAMS 0x0000000702800000| PB 0x0000000702800000| Untracked 
|  21|0x0000000702a00000, 0x0000000702c00000, 0x0000000702c00000|100%| O|  |TAMS 0x0000000702a00000| PB 0x0000000702a00000| Untracked 
|  22|0x0000000702c00000, 0x0000000702e00000, 0x0000000702e00000|100%| O|  |TAMS 0x0000000702c00000| PB 0x0000000702c00000| Untracked 
|  23|0x0000000702e00000, 0x0000000703000000, 0x0000000703000000|100%| O|  |TAMS 0x0000000702e00000| PB 0x0000000702e00000| Untracked 
|  24|0x0000000703000000, 0x0000000703200000, 0x0000000703200000|100%| O|  |TAMS 0x0000000703000000| PB 0x0000000703000000| Untracked 
|  25|0x0000000703200000, 0x0000000703400000, 0x0000000703400000|100%| O|Cm|TAMS 0x0000000703200000| PB 0x0000000703200000| Complete 
|  26|0x0000000703400000, 0x0000000703600000, 0x0000000703600000|100%| O|  |TAMS 0x0000000703400000| PB 0x0000000703400000| Untracked 
|  27|0x0000000703600000, 0x0000000703600000, 0x0000000703800000|  0%| F|  |TAMS 0x0000000703600000| PB 0x0000000703600000| Untracked 
|  28|0x0000000703800000, 0x0000000703a00000, 0x0000000703a00000|100%| O|  |TAMS 0x0000000703800000| PB 0x0000000703800000| Untracked 
|  29|0x0000000703a00000, 0x0000000703c00000, 0x0000000703c00000|100%| O|Cm|TAMS 0x0000000703a00000| PB 0x0000000703a00000| Complete 
|  30|0x0000000703c00000, 0x0000000703e00000, 0x0000000703e00000|100%| O|Cm|TAMS 0x0000000703c00000| PB 0x0000000703c00000| Complete 
|  31|0x0000000703e00000, 0x0000000704000000, 0x0000000704000000|100%|HS|  |TAMS 0x0000000703e00000| PB 0x0000000703e00000| Complete 
|  32|0x0000000704000000, 0x0000000704200000, 0x0000000704200000|100%|HC|  |TAMS 0x0000000704000000| PB 0x0000000704000000| Complete 
|  33|0x0000000704200000, 0x0000000704400000, 0x0000000704400000|100%|HC|  |TAMS 0x0000000704200000| PB 0x0000000704200000| Complete 
|  34|0x0000000704400000, 0x0000000704600000, 0x0000000704600000|100%| O|Cm|TAMS 0x0000000704400000| PB 0x0000000704400000| Complete 
|  35|0x0000000704600000, 0x0000000704600000, 0x0000000704800000|  0%| F|  |TAMS 0x0000000704600000| PB 0x0000000704600000| Untracked 
|  36|0x0000000704800000, 0x0000000704a00000, 0x0000000704a00000|100%| O|Cm|TAMS 0x0000000704800000| PB 0x0000000704800000| Complete 
|  37|0x0000000704a00000, 0x0000000704a00000, 0x0000000704c00000|  0%| F|  |TAMS 0x0000000704a00000| PB 0x0000000704a00000| Untracked 
|  38|0x0000000704c00000, 0x0000000704e00000, 0x0000000704e00000|100%| O|Cm|TAMS 0x0000000704c00000| PB 0x0000000704c00000| Complete 
|  39|0x0000000704e00000, 0x0000000705000000, 0x0000000705000000|100%|HS|  |TAMS 0x0000000704e00000| PB 0x0000000704e00000| Complete 
|  40|0x0000000705000000, 0x0000000705200000, 0x0000000705200000|100%|HC|  |TAMS 0x0000000705000000| PB 0x0000000705000000| Complete 
|  41|0x0000000705200000, 0x0000000705400000, 0x0000000705400000|100%|HC|  |TAMS 0x0000000705200000| PB 0x0000000705200000| Complete 
|  42|0x0000000705400000, 0x0000000705400000, 0x0000000705600000|  0%| F|  |TAMS 0x0000000705400000| PB 0x0000000705400000| Untracked 
|  43|0x0000000705600000, 0x0000000705800000, 0x0000000705800000|100%| O|  |TAMS 0x0000000705600000| PB 0x0000000705600000| Untracked 
|  44|0x0000000705800000, 0x0000000705a00000, 0x0000000705a00000|100%| O|  |TAMS 0x0000000705800000| PB 0x0000000705800000| Untracked 
|  45|0x0000000705a00000, 0x0000000705c00000, 0x0000000705c00000|100%| O|  |TAMS 0x0000000705a00000| PB 0x0000000705a00000| Untracked 
|  46|0x0000000705c00000, 0x0000000705e00000, 0x0000000705e00000|100%| O|  |TAMS 0x0000000705c00000| PB 0x0000000705c00000| Untracked 
|  47|0x0000000705e00000, 0x0000000706000000, 0x0000000706000000|100%| O|  |TAMS 0x0000000705e00000| PB 0x0000000705e00000| Untracked 
|  48|0x0000000706000000, 0x0000000706200000, 0x0000000706200000|100%| O|  |TAMS 0x0000000706000000| PB 0x0000000706000000| Untracked 
|  49|0x0000000706200000, 0x0000000706400000, 0x0000000706400000|100%| O|  |TAMS 0x0000000706200000| PB 0x0000000706200000| Untracked 
|  50|0x0000000706400000, 0x0000000706600000, 0x0000000706600000|100%| O|  |TAMS 0x0000000706400000| PB 0x0000000706400000| Untracked 
|  51|0x0000000706600000, 0x0000000706800000, 0x0000000706800000|100%| O|  |TAMS 0x0000000706600000| PB 0x0000000706600000| Untracked 
|  52|0x0000000706800000, 0x0000000706a00000, 0x0000000706a00000|100%| O|  |TAMS 0x0000000706800000| PB 0x0000000706800000| Untracked 
|  53|0x0000000706a00000, 0x0000000706c00000, 0x0000000706c00000|100%| O|  |TAMS 0x0000000706a00000| PB 0x0000000706a00000| Untracked 
|  54|0x0000000706c00000, 0x0000000706e00000, 0x0000000706e00000|100%| O|  |TAMS 0x0000000706c00000| PB 0x0000000706c00000| Untracked 
|  55|0x0000000706e00000, 0x0000000707000000, 0x0000000707000000|100%| O|  |TAMS 0x0000000706e00000| PB 0x0000000706e00000| Untracked 
|  56|0x0000000707000000, 0x0000000707200000, 0x0000000707200000|100%| O|  |TAMS 0x0000000707000000| PB 0x0000000707000000| Untracked 
|  57|0x0000000707200000, 0x000000070738c6c0, 0x0000000707400000| 77%| O|  |TAMS 0x0000000707200000| PB 0x0000000707200000| Untracked 
|  58|0x0000000707400000, 0x0000000707600000, 0x0000000707600000|100%|HS|  |TAMS 0x0000000707400000| PB 0x0000000707400000| Complete 
|  59|0x0000000707600000, 0x0000000707800000, 0x0000000707800000|100%|HC|  |TAMS 0x0000000707600000| PB 0x0000000707600000| Complete 
|  60|0x0000000707800000, 0x0000000707a00000, 0x0000000707a00000|100%|HC|  |TAMS 0x0000000707800000| PB 0x0000000707800000| Complete 
|  61|0x0000000707a00000, 0x0000000707c00000, 0x0000000707c00000|100%|HS|  |TAMS 0x0000000707a00000| PB 0x0000000707a00000| Complete 
|  62|0x0000000707c00000, 0x0000000707e00000, 0x0000000707e00000|100%|HC|  |TAMS 0x0000000707c00000| PB 0x0000000707c00000| Complete 
|  63|0x0000000707e00000, 0x0000000708000000, 0x0000000708000000|100%|HC|  |TAMS 0x0000000707e00000| PB 0x0000000707e00000| Complete 
|  64|0x0000000708000000, 0x0000000708200000, 0x0000000708200000|100%|HS|  |TAMS 0x0000000708000000| PB 0x0000000708000000| Complete 
|  65|0x0000000708200000, 0x0000000708400000, 0x0000000708400000|100%|HC|  |TAMS 0x0000000708200000| PB 0x0000000708200000| Complete 
|  66|0x0000000708400000, 0x0000000708600000, 0x0000000708600000|100%|HC|  |TAMS 0x0000000708400000| PB 0x0000000708400000| Complete 
|  67|0x0000000708600000, 0x0000000708600000, 0x0000000708800000|  0%| F|  |TAMS 0x0000000708600000| PB 0x0000000708600000| Untracked 
|  68|0x0000000708800000, 0x0000000708800000, 0x0000000708a00000|  0%| F|  |TAMS 0x0000000708800000| PB 0x0000000708800000| Untracked 
|  69|0x0000000708a00000, 0x0000000708a00000, 0x0000000708c00000|  0%| F|  |TAMS 0x0000000708a00000| PB 0x0000000708a00000| Untracked 
|  70|0x0000000708c00000, 0x0000000708c00000, 0x0000000708e00000|  0%| F|  |TAMS 0x0000000708c00000| PB 0x0000000708c00000| Untracked 
|  71|0x0000000708e00000, 0x0000000708e00000, 0x0000000709000000|  0%| F|  |TAMS 0x0000000708e00000| PB 0x0000000708e00000| Untracked 
|  72|0x0000000709000000, 0x0000000709000000, 0x0000000709200000|  0%| F|  |TAMS 0x0000000709000000| PB 0x0000000709000000| Untracked 
|  73|0x0000000709200000, 0x0000000709200000, 0x0000000709400000|  0%| F|  |TAMS 0x0000000709200000| PB 0x0000000709200000| Untracked 
|  74|0x0000000709400000, 0x0000000709400000, 0x0000000709600000|  0%| F|  |TAMS 0x0000000709400000| PB 0x0000000709400000| Untracked 
|  75|0x0000000709600000, 0x0000000709600000, 0x0000000709800000|  0%| F|  |TAMS 0x0000000709600000| PB 0x0000000709600000| Untracked 
|  76|0x0000000709800000, 0x0000000709800000, 0x0000000709a00000|  0%| F|  |TAMS 0x0000000709800000| PB 0x0000000709800000| Untracked 
|  77|0x0000000709a00000, 0x0000000709c00000, 0x0000000709c00000|100%| S|CS|TAMS 0x0000000709a00000| PB 0x0000000709a00000| Complete 
|  78|0x0000000709c00000, 0x0000000709e00000, 0x0000000709e00000|100%| S|CS|TAMS 0x0000000709c00000| PB 0x0000000709c00000| Complete 
|  79|0x0000000709e00000, 0x0000000709e00000, 0x000000070a000000|  0%| F|  |TAMS 0x0000000709e00000| PB 0x0000000709e00000| Untracked 
|  80|0x000000070a000000, 0x000000070a000000, 0x000000070a200000|  0%| F|  |TAMS 0x000000070a000000| PB 0x000000070a000000| Untracked 
|  81|0x000000070a200000, 0x000000070a200000, 0x000000070a400000|  0%| F|  |TAMS 0x000000070a200000| PB 0x000000070a200000| Untracked 
|  82|0x000000070a400000, 0x000000070a400000, 0x000000070a600000|  0%| F|  |TAMS 0x000000070a400000| PB 0x000000070a400000| Untracked 
|  83|0x000000070a600000, 0x000000070a600000, 0x000000070a800000|  0%| F|  |TAMS 0x000000070a600000| PB 0x000000070a600000| Untracked 
|  84|0x000000070a800000, 0x000000070a800000, 0x000000070aa00000|  0%| F|  |TAMS 0x000000070a800000| PB 0x000000070a800000| Untracked 
|  85|0x000000070aa00000, 0x000000070aa00000, 0x000000070ac00000|  0%| F|  |TAMS 0x000000070aa00000| PB 0x000000070aa00000| Untracked 
|  86|0x000000070ac00000, 0x000000070ac00000, 0x000000070ae00000|  0%| F|  |TAMS 0x000000070ac00000| PB 0x000000070ac00000| Untracked 
|  87|0x000000070ae00000, 0x000000070ae00000, 0x000000070b000000|  0%| F|  |TAMS 0x000000070ae00000| PB 0x000000070ae00000| Untracked 
|  88|0x000000070b000000, 0x000000070b000000, 0x000000070b200000|  0%| F|  |TAMS 0x000000070b000000| PB 0x000000070b000000| Untracked 
|  89|0x000000070b200000, 0x000000070b200000, 0x000000070b400000|  0%| F|  |TAMS 0x000000070b200000| PB 0x000000070b200000| Untracked 
|  90|0x000000070b400000, 0x000000070b400000, 0x000000070b600000|  0%| F|  |TAMS 0x000000070b400000| PB 0x000000070b400000| Untracked 
|  91|0x000000070b600000, 0x000000070b600000, 0x000000070b800000|  0%| F|  |TAMS 0x000000070b600000| PB 0x000000070b600000| Untracked 
|  92|0x000000070b800000, 0x000000070b800000, 0x000000070ba00000|  0%| F|  |TAMS 0x000000070b800000| PB 0x000000070b800000| Untracked 
|  93|0x000000070ba00000, 0x000000070ba00000, 0x000000070bc00000|  0%| F|  |TAMS 0x000000070ba00000| PB 0x000000070ba00000| Untracked 
|  94|0x000000070bc00000, 0x000000070bc00000, 0x000000070be00000|  0%| F|  |TAMS 0x000000070bc00000| PB 0x000000070bc00000| Untracked 
|  95|0x000000070be00000, 0x000000070be00000, 0x000000070c000000|  0%| F|  |TAMS 0x000000070be00000| PB 0x000000070be00000| Untracked 
|  96|0x000000070c000000, 0x000000070c000000, 0x000000070c200000|  0%| F|  |TAMS 0x000000070c000000| PB 0x000000070c000000| Untracked 
|  97|0x000000070c200000, 0x000000070c200000, 0x000000070c400000|  0%| F|  |TAMS 0x000000070c200000| PB 0x000000070c200000| Untracked 
|  98|0x000000070c400000, 0x000000070c400000, 0x000000070c600000|  0%| F|  |TAMS 0x000000070c400000| PB 0x000000070c400000| Untracked 
|  99|0x000000070c600000, 0x000000070c600000, 0x000000070c800000|  0%| F|  |TAMS 0x000000070c600000| PB 0x000000070c600000| Untracked 
| 100|0x000000070c800000, 0x000000070c800000, 0x000000070ca00000|  0%| F|  |TAMS 0x000000070c800000| PB 0x000000070c800000| Untracked 
| 101|0x000000070ca00000, 0x000000070ca00000, 0x000000070cc00000|  0%| F|  |TAMS 0x000000070ca00000| PB 0x000000070ca00000| Untracked 
| 102|0x000000070cc00000, 0x000000070cc00000, 0x000000070ce00000|  0%| F|  |TAMS 0x000000070cc00000| PB 0x000000070cc00000| Untracked 
| 103|0x000000070ce00000, 0x000000070ce00000, 0x000000070d000000|  0%| F|  |TAMS 0x000000070ce00000| PB 0x000000070ce00000| Untracked 
| 104|0x000000070d000000, 0x000000070d000000, 0x000000070d200000|  0%| F|  |TAMS 0x000000070d000000| PB 0x000000070d000000| Untracked 
| 105|0x000000070d200000, 0x000000070d200000, 0x000000070d400000|  0%| F|  |TAMS 0x000000070d200000| PB 0x000000070d200000| Untracked 
| 106|0x000000070d400000, 0x000000070d400000, 0x000000070d600000|  0%| F|  |TAMS 0x000000070d400000| PB 0x000000070d400000| Untracked 
| 107|0x000000070d600000, 0x000000070d600000, 0x000000070d800000|  0%| F|  |TAMS 0x000000070d600000| PB 0x000000070d600000| Untracked 
| 108|0x000000070d800000, 0x000000070d800000, 0x000000070da00000|  0%| F|  |TAMS 0x000000070d800000| PB 0x000000070d800000| Untracked 
| 109|0x000000070da00000, 0x000000070da00000, 0x000000070dc00000|  0%| F|  |TAMS 0x000000070da00000| PB 0x000000070da00000| Untracked 
| 110|0x000000070dc00000, 0x000000070dc00000, 0x000000070de00000|  0%| F|  |TAMS 0x000000070dc00000| PB 0x000000070dc00000| Untracked 
| 111|0x000000070de00000, 0x000000070de00000, 0x000000070e000000|  0%| F|  |TAMS 0x000000070de00000| PB 0x000000070de00000| Untracked 
| 112|0x000000070e000000, 0x000000070e000000, 0x000000070e200000|  0%| F|  |TAMS 0x000000070e000000| PB 0x000000070e000000| Untracked 
| 113|0x000000070e200000, 0x000000070e200000, 0x000000070e400000|  0%| F|  |TAMS 0x000000070e200000| PB 0x000000070e200000| Untracked 
| 114|0x000000070e400000, 0x000000070e400000, 0x000000070e600000|  0%| F|  |TAMS 0x000000070e400000| PB 0x000000070e400000| Untracked 
| 115|0x000000070e600000, 0x000000070e600000, 0x000000070e800000|  0%| F|  |TAMS 0x000000070e600000| PB 0x000000070e600000| Untracked 
| 116|0x000000070e800000, 0x000000070e800000, 0x000000070ea00000|  0%| F|  |TAMS 0x000000070e800000| PB 0x000000070e800000| Untracked 
| 117|0x000000070ea00000, 0x000000070ea00000, 0x000000070ec00000|  0%| F|  |TAMS 0x000000070ea00000| PB 0x000000070ea00000| Untracked 
| 118|0x000000070ec00000, 0x000000070ec00000, 0x000000070ee00000|  0%| F|  |TAMS 0x000000070ec00000| PB 0x000000070ec00000| Untracked 
| 119|0x000000070ee00000, 0x000000070ee00000, 0x000000070f000000|  0%| F|  |TAMS 0x000000070ee00000| PB 0x000000070ee00000| Untracked 
| 120|0x000000070f000000, 0x000000070f000000, 0x000000070f200000|  0%| F|  |TAMS 0x000000070f000000| PB 0x000000070f000000| Untracked 
| 121|0x000000070f200000, 0x000000070f200000, 0x000000070f400000|  0%| F|  |TAMS 0x000000070f200000| PB 0x000000070f200000| Untracked 
| 122|0x000000070f400000, 0x000000070f400000, 0x000000070f600000|  0%| F|  |TAMS 0x000000070f400000| PB 0x000000070f400000| Untracked 
| 123|0x000000070f600000, 0x000000070f600000, 0x000000070f800000|  0%| F|  |TAMS 0x000000070f600000| PB 0x000000070f600000| Untracked 
| 124|0x000000070f800000, 0x000000070f800000, 0x000000070fa00000|  0%| F|  |TAMS 0x000000070f800000| PB 0x000000070f800000| Untracked 
| 125|0x000000070fa00000, 0x000000070fb8baa8, 0x000000070fc00000| 77%| E|  |TAMS 0x000000070fa00000| PB 0x000000070fa00000| Complete 
| 126|0x000000070fc00000, 0x000000070fe00000, 0x000000070fe00000|100%| E|CS|TAMS 0x000000070fc00000| PB 0x000000070fc00000| Complete 
| 127|0x000000070fe00000, 0x0000000710000000, 0x0000000710000000|100%| E|  |TAMS 0x000000070fe00000| PB 0x000000070fe00000| Complete 
| 128|0x0000000710000000, 0x0000000710200000, 0x0000000710200000|100%| E|CS|TAMS 0x0000000710000000| PB 0x0000000710000000| Complete 
| 129|0x0000000710200000, 0x0000000710400000, 0x0000000710400000|100%| E|CS|TAMS 0x0000000710200000| PB 0x0000000710200000| Complete 
| 130|0x0000000710400000, 0x0000000710600000, 0x0000000710600000|100%| E|CS|TAMS 0x0000000710400000| PB 0x0000000710400000| Complete 
| 131|0x0000000710600000, 0x0000000710800000, 0x0000000710800000|100%| E|CS|TAMS 0x0000000710600000| PB 0x0000000710600000| Complete 
| 132|0x0000000710800000, 0x0000000710a00000, 0x0000000710a00000|100%| E|CS|TAMS 0x0000000710800000| PB 0x0000000710800000| Complete 
| 133|0x0000000710a00000, 0x0000000710c00000, 0x0000000710c00000|100%| E|CS|TAMS 0x0000000710a00000| PB 0x0000000710a00000| Complete 
| 134|0x0000000710c00000, 0x0000000710e00000, 0x0000000710e00000|100%| E|CS|TAMS 0x0000000710c00000| PB 0x0000000710c00000| Complete 
| 135|0x0000000710e00000, 0x0000000711000000, 0x0000000711000000|100%| E|CS|TAMS 0x0000000710e00000| PB 0x0000000710e00000| Complete 
| 136|0x0000000711000000, 0x0000000711200000, 0x0000000711200000|100%| E|CS|TAMS 0x0000000711000000| PB 0x0000000711000000| Complete 
| 137|0x0000000711200000, 0x0000000711400000, 0x0000000711400000|100%| E|CS|TAMS 0x0000000711200000| PB 0x0000000711200000| Complete 
| 138|0x0000000711400000, 0x0000000711600000, 0x0000000711600000|100%| E|CS|TAMS 0x0000000711400000| PB 0x0000000711400000| Complete 
| 139|0x0000000711600000, 0x0000000711800000, 0x0000000711800000|100%| E|CS|TAMS 0x0000000711600000| PB 0x0000000711600000| Complete 
| 140|0x0000000711800000, 0x0000000711a00000, 0x0000000711a00000|100%| E|CS|TAMS 0x0000000711800000| PB 0x0000000711800000| Complete 
| 141|0x0000000711a00000, 0x0000000711c00000, 0x0000000711c00000|100%| E|CS|TAMS 0x0000000711a00000| PB 0x0000000711a00000| Complete 

Card table byte_map: [0x000002bf7bac0000,0x000002bf7c2c0000] _byte_map_base: 0x000002bf782c0000

Marking Bits: (CMBitMap*) 0x000002bf7b264570
 Bits: [0x000002bf17380000, 0x000002bf1b380000)

Polling page: 0x000002bf7a9c0000

Metaspace:

Usage:
  Non-class:      9.77 MB used.
      Class:      1.21 MB used.
       Both:     10.98 MB used.

Virtual space:
  Non-class space:       64.00 MB reserved,       9.88 MB ( 15%) committed,  1 nodes.
      Class space:        1.00 GB reserved,       1.25 MB ( <1%) committed,  1 nodes.
             Both:        1.06 GB reserved,      11.12 MB (  1%) committed. 

Chunk freelists:
   Non-Class:  5.64 MB
       Class:  14.75 MB
        Both:  20.39 MB

MaxMetaspaceSize: unlimited
CompressedClassSpaceSize: 1.00 GB
Initial GC threshold: 21.00 MB
Current GC threshold: 21.00 MB
CDS: on
 - commit_granule_bytes: 65536.
 - commit_granule_words: 8192.
 - virtual_space_node_default_size: 8388608.
 - enlarge_chunks_in_place: 1.
 - use_allocation_guard: 0.


Internal statistics:

num_allocs_failed_limit: 0.
num_arena_births: 108.
num_arena_deaths: 0.
num_vsnodes_births: 2.
num_vsnodes_deaths: 0.
num_space_committed: 178.
num_space_uncommitted: 0.
num_chunks_returned_to_freelist: 0.
num_chunks_taken_from_freelist: 304.
num_chunk_merges: 0.
num_chunk_splits: 198.
num_chunks_enlarged: 155.
num_inconsistent_stats: 0.

CodeHeap 'non-profiled nmethods': size=120000Kb used=947Kb max_used=947Kb free=119053Kb
 bounds [0x000002bf0fe50000, 0x000002bf100c0000, 0x000002bf17380000]
CodeHeap 'profiled nmethods': size=120000Kb used=3504Kb max_used=3504Kb free=116496Kb
 bounds [0x000002bf08380000, 0x000002bf086f0000, 0x000002bf0f8b0000]
CodeHeap 'non-nmethods': size=5760Kb used=1580Kb max_used=1596Kb free=4180Kb
 bounds [0x000002bf0f8b0000, 0x000002bf0fb20000, 0x000002bf0fe50000]
 total_blobs=2255 nmethods=1733 adapters=427
 compilation: enabled
              stopped_count=0, restarted_count=0
 full_count=0

Compilation events (20 events):
Event: 6.896 Thread 0x000002bf7e6a1500 nmethod 1724 0x000002bf086e8090 code [0x000002bf086e8340, 0x000002bf086e8c90]
Event: 6.896 Thread 0x000002bf7e6a1500 1725       3       sun.security.jca.GetInstance$Instance::<init> (15 bytes)
Event: 6.897 Thread 0x000002bf7e6a1500 nmethod 1725 0x000002bf086e9090 code [0x000002bf086e9240, 0x000002bf086e9478]
Event: 6.898 Thread 0x000002bf7e6a1500 1726       3       sun.security.jca.GetInstance::getInstance (28 bytes)
Event: 6.898 Thread 0x000002bf7e6a1500 nmethod 1726 0x000002bf086e9510 code [0x000002bf086e9700, 0x000002bf086e9b48]
Event: 6.901 Thread 0x000002bf7e695b20 1727       4       sun.net.www.ParseUtil::firstEncodeIndex (86 bytes)
Event: 6.904 Thread 0x000002bf7e695b20 nmethod 1727 0x000002bf0ff3a110 code [0x000002bf0ff3a2c0, 0x000002bf0ff3a510]
Event: 6.904 Thread 0x000002bf7e695b20 1728       4       java.util.LinkedHashMap::<init> (16 bytes)
Event: 6.905 Thread 0x000002bf7e695b20 nmethod 1728 0x000002bf0ff3a790 code [0x000002bf0ff3a920, 0x000002bf0ff3aa20]
Event: 6.909 Thread 0x000002bf7e6a1500 1729       3       jdk.internal.jimage.ImageLocation::verifyName (161 bytes)
Event: 6.909 Thread 0x000002bf7e695b20 1730       4       java.lang.StringBuilder::append (8 bytes)
Event: 6.911 Thread 0x000002bf7e6a1500 nmethod 1729 0x000002bf086e9d10 code [0x000002bf086ea060, 0x000002bf086eb6a0]
Event: 6.913 Thread 0x000002bf7e695b20 nmethod 1730 0x000002bf0ff3ab90 code [0x000002bf0ff3ad60, 0x000002bf0ff3b0b8]
Event: 6.926 Thread 0x000002bf7e695b20 1731   !   4       java.util.zip.Inflater::inflate (456 bytes)
Event: 6.929 Thread 0x000002bf7e695b20 nmethod 1731 0x000002bf0ff3b310 code [0x000002bf0ff3b4e0, 0x000002bf0ff3bab0]
Event: 6.932 Thread 0x000002bf7e695b20 1732       4       jdk.internal.util.ArraysSupport::newLength (27 bytes)
Event: 6.933 Thread 0x000002bf7e695b20 nmethod 1732 0x000002bf0ff3bf10 code [0x000002bf0ff3c0a0, 0x000002bf0ff3c140]
Event: 6.953 Thread 0x000002bf7e695b20 1733       4       java.util.ImmutableCollections$MapN::probe (60 bytes)
Event: 6.958 Thread 0x000002bf7e695b20 nmethod 1733 0x000002bf0ff3c210 code [0x000002bf0ff3c3e0, 0x000002bf0ff3c968]
Event: 6.986 Thread 0x000002bf7e695b20 1734   !   4       java.util.jar.Attributes::read (494 bytes)

GC Heap History (20 events):
Event: 0.658 GC heap before
{Heap before GC invocations=1 (full 0):
 garbage-first heap   total 131072K, used 29600K [0x0000000700000000, 0x0000000800000000)
  region size 2048K, 7 young (14336K), 1 survivors (2048K)
 Metaspace       used 482K, committed 640K, reserved 1114112K
  class space    used 27K, committed 128K, reserved 1048576K
}
Event: 0.666 GC heap after
{Heap after GC invocations=2 (full 0):
 garbage-first heap   total 131072K, used 22350K [0x0000000700000000, 0x0000000800000000)
  region size 2048K, 1 young (2048K), 1 survivors (2048K)
 Metaspace       used 482K, committed 640K, reserved 1114112K
  class space    used 27K, committed 128K, reserved 1048576K
}
Event: 1.105 GC heap before
{Heap before GC invocations=2 (full 0):
 garbage-first heap   total 131072K, used 69454K [0x0000000700000000, 0x0000000800000000)
  region size 2048K, 16 young (32768K), 1 survivors (2048K)
 Metaspace       used 530K, committed 704K, reserved 1114112K
  class space    used 32K, committed 128K, reserved 1048576K
}
Event: 1.129 GC heap after
{Heap after GC invocations=3 (full 0):
 garbage-first heap   total 131072K, used 50453K [0x0000000700000000, 0x0000000800000000)
  region size 2048K, 2 young (4096K), 2 survivors (4096K)
 Metaspace       used 530K, committed 704K, reserved 1114112K
  class space    used 32K, committed 128K, reserved 1048576K
}
Event: 1.644 GC heap before
{Heap before GC invocations=3 (full 0):
 garbage-first heap   total 131072K, used 68885K [0x0000000700000000, 0x0000000800000000)
  region size 2048K, 11 young (22528K), 2 survivors (4096K)
 Metaspace       used 1820K, committed 1984K, reserved 1114112K
  class space    used 166K, committed 256K, reserved 1048576K
}
Event: 1.658 GC heap after
{Heap after GC invocations=4 (full 0):
 garbage-first heap   total 131072K, used 61087K [0x0000000700000000, 0x0000000800000000)
  region size 2048K, 2 young (4096K), 2 survivors (4096K)
 Metaspace       used 1820K, committed 1984K, reserved 1114112K
  class space    used 166K, committed 256K, reserved 1048576K
}
Event: 2.012 GC heap before
{Heap before GC invocations=4 (full 0):
 garbage-first heap   total 131072K, used 75423K [0x0000000700000000, 0x0000000800000000)
  region size 2048K, 9 young (18432K), 2 survivors (4096K)
 Metaspace       used 1820K, committed 1984K, reserved 1114112K
  class space    used 166K, committed 256K, reserved 1048576K
}
Event: 2.036 GC heap after
{Heap after GC invocations=5 (full 0):
 garbage-first heap   total 131072K, used 70286K [0x0000000700000000, 0x0000000800000000)
  region size 2048K, 2 young (4096K), 2 survivors (4096K)
 Metaspace       used 1820K, committed 1984K, reserved 1114112K
  class space    used 166K, committed 256K, reserved 1048576K
}
Event: 2.613 GC heap before
{Heap before GC invocations=5 (full 0):
 garbage-first heap   total 131072K, used 80526K [0x0000000700000000, 0x0000000800000000)
  region size 2048K, 9 young (18432K), 2 survivors (4096K)
 Metaspace       used 2558K, committed 2752K, reserved 1114112K
  class space    used 233K, committed 320K, reserved 1048576K
}
Event: 2.631 GC heap after
{Heap after GC invocations=6 (full 0):
 garbage-first heap   total 188416K, used 82479K [0x0000000700000000, 0x0000000800000000)
  region size 2048K, 2 young (4096K), 2 survivors (4096K)
 Metaspace       used 2558K, committed 2752K, reserved 1114112K
  class space    used 233K, committed 320K, reserved 1048576K
}
Event: 2.743 GC heap before
{Heap before GC invocations=6 (full 0):
 garbage-first heap   total 188416K, used 90671K [0x0000000700000000, 0x0000000800000000)
  region size 2048K, 5 young (10240K), 2 survivors (4096K)
 Metaspace       used 2563K, committed 2752K, reserved 1114112K
  class space    used 235K, committed 320K, reserved 1048576K
}
Event: 2.751 GC heap after
{Heap after GC invocations=7 (full 0):
 garbage-first heap   total 188416K, used 86016K [0x0000000700000000, 0x0000000800000000)
  region size 2048K, 2 young (4096K), 2 survivors (4096K)
 Metaspace       used 2563K, committed 2752K, reserved 1114112K
  class space    used 235K, committed 320K, reserved 1048576K
}
Event: 3.380 GC heap before
{Heap before GC invocations=7 (full 0):
 garbage-first heap   total 188416K, used 126976K [0x0000000700000000, 0x0000000800000000)
  region size 2048K, 19 young (38912K), 2 survivors (4096K)
 Metaspace       used 2570K, committed 2752K, reserved 1114112K
  class space    used 235K, committed 320K, reserved 1048576K
}
Event: 3.409 GC heap after
{Heap after GC invocations=8 (full 0):
 garbage-first heap   total 188416K, used 111442K [0x0000000700000000, 0x0000000800000000)
  region size 2048K, 3 young (6144K), 3 survivors (6144K)
 Metaspace       used 2570K, committed 2752K, reserved 1114112K
  class space    used 235K, committed 320K, reserved 1048576K
}
Event: 3.450 GC heap before
{Heap before GC invocations=8 (full 0):
 garbage-first heap   total 188416K, used 115538K [0x0000000700000000, 0x0000000800000000)
  region size 2048K, 6 young (12288K), 3 survivors (6144K)
 Metaspace       used 2570K, committed 2752K, reserved 1114112K
  class space    used 235K, committed 320K, reserved 1048576K
}
Event: 3.462 GC heap after
{Heap after GC invocations=9 (full 0):
 garbage-first heap   total 188416K, used 116027K [0x0000000700000000, 0x0000000800000000)
  region size 2048K, 2 young (4096K), 2 survivors (4096K)
 Metaspace       used 2570K, committed 2752K, reserved 1114112K
  class space    used 235K, committed 320K, reserved 1048576K
}
Event: 3.830 GC heap before
{Heap before GC invocations=10 (full 0):
 garbage-first heap   total 192512K, used 134459K [0x0000000700000000, 0x0000000800000000)
  region size 2048K, 13 young (26624K), 2 survivors (4096K)
 Metaspace       used 2642K, committed 2816K, reserved 1114112K
  class space    used 244K, committed 320K, reserved 1048576K
}
Event: 3.842 GC heap after
{Heap after GC invocations=11 (full 0):
 garbage-first heap   total 192512K, used 114688K [0x0000000700000000, 0x0000000800000000)
  region size 2048K, 2 young (4096K), 2 survivors (4096K)
 Metaspace       used 2642K, committed 2816K, reserved 1114112K
  class space    used 244K, committed 320K, reserved 1048576K
}
Event: 4.297 GC heap before
{Heap before GC invocations=11 (full 0):
 garbage-first heap   total 192512K, used 139264K [0x0000000700000000, 0x0000000800000000)
  region size 2048K, 15 young (30720K), 2 survivors (4096K)
 Metaspace       used 2669K, committed 2880K, reserved 1114112K
  class space    used 244K, committed 320K, reserved 1048576K
}
Event: 4.318 GC heap after
{Heap after GC invocations=12 (full 0):
 garbage-first heap   total 290816K, used 114225K [0x0000000700000000, 0x0000000800000000)
  region size 2048K, 2 young (4096K), 2 survivors (4096K)
 Metaspace       used 2669K, committed 2880K, reserved 1114112K
  class space    used 244K, committed 320K, reserved 1048576K
}

Dll operation events (13 events):
Event: 0.023 Loaded shared library C:\Users\bolly\.jdks\openjdk-21.0.1\bin\java.dll
Event: 0.068 Loaded shared library C:\Users\bolly\.jdks\openjdk-21.0.1\bin\jsvml.dll
Event: 0.167 Loaded shared library C:\Users\bolly\.jdks\openjdk-21.0.1\bin\zip.dll
Event: 0.185 Loaded shared library C:\Users\bolly\.jdks\openjdk-21.0.1\bin\instrument.dll
Event: 0.194 Loaded shared library C:\Users\bolly\.jdks\openjdk-21.0.1\bin\net.dll
Event: 0.196 Loaded shared library C:\Users\bolly\.jdks\openjdk-21.0.1\bin\nio.dll
Event: 0.202 Loaded shared library C:\Users\bolly\.jdks\openjdk-21.0.1\bin\zip.dll
Event: 2.271 Loaded shared library C:\Users\bolly\.jdks\openjdk-21.0.1\bin\jimage.dll
Event: 4.381 Loaded shared library C:\Users\bolly\.jdks\openjdk-21.0.1\bin\verify.dll
Event: 5.627 Loaded shared library C:\Users\bolly\.jdks\openjdk-21.0.1\bin\management.dll
Event: 5.635 Loaded shared library C:\Users\bolly\.jdks\openjdk-21.0.1\bin\management_ext.dll
Event: 6.762 Loaded shared library C:\Users\bolly\.jdks\openjdk-21.0.1\bin\sunmscapi.dll
Event: 6.831 Loaded shared library C:\Users\bolly\.jdks\openjdk-21.0.1\bin\extnet.dll

Deoptimization events (20 events):
Event: 6.649 Thread 0x000002bf78f91e60 DEOPT PACKING pc=0x000002bf0ff03dd4 sp=0x000000c1841fba50
Event: 6.649 Thread 0x000002bf78f91e60 DEOPT UNPACKING pc=0x000002bf0f907da2 sp=0x000000c1841fba08 mode 2
Event: 6.649 Thread 0x000002bf78f91e60 Uncommon trap: trap_request=0xffffffde fr.pc=0x000002bf0ff03dd4 relative=0x00000000000002f4
Event: 6.649 Thread 0x000002bf78f91e60 Uncommon trap: reason=class_check action=maybe_recompile pc=0x000002bf0ff03dd4 method=java.util.regex.Pattern$BmpCharPropertyGreedy.match(Ljava/util/regex/Matcher;ILjava/lang/CharSequence;)Z @ 26 c2
Event: 6.649 Thread 0x000002bf78f91e60 DEOPT PACKING pc=0x000002bf0ff03dd4 sp=0x000000c1841fba50
Event: 6.649 Thread 0x000002bf78f91e60 DEOPT UNPACKING pc=0x000002bf0f907da2 sp=0x000000c1841fba08 mode 2
Event: 6.649 Thread 0x000002bf78f91e60 Uncommon trap: trap_request=0xffffffde fr.pc=0x000002bf0ff03dd4 relative=0x00000000000002f4
Event: 6.649 Thread 0x000002bf78f91e60 Uncommon trap: reason=class_check action=maybe_recompile pc=0x000002bf0ff03dd4 method=java.util.regex.Pattern$BmpCharPropertyGreedy.match(Ljava/util/regex/Matcher;ILjava/lang/CharSequence;)Z @ 26 c2
Event: 6.649 Thread 0x000002bf78f91e60 DEOPT PACKING pc=0x000002bf0ff03dd4 sp=0x000000c1841fba50
Event: 6.649 Thread 0x000002bf78f91e60 DEOPT UNPACKING pc=0x000002bf0f907da2 sp=0x000000c1841fba08 mode 2
Event: 6.753 Thread 0x000002bf78f91e60 Uncommon trap: trap_request=0xffffffde fr.pc=0x000002bf0ff29de4 relative=0x00000000000010e4
Event: 6.753 Thread 0x000002bf78f91e60 Uncommon trap: reason=class_check action=maybe_recompile pc=0x000002bf0ff29de4 method=java.util.HashMap.computeIfAbsent(Ljava/lang/Object;Ljava/util/function/Function;)Ljava/lang/Object; @ 142 c2
Event: 6.753 Thread 0x000002bf78f91e60 DEOPT PACKING pc=0x000002bf0ff29de4 sp=0x000000c1841f9980
Event: 6.753 Thread 0x000002bf78f91e60 DEOPT UNPACKING pc=0x000002bf0f907da2 sp=0x000000c1841f9958 mode 2
Event: 6.753 Thread 0x000002bf78f91e60 Uncommon trap: trap_request=0xffffffde fr.pc=0x000002bf0ff29de4 relative=0x00000000000010e4
Event: 6.753 Thread 0x000002bf78f91e60 Uncommon trap: reason=class_check action=maybe_recompile pc=0x000002bf0ff29de4 method=java.util.HashMap.computeIfAbsent(Ljava/lang/Object;Ljava/util/function/Function;)Ljava/lang/Object; @ 142 c2
Event: 6.753 Thread 0x000002bf78f91e60 DEOPT PACKING pc=0x000002bf0ff29de4 sp=0x000000c1841f9980
Event: 6.753 Thread 0x000002bf78f91e60 DEOPT UNPACKING pc=0x000002bf0f907da2 sp=0x000000c1841f9958 mode 2
Event: 6.854 Thread 0x000002bf78f91e60 DEOPT PACKING pc=0x000002bf0858a888 sp=0x000000c1841f5470
Event: 6.854 Thread 0x000002bf78f91e60 DEOPT UNPACKING pc=0x000002bf0f9088e2 sp=0x000000c1841f48e8 mode 0

Classes loaded (20 events):
Event: 6.904 Loading class io/grpc/ServiceProviders$PriorityAccessor
Event: 6.904 Loading class io/grpc/ServiceProviders$PriorityAccessor done
Event: 6.905 Loading class io/grpc/NameResolverRegistry$NameResolverFactory
Event: 6.905 Loading class io/grpc/NameResolverRegistry$NameResolverFactory done
Event: 6.905 Loading class io/grpc/NameResolverProvider
Event: 6.905 Loading class io/grpc/NameResolverProvider done
Event: 6.906 Loading class io/grpc/internal/DnsNameResolverProvider
Event: 6.906 Loading class io/grpc/internal/DnsNameResolverProvider done
Event: 6.906 Loading class io/grpc/NameResolver
Event: 6.906 Loading class io/grpc/NameResolver done
Event: 6.906 Loading class io/grpc/internal/DnsNameResolver
Event: 6.906 Loading class io/grpc/internal/DnsNameResolver done
Event: 6.908 Loading class io/grpc/NameResolverRegistry$NameResolverPriorityAccessor
Event: 6.908 Loading class io/grpc/NameResolverRegistry$NameResolverPriorityAccessor done
Event: 6.908 Loading class io/grpc/ServiceProviders
Event: 6.908 Loading class io/grpc/ServiceProviders done
Event: 6.909 Loading class java/util/ServiceConfigurationError
Event: 6.909 Loading class java/util/ServiceConfigurationError done
Event: 6.909 Loading class android/app/Application
Event: 6.909 Loading class android/app/Application done

Classes unloaded (0 events):
No events

Classes redefined (0 events):
No events

Internal exceptions (20 events):
Event: 5.284 Thread 0x000002bf78f91e60 Exception <a 'java/lang/NoSuchMethodError'{0x00000007112556a0}: 'org.slf4j.impl.StaticMarkerBinder org.slf4j.impl.StaticMarkerBinder.getSingleton()'> (0x00000007112556a0) 
thrown [s\open\src\hotspot\share\interpreter\linkResolver.cpp, line 773]
Event: 5.344 Thread 0x000002bf78f91e60 Exception <a 'java/lang/NoSuchMethodError'{0x000000071125db90}: 'void java.lang.invoke.DirectMethodHandle$Holder.invokeStatic(java.lang.Object, java.lang.Object)'> (0x000000071125db90) 
thrown [s\open\src\hotspot\share\interpreter\linkResolver.cpp, line 773]
Event: 5.345 Thread 0x000002bf78f91e60 Exception <a 'java/lang/NoSuchMethodError'{0x0000000711261108}: 'void java.lang.invoke.DirectMethodHandle$Holder.invokeSpecial(java.lang.Object, java.lang.Object, java.lang.Object)'> (0x0000000711261108) 
thrown [s\open\src\hotspot\share\interpreter\linkResolver.cpp, line 773]
Event: 5.354 Thread 0x000002bf78f91e60 Exception <a 'java/lang/NoSuchMethodError'{0x000000071127a800}: 'org.slf4j.impl.StaticMDCBinder org.slf4j.impl.StaticMDCBinder.getSingleton()'> (0x000000071127a800) 
thrown [s\open\src\hotspot\share\interpreter\linkResolver.cpp, line 773]
Event: 5.381 Thread 0x000002bf78f91e60 Implicit null exception at 0x000002bf0fef6d22 to 0x000002bf0fef7080
Event: 5.586 Thread 0x000002bf78f91e60 Exception <a 'java/lang/NoSuchMethodError'{0x0000000711298be0}: 'long java.lang.invoke.DirectMethodHandle$Holder.invokeSpecial(java.lang.Object, java.lang.Object)'> (0x0000000711298be0) 
thrown [s\open\src\hotspot\share\interpreter\linkResolver.cpp, line 773]
Event: 5.586 Thread 0x000002bf78f91e60 Exception <a 'java/lang/NoSuchMethodError'{0x000000071129c110}: 'long java.lang.invoke.Invokers$Holder.invokeExact_MT(java.lang.Object, java.lang.Object)'> (0x000000071129c110) 
thrown [s\open\src\hotspot\share\interpreter\linkResolver.cpp, line 773]
Event: 5.642 Thread 0x000002bf78f91e60 Exception <a 'java/lang/NoSuchMethodError'{0x00000007113069b0}: 'int java.lang.invoke.DirectMethodHandle$Holder.invokeSpecial(java.lang.Object, java.lang.Object, java.lang.Object)'> (0x00000007113069b0) 
thrown [s\open\src\hotspot\share\interpreter\linkResolver.cpp, line 773]
Event: 5.743 Thread 0x000002bf78f91e60 Implicit null exception at 0x000002bf0feab9e6 to 0x000002bf0feaba8a
Event: 5.743 Thread 0x000002bf78f91e60 Implicit null exception at 0x000002bf0fe94c3d to 0x000002bf0fe94cc1
Event: 5.874 Thread 0x000002bf78f91e60 Exception <a 'java/lang/NoSuchMethodError'{0x0000000710f22a78}: 'void java.lang.invoke.DelegatingMethodHandle$Holder.reinvoke_L(java.lang.Object, java.lang.Object, int)'> (0x0000000710f22a78) 
thrown [s\open\src\hotspot\share\interpreter\linkResolver.cpp, line 773]
Event: 5.875 Thread 0x000002bf78f91e60 Exception <a 'java/lang/NoSuchMethodError'{0x0000000710f29338}: 'int java.lang.invoke.Invokers$Holder.invokeExact_MT(java.lang.Object, java.lang.Object, java.lang.Object)'> (0x0000000710f29338) 
thrown [s\open\src\hotspot\share\interpreter\linkResolver.cpp, line 773]
Event: 5.885 Thread 0x000002bf78f91e60 Implicit null exception at 0x000002bf0fef7a22 to 0x000002bf0fef7d80
Event: 6.649 Thread 0x000002bf78f91e60 Exception <a 'java/lang/NoSuchMethodError'{0x0000000710cb4ca8}: 'java.lang.Object java.lang.invoke.DirectMethodHandle$Holder.invokeInterface(java.lang.Object, java.lang.Object)'> (0x0000000710cb4ca8) 
thrown [s\open\src\hotspot\share\interpreter\linkResolver.cpp, line 773]
Event: 6.726 Thread 0x000002bf78f91e60 Exception <a 'java/lang/NoSuchMethodError'{0x0000000710a334e0}: 'java.lang.Object java.lang.invoke.DirectMethodHandle$Holder.invokeStaticInit(java.lang.Object, int, int, int, int)'> (0x0000000710a334e0) 
thrown [s\open\src\hotspot\share\interpreter\linkResolver.cpp, line 773]
Event: 6.822 Thread 0x000002bf78f91e60 Exception <a 'java/lang/NoSuchMethodError'{0x0000000710b94068}: 'java.lang.Object java.lang.invoke.DirectMethodHandle$Holder.invokeStaticInit(java.lang.Object, java.lang.Object, int, int, int, int)'> (0x0000000710b94068) 
thrown [s\open\src\hotspot\share\interpreter\linkResolver.cpp, line 773]
Event: 6.843 Thread 0x000002bf78f91e60 Exception <a 'java/lang/UnsatisfiedLinkError'{0x0000000710bd07d8}: 'int io.grpc.netty.shaded.io.netty.channel.epoll.Native.offsetofEpollData()'> (0x0000000710bd07d8) 
thrown [s\open\src\hotspot\share\prims\nativeLookup.cpp, line 415]
Event: 6.844 Thread 0x000002bf78f91e60 Exception <a 'java/lang/ExceptionInInitializerError'{0x0000000710bd2d50}> (0x0000000710bd2d50) 
thrown [s\open\src\hotspot\share\oops\instanceKlass.cpp, line 1185]
Event: 6.844 Thread 0x000002bf78f91e60 Exception <a 'java/lang/NoSuchMethodError'{0x0000000710bd3948}: 'int java.lang.invoke.DirectMethodHandle$Holder.invokeStatic(java.lang.Object)'> (0x0000000710bd3948) 
thrown [s\open\src\hotspot\share\interpreter\linkResolver.cpp, line 773]
Event: 6.845 Thread 0x000002bf78f91e60 Exception <a 'java/lang/NoSuchMethodError'{0x0000000710bd6e08}: 'int java.lang.invoke.DelegatingMethodHandle$Holder.reinvoke_L(java.lang.Object)'> (0x0000000710bd6e08) 
thrown [s\open\src\hotspot\share\interpreter\linkResolver.cpp, line 773]

ZGC Phase Switch (0 events):
No events

VM Operations (20 events):
Event: 4.436 Executing VM operation: HandshakeAllThreads (Deoptimize)
Event: 4.436 Executing VM operation: HandshakeAllThreads (Deoptimize) done
Event: 4.924 Executing VM operation: HandshakeAllThreads (Deoptimize)
Event: 4.924 Executing VM operation: HandshakeAllThreads (Deoptimize) done
Event: 5.074 Executing VM operation: HandshakeAllThreads (Deoptimize)
Event: 5.074 Executing VM operation: HandshakeAllThreads (Deoptimize) done
Event: 5.582 Executing VM operation: HandshakeAllThreads (Deoptimize)
Event: 5.582 Executing VM operation: HandshakeAllThreads (Deoptimize) done
Event: 5.582 Executing VM operation: Cleanup
Event: 5.582 Executing VM operation: Cleanup done
Event: 5.716 Executing VM operation: HandshakeAllThreads (Deoptimize)
Event: 5.716 Executing VM operation: HandshakeAllThreads (Deoptimize) done
Event: 6.143 Executing VM operation: HandshakeAllThreads (Deoptimize)
Event: 6.143 Executing VM operation: HandshakeAllThreads (Deoptimize) done
Event: 6.733 Executing VM operation: HandshakeAllThreads (Deoptimize)
Event: 6.733 Executing VM operation: HandshakeAllThreads (Deoptimize) done
Event: 6.733 Executing VM operation: Cleanup
Event: 6.733 Executing VM operation: Cleanup done
Event: 6.784 Executing VM operation: HandshakeAllThreads (Deoptimize)
Event: 6.784 Executing VM operation: HandshakeAllThreads (Deoptimize) done

Events (14 events):
Event: 0.043 Thread 0x000002bf78f91e60 Thread added: 0x000002bf78f91e60
Event: 0.065 Thread 0x000002bf7e688c80 Thread added: 0x000002bf7e688c80
Event: 0.065 Thread 0x000002bf7e689ba0 Thread added: 0x000002bf7e689ba0
Event: 0.066 Thread 0x000002bf7e68d990 Thread added: 0x000002bf7e68d990
Event: 0.066 Thread 0x000002bf7e691e10 Thread added: 0x000002bf7e691e10
Event: 0.066 Thread 0x000002bf7e693100 Thread added: 0x000002bf7e693100
Event: 0.066 Thread 0x000002bf7e693d80 Thread added: 0x000002bf7e693d80
Event: 0.066 Thread 0x000002bf7e695b20 Thread added: 0x000002bf7e695b20
Event: 0.066 Thread 0x000002bf7e6a1500 Thread added: 0x000002bf7e6a1500
Event: 0.113 Thread 0x000002bf7e653960 Thread added: 0x000002bf7e653960
Event: 0.223 Thread 0x000002bf1b76e760 Thread added: 0x000002bf1b76e760
Event: 0.301 Thread 0x000002bf1b7713a0 Thread added: 0x000002bf1b7713a0
Event: 0.846 Thread 0x000002bf1b7713a0 Thread exited: 0x000002bf1b7713a0
Event: 4.763 Thread 0x000002bf612e8950 Thread added: 0x000002bf612e8950


Dynamic libraries:
0x00007ff6125a0000 - 0x00007ff6125ae000 	C:\Users\bolly\.jdks\openjdk-21.0.1\bin\java.exe
0x00007fffb6c50000 - 0x00007fffb6e67000 	C:\WINDOWS\SYSTEM32\ntdll.dll
0x00007fffb5610000 - 0x00007fffb56d4000 	C:\WINDOWS\System32\KERNEL32.DLL
0x00007fffb4510000 - 0x00007fffb48bd000 	C:\WINDOWS\System32\KERNELBASE.dll
0x00007fffb43f0000 - 0x00007fffb4501000 	C:\WINDOWS\System32\ucrtbase.dll
0x00007fffa6330000 - 0x00007fffa6348000 	C:\Users\bolly\.jdks\openjdk-21.0.1\bin\jli.dll
0x00007fffa6310000 - 0x00007fffa632b000 	C:\Users\bolly\.jdks\openjdk-21.0.1\bin\VCRUNTIME140.dll
0x00007fffb4c60000 - 0x00007fffb4e0e000 	C:\WINDOWS\System32\USER32.dll
0x00007fffb3f70000 - 0x00007fffb3f96000 	C:\WINDOWS\System32\win32u.dll
0x00007fffb4980000 - 0x00007fffb49a9000 	C:\WINDOWS\System32\GDI32.dll
0x00007fffb4230000 - 0x00007fffb4349000 	C:\WINDOWS\System32\gdi32full.dll
0x00007fffb4350000 - 0x00007fffb43ea000 	C:\WINDOWS\System32\msvcp_win.dll
0x00007fff960a0000 - 0x00007fff96333000 	C:\WINDOWS\WinSxS\amd64_microsoft.windows.common-controls_6595b64144ccf1df_6.0.22621.3672_none_2713b9d173822955\COMCTL32.dll
0x00007fffb4fd0000 - 0x00007fffb5077000 	C:\WINDOWS\System32\msvcrt.dll
0x00007fffb4ac0000 - 0x00007fffb4af1000 	C:\WINDOWS\System32\IMM32.DLL
0x00007fffa6ca0000 - 0x00007fffa6cac000 	C:\Users\bolly\.jdks\openjdk-21.0.1\bin\vcruntime140_1.dll
0x00007fff937d0000 - 0x00007fff9385e000 	C:\Users\bolly\.jdks\openjdk-21.0.1\bin\msvcp140.dll
0x00007fff43490000 - 0x00007fff441a5000 	C:\Users\bolly\.jdks\openjdk-21.0.1\bin\server\jvm.dll
0x00007fffb5f70000 - 0x00007fffb6022000 	C:\WINDOWS\System32\ADVAPI32.dll
0x00007fffb5d60000 - 0x00007fffb5e09000 	C:\WINDOWS\System32\sechost.dll
0x00007fffb4180000 - 0x00007fffb41a8000 	C:\WINDOWS\System32\bcrypt.dll
0x00007fffb6270000 - 0x00007fffb6384000 	C:\WINDOWS\System32\RPCRT4.dll
0x00007fffb56e0000 - 0x00007fffb5751000 	C:\WINDOWS\System32\WS2_32.dll
0x00007fffb3e30000 - 0x00007fffb3e7d000 	C:\WINDOWS\SYSTEM32\POWRPROF.dll
0x00007fffa9b40000 - 0x00007fffa9b74000 	C:\WINDOWS\SYSTEM32\WINMM.dll
0x00007fffa9450000 - 0x00007fffa945a000 	C:\WINDOWS\SYSTEM32\VERSION.dll
0x00007fffb3c60000 - 0x00007fffb3c73000 	C:\WINDOWS\SYSTEM32\UMPDC.dll
0x00007fffb2fa0000 - 0x00007fffb2fb8000 	C:\WINDOWS\SYSTEM32\kernel.appcore.dll
0x00007fffa63e0000 - 0x00007fffa63ea000 	C:\Users\bolly\.jdks\openjdk-21.0.1\bin\jimage.dll
0x00007fffb0e00000 - 0x00007fffb1032000 	C:\WINDOWS\SYSTEM32\DBGHELP.DLL
0x00007fffb5880000 - 0x00007fffb5c0d000 	C:\WINDOWS\System32\combase.dll
0x00007fffb49e0000 - 0x00007fffb4ab7000 	C:\WINDOWS\System32\OLEAUT32.dll
0x00007fffa9100000 - 0x00007fffa9132000 	C:\WINDOWS\SYSTEM32\dbgcore.DLL
0x00007fffb41b0000 - 0x00007fffb422b000 	C:\WINDOWS\System32\bcryptPrimitives.dll
0x00007fffa6c20000 - 0x00007fffa6c2f000 	C:\Users\bolly\.jdks\openjdk-21.0.1\bin\instrument.dll
0x00007fffa6280000 - 0x00007fffa629f000 	C:\Users\bolly\.jdks\openjdk-21.0.1\bin\java.dll
0x00007fffb6390000 - 0x00007fffb6bf8000 	C:\WINDOWS\System32\SHELL32.dll
0x00007fffb1ec0000 - 0x00007fffb27be000 	C:\WINDOWS\SYSTEM32\windows.storage.dll
0x00007fffb1d80000 - 0x00007fffb1ebf000 	C:\WINDOWS\SYSTEM32\wintypes.dll
0x00007fffb5760000 - 0x00007fffb5859000 	C:\WINDOWS\System32\SHCORE.dll
0x00007fffb5080000 - 0x00007fffb50de000 	C:\WINDOWS\System32\shlwapi.dll
0x00007fffb3ea0000 - 0x00007fffb3ec1000 	C:\WINDOWS\SYSTEM32\profapi.dll
0x00007fff8c6b0000 - 0x00007fff8c787000 	C:\Users\bolly\.jdks\openjdk-21.0.1\bin\jsvml.dll
0x00007fffa4fd0000 - 0x00007fffa4fe8000 	C:\Users\bolly\.jdks\openjdk-21.0.1\bin\zip.dll
0x00007fffa6370000 - 0x00007fffa6380000 	C:\Users\bolly\.jdks\openjdk-21.0.1\bin\net.dll
0x00007fffadb50000 - 0x00007fffadc86000 	C:\WINDOWS\SYSTEM32\WINHTTP.dll
0x00007fffb3410000 - 0x00007fffb3479000 	C:\WINDOWS\system32\mswsock.dll
0x00007fffa5d20000 - 0x00007fffa5d36000 	C:\Users\bolly\.jdks\openjdk-21.0.1\bin\nio.dll
0x00007fffa4ea0000 - 0x00007fffa4eb0000 	C:\Users\bolly\.jdks\openjdk-21.0.1\bin\verify.dll
0x00007fffada20000 - 0x00007fffada2a000 	C:\Users\bolly\.jdks\openjdk-21.0.1\bin\management.dll
0x00007fffaa7f0000 - 0x00007fffaa7fb000 	C:\Users\bolly\.jdks\openjdk-21.0.1\bin\management_ext.dll
0x00007fffb60b0000 - 0x00007fffb60b8000 	C:\WINDOWS\System32\PSAPI.DLL
0x00007fffb2a10000 - 0x00007fffb2a3d000 	C:\WINDOWS\SYSTEM32\IPHLPAPI.DLL
0x00007fffb5d50000 - 0x00007fffb5d59000 	C:\WINDOWS\System32\NSI.dll
0x00007fffaa550000 - 0x00007fffaa55e000 	C:\Users\bolly\.jdks\openjdk-21.0.1\bin\sunmscapi.dll
0x00007fffb3fa0000 - 0x00007fffb4107000 	C:\WINDOWS\System32\CRYPT32.dll
0x00007fffb3830000 - 0x00007fffb385e000 	C:\WINDOWS\SYSTEM32\ncrypt.dll
0x00007fffb37f0000 - 0x00007fffb3827000 	C:\WINDOWS\SYSTEM32\NTASN1.dll
0x00007fffaa0f0000 - 0x00007fffaa0f8000 	C:\WINDOWS\system32\wshunix.dll
0x00007fffb3670000 - 0x00007fffb368b000 	C:\WINDOWS\SYSTEM32\CRYPTSP.dll
0x00007fffb2f00000 - 0x00007fffb2f35000 	C:\WINDOWS\system32\rsaenh.dll
0x00007fffb3510000 - 0x00007fffb3538000 	C:\WINDOWS\SYSTEM32\USERENV.dll
0x00007fffb3690000 - 0x00007fffb369c000 	C:\WINDOWS\SYSTEM32\CRYPTBASE.dll
0x00007fffa62c0000 - 0x00007fffa62c7000 	C:\Users\bolly\.jdks\openjdk-21.0.1\bin\extnet.dll

dbghelp: loaded successfully - version: 4.0.5 - missing functions: none
symbol engine: initialized successfully - sym options: 0x614 - pdb path: .;C:\Users\bolly\.jdks\openjdk-21.0.1\bin;C:\WINDOWS\SYSTEM32;C:\WINDOWS\WinSxS\amd64_microsoft.windows.common-controls_6595b64144ccf1df_6.0.22621.3672_none_2713b9d173822955;C:\Users\bolly\.jdks\openjdk-21.0.1\bin\server

VM Arguments:
jvm_args: -Djava.security.manager=allow -XX:+IgnoreUnrecognizedVMOptions -Xms128m -Xmx2048m -Dsun.io.useCanonCaches=false -Dsun.java2d.metal=true -Djbr.catch.SIGABRT=true -Djdk.http.auth.tunneling.disabledSchemes="" -Djdk.attach.allowAttachSelf=true -Djdk.module.illegalAccess.silent=true -Dkotlinx.coroutines.debug=off -Xmx4096m -Djna.boot.library.path=C:\Program Files\JetBrains\IntelliJ IDEA 2023.3.4/lib/jna/amd64 -Dpty4j.preferred.native.folder=C:\Program Files\JetBrains\IntelliJ IDEA 2023.3.4/lib/pty4j -Djna.nosys=true -Djna.noclasspath=true -Dintellij.platform.runtime.repository.path=C:\Program Files\JetBrains\IntelliJ IDEA 2023.3.4/modules/module-descriptors.jar -Dsplash=true -Daether.connector.resumeDownloads=false -Dide.native.launcher=true -Djcef.sandbox.ptr=000001BB1D33FCE0 -ea -javaagent:C:\Users\bolly\AppData\Roaming\JetBrains\IntelliJIdea2023.3\plugins\diffblue-cover-ij\lib\launcher-2024.08.01-shared-jar.jar -Dlogback.configurationFile=C:\Users\bolly\AppData\Local\Temp\diffblue\config\logback-remote-service.xml -Dcom.diffblue.springIsolationJar=C:\Users\bolly\AppData\Roaming\JetBrains\IntelliJIdea2023.3\plugins\diffblue-cover-ij\META-INF\cover-isolation-layer-2024.08.01.jar -Dcover.jar.path=C:\Users\bolly\AppData\Roaming\JetBrains\IntelliJIdea2023.3\plugins\diffblue-cover-ij\META-INF\cover-service-analyzer-2024.08.01.jar -Dcom.diffblue.assertionSuggestionJar=C:\Users\bolly\AppData\Roaming\JetBrains\IntelliJIdea2023.3\plugins\diffblue-cover-ij\META-INF\cover-service-analyzer-2024.08.01.jar -Dcover.main.class=com.diffblue.cover.service.analyzer.Main 
java_command: C:\Users\bolly\AppData\Roaming\JetBrains\IntelliJIdea2023.3\plugins\diffblue-cover-ij\lib\launcher-2024.08.01-shared-jar.jar --service-lifespan 1800 --monitoring-service-port 63220 --debug-log
java_class_path (initial): C:\Users\bolly\AppData\Roaming\JetBrains\IntelliJIdea2023.3\plugins\diffblue-cover-ij\lib\launcher-2024.08.01-shared-jar.jar
Launcher Type: SUN_STANDARD

[Global flags]
     intx CICompilerCount                          = 3                                         {product} {ergonomic}
     uint ConcGCThreads                            = 1                                         {product} {ergonomic}
     uint G1ConcRefinementThreads                  = 4                                         {product} {ergonomic}
   size_t G1HeapRegionSize                         = 2097152                                   {product} {ergonomic}
    uintx GCDrainStackTargetSize                   = 64                                        {product} {ergonomic}
     bool IgnoreUnrecognizedVMOptions              = true                                      {product} {command line}
   size_t InitialHeapSize                          = 134217728                                 {product} {command line}
   size_t MarkStackSize                            = 4194304                                   {product} {ergonomic}
   size_t MaxHeapSize                              = 4294967296                                {product} {command line}
   size_t MaxNewSize                               = 2575302656                                {product} {ergonomic}
   size_t MinHeapDeltaBytes                        = 2097152                                   {product} {ergonomic}
   size_t MinHeapSize                              = 134217728                                 {product} {command line}
    uintx NonNMethodCodeHeapSize                   = 5832780                                {pd product} {ergonomic}
    uintx NonProfiledCodeHeapSize                  = 122912730                              {pd product} {ergonomic}
    uintx ProfiledCodeHeapSize                     = 122912730                              {pd product} {ergonomic}
    uintx ReservedCodeCacheSize                    = 251658240                              {pd product} {ergonomic}
     bool SegmentedCodeCache                       = true                                      {product} {ergonomic}
   size_t SoftMaxHeapSize                          = 4294967296                             {manageable} {ergonomic}
     bool UseCompressedOops                        = true                           {product lp64_product} {ergonomic}
     bool UseG1GC                                  = true                                      {product} {ergonomic}
     bool UseLargePagesIndividualAllocation        = false                                  {pd product} {ergonomic}

Logging:
Log output configuration:
 #0: stdout all=warning uptime,level,tags foldmultilines=false
 #1: stderr all=off uptime,level,tags foldmultilines=false

Environment Variables:
JAVA_HOME=C:\Program Files\Java\jdk-21
PATH=C:\Program Files (x86)\Common Files\Oracle\Java\javapath;C:\WINDOWS\system32;C:\WINDOWS;C:\WINDOWS\System32\Wbem;C:\WINDOWS\System32\WindowsPowerShell\v1.0\;C:\WINDOWS\System32\OpenSSH\;C:\Program Files\dotnet\;C:\ProgramData\chocolatey\bin;C:\Program Files\nodejs\;C:\Program Files\Git\cmd;C:\Users\bolly\AppData\Local\Microsoft\WindowsApps;C:\Users\bolly\AppData\Local\Programs\Microsoft VS Code\bin;C:\Users\bolly\AppData\Roaming\npm;C:\Program Files\JetBrains\IntelliJ IDEA 2023.3.4\bin;;C:\Users\bolly\AppData\Local\Android\Sdk\platform-tools;
USERNAME=bolly
OS=Windows_NT
PROCESSOR_IDENTIFIER=Intel64 Family 6 Model 140 Stepping 1, GenuineIntel
TMP=C:\Users\bolly\AppData\Local\Temp
TEMP=C:\Users\bolly\AppData\Local\Temp




Periodic native trim disabled

---------------  S Y S T E M  ---------------

OS:
 Windows 11 , 64 bit Build 22621 (10.0.22621.3958)
OS uptime: 12 days 6:09 hours

CPU: total 4 (initial active 4) (2 cores per cpu, 2 threads per core) family 6 model 140 stepping 1 microcode 0xb4, cx8, cmov, fxsr, ht, mmx, 3dnowpref, sse, sse2, sse3, ssse3, sse4.1, sse4.2, popcnt, lzcnt, tsc, tscinvbit, avx, avx2, aes, erms, clmul, bmi1, bmi2, adx, avx512f, avx512dq, avx512cd, avx512bw, avx512vl, sha, fma, vzeroupper, avx512_vpopcntdq, avx512_vpclmulqdq, avx512_vaes, avx512_vnni, clflush, clflushopt, clwb, avx512_vbmi2, avx512_vbmi, rdtscp, rdpid, fsrm, gfni, avx512_bitalg, f16c, pku, cet_ibt, cet_ss, avx512_ifma
Processor Information for all 4 processors :
  Max Mhz: 2901, Current Mhz: 2901, Mhz Limit: 2901

Memory: 4k page, system-wide physical 7834M (547M free)
TotalPageFile size 31386M (AvailPageFile size 2M)
current process WorkingSet (physical memory assigned to process): 273M, peak: 273M
current process commit charge ("private bytes"): 381M, peak: 382M

vm_info: OpenJDK 64-Bit Server VM (21.0.1+12-29) for windows-amd64 JRE (21.0.1+12-29), built on 2023-10-05T13:27:09Z by "mach5one" with MS VC++ 17.1 (VS2022)

END.
